CRITICAL - 2025-05-30 13:19:31 --> ErrorException: Undefined array key "idturno"
[Method: POST, Route: autenticar]
in APPPATH\Controllers\Auth.php on line 59.
 1 APPPATH\Controllers\Auth.php(59): CodeIgniter\Debug\Exceptions->errorHandler(2, 'Undefined array key "idturno"', 'C:\\xampp\\htdocs\\juanxiomaram2024\\tesina2025\\app\\Controllers\\Auth.php', 59)
 2 SYSTEMPATH\CodeIgniter.php(933): App\Controllers\Auth->autenticar()
 3 SYSTEMPATH\CodeIgniter.php(509): CodeIgniter\CodeIgniter->runController(Object(App\Controllers\Auth))
 4 SYSTEMPATH\CodeIgniter.php(355): CodeIgniter\CodeIgniter->handleRequest(null, Object(Config\Cache), false)
 5 SYSTEMPATH\Boot.php(325): CodeIgniter\CodeIgniter->run()
 6 SYSTEMPATH\Boot.php(67): CodeIgniter\Boot::runCodeIgniter(Object(CodeIgniter\CodeIgniter))
 7 FCPATH\index.php(57): CodeIgniter\Boot::bootWeb(Object(Config\Paths))
CRITICAL - 2025-05-30 14:58:07 --> ErrorException: Undefined array key "id"
[Method: POST, Route: guardar_dispositivo]
in APPPATH\Controllers\AdminController.php on line 218.
 1 APPPATH\Controllers\AdminController.php(218): CodeIgniter\Debug\Exceptions->errorHandler(2, 'Undefined array key "id"', 'C:\\xampp\\htdocs\\juanxiomaram2024\\tesina2025\\app\\Controllers\\AdminController.php', 218)
 2 SYSTEMPATH\CodeIgniter.php(933): App\Controllers\AdminController->guardar_dispositivo()
 3 SYSTEMPATH\CodeIgniter.php(509): CodeIgniter\CodeIgniter->runController(Object(App\Controllers\AdminController))
 4 SYSTEMPATH\CodeIgniter.php(355): CodeIgniter\CodeIgniter->handleRequest(null, Object(Config\Cache), false)
 5 SYSTEMPATH\Boot.php(325): CodeIgniter\CodeIgniter->run()
 6 SYSTEMPATH\Boot.php(67): CodeIgniter\Boot::runCodeIgniter(Object(CodeIgniter\CodeIgniter))
 7 FCPATH\index.php(57): CodeIgniter\Boot::bootWeb(Object(Config\Paths))
