ERROR - 2025-05-29 11:57:50 --> mysqli_sql_exception: Unknown column 'idusuario' in 'where clause' in C:\xampp\htdocs\juanxiomaram2024\tesina2025\system\Database\MySQLi\Connection.php:312
Stack trace:
#0 C:\xampp\htdocs\juanxiomaram2024\tesina2025\system\Database\MySQLi\Connection.php(312): mysqli->query('SELECT *\nFROM `...', 0)
#1 C:\xampp\htdocs\juanxiomaram2024\tesina2025\system\Database\BaseConnection.php(734): CodeIgniter\Database\MySQLi\Connection->execute('SELECT *\nFROM `...')
#2 C:\xampp\htdocs\juanxiomaram2024\tesina2025\system\Database\BaseConnection.php(648): CodeIgniter\Database\BaseConnection->simpleQuery('SELECT *\nFROM `...')
#3 C:\xampp\htdocs\juanxiomaram2024\tesina2025\system\Database\BaseBuilder.php(1644): CodeIgniter\Database\BaseConnection->query('SELECT *\nFROM `...', Array, false)
#4 C:\xampp\htdocs\juanxiomaram2024\tesina2025\system\Model.php(330): CodeIgniter\Database\BaseBuilder->get()
#5 C:\xampp\htdocs\juanxiomaram2024\tesina2025\system\BaseModel.php(714): CodeIgniter\Model->doFirst()
#6 C:\xampp\htdocs\juanxiomaram2024\tesina2025\app\Controllers\AdminController.php(200): CodeIgniter\BaseModel->first()
#7 C:\xampp\htdocs\juanxiomaram2024\tesina2025\system\CodeIgniter.php(933): App\Controllers\AdminController->guardar_dispositivo()
#8 C:\xampp\htdocs\juanxiomaram2024\tesina2025\system\CodeIgniter.php(509): CodeIgniter\CodeIgniter->runController(Object(App\Controllers\AdminController))
#9 C:\xampp\htdocs\juanxiomaram2024\tesina2025\system\CodeIgniter.php(355): CodeIgniter\CodeIgniter->handleRequest(NULL, Object(Config\Cache), false)
#10 C:\xampp\htdocs\juanxiomaram2024\tesina2025\system\Boot.php(325): CodeIgniter\CodeIgniter->run()
#11 C:\xampp\htdocs\juanxiomaram2024\tesina2025\system\Boot.php(67): CodeIgniter\Boot::runCodeIgniter(Object(CodeIgniter\CodeIgniter))
#12 C:\xampp\htdocs\juanxiomaram2024\tesina2025\public\index.php(57): CodeIgniter\Boot::bootWeb(Object(Config\Paths))
#13 {main}
CRITICAL - 2025-05-29 11:57:50 --> CodeIgniter\Database\Exceptions\DatabaseException: Unknown column 'idusuario' in 'where clause'
[Method: POST, Route: guardar_dispositivo]
in SYSTEMPATH\Database\BaseConnection.php on line 688.
 1 SYSTEMPATH\Database\BaseBuilder.php(1644): CodeIgniter\Database\BaseConnection->query('SELECT *
FROM `dispositivo`
WHERE `mac` = :mac:
AND `idusuario` IS NULL
AND `idcolegio` = :idcolegio:
 LIMIT 1', [...], false)
 2 SYSTEMPATH\Model.php(330): CodeIgniter\Database\BaseBuilder->get()
 3 SYSTEMPATH\BaseModel.php(714): CodeIgniter\Model->doFirst()
 4 APPPATH\Controllers\AdminController.php(200): CodeIgniter\BaseModel->first()
 5 SYSTEMPATH\CodeIgniter.php(933): App\Controllers\AdminController->guardar_dispositivo()
 6 SYSTEMPATH\CodeIgniter.php(509): CodeIgniter\CodeIgniter->runController(Object(App\Controllers\AdminController))
 7 SYSTEMPATH\CodeIgniter.php(355): CodeIgniter\CodeIgniter->handleRequest(null, Object(Config\Cache), false)
 8 SYSTEMPATH\Boot.php(325): CodeIgniter\CodeIgniter->run()
 9 SYSTEMPATH\Boot.php(67): CodeIgniter\Boot::runCodeIgniter(Object(CodeIgniter\CodeIgniter))
10 FCPATH\index.php(57): CodeIgniter\Boot::bootWeb(Object(Config\Paths))
CRITICAL - 2025-05-29 11:57:50 --> [Caused by] CodeIgniter\Database\Exceptions\DatabaseException: Unknown column 'idusuario' in 'where clause'
in SYSTEMPATH\Database\MySQLi\Connection.php on line 317.
 1 SYSTEMPATH\Database\BaseConnection.php(734): CodeIgniter\Database\MySQLi\Connection->execute('SELECT *
FROM `dispositivo`
WHERE `mac` = \'tetete\'
AND `idusuario` IS NULL
AND `idcolegio` = \'3\'
 LIMIT 1')
 2 SYSTEMPATH\Database\BaseConnection.php(648): CodeIgniter\Database\BaseConnection->simpleQuery('SELECT *
FROM `dispositivo`
WHERE `mac` = \'tetete\'
AND `idusuario` IS NULL
AND `idcolegio` = \'3\'
 LIMIT 1')
 3 SYSTEMPATH\Database\BaseBuilder.php(1644): CodeIgniter\Database\BaseConnection->query('SELECT *
FROM `dispositivo`
WHERE `mac` = :mac:
AND `idusuario` IS NULL
AND `idcolegio` = :idcolegio:
 LIMIT 1', [...], false)
 4 SYSTEMPATH\Model.php(330): CodeIgniter\Database\BaseBuilder->get()
 5 SYSTEMPATH\BaseModel.php(714): CodeIgniter\Model->doFirst()
 6 APPPATH\Controllers\AdminController.php(200): CodeIgniter\BaseModel->first()
 7 SYSTEMPATH\CodeIgniter.php(933): App\Controllers\AdminController->guardar_dispositivo()
 8 SYSTEMPATH\CodeIgniter.php(509): CodeIgniter\CodeIgniter->runController(Object(App\Controllers\AdminController))
 9 SYSTEMPATH\CodeIgniter.php(355): CodeIgniter\CodeIgniter->handleRequest(null, Object(Config\Cache), false)
10 SYSTEMPATH\Boot.php(325): CodeIgniter\CodeIgniter->run()
11 SYSTEMPATH\Boot.php(67): CodeIgniter\Boot::runCodeIgniter(Object(CodeIgniter\CodeIgniter))
12 FCPATH\index.php(57): CodeIgniter\Boot::bootWeb(Object(Config\Paths))
CRITICAL - 2025-05-29 11:57:50 --> [Caused by] mysqli_sql_exception: Unknown column 'idusuario' in 'where clause'
in SYSTEMPATH\Database\MySQLi\Connection.php on line 312.
 1 SYSTEMPATH\Database\MySQLi\Connection.php(312): mysqli->query('SELECT *
FROM `dispositivo`
WHERE `mac` = \'tetete\'
AND `idusuario` IS NULL
AND `idcolegio` = \'3\'
 LIMIT 1', 0)
 2 SYSTEMPATH\Database\BaseConnection.php(734): CodeIgniter\Database\MySQLi\Connection->execute('SELECT *
FROM `dispositivo`
WHERE `mac` = \'tetete\'
AND `idusuario` IS NULL
AND `idcolegio` = \'3\'
 LIMIT 1')
 3 SYSTEMPATH\Database\BaseConnection.php(648): CodeIgniter\Database\BaseConnection->simpleQuery('SELECT *
FROM `dispositivo`
WHERE `mac` = \'tetete\'
AND `idusuario` IS NULL
AND `idcolegio` = \'3\'
 LIMIT 1')
 4 SYSTEMPATH\Database\BaseBuilder.php(1644): CodeIgniter\Database\BaseConnection->query('SELECT *
FROM `dispositivo`
WHERE `mac` = :mac:
AND `idusuario` IS NULL
AND `idcolegio` = :idcolegio:
 LIMIT 1', [...], false)
 5 SYSTEMPATH\Model.php(330): CodeIgniter\Database\BaseBuilder->get()
 6 SYSTEMPATH\BaseModel.php(714): CodeIgniter\Model->doFirst()
 7 APPPATH\Controllers\AdminController.php(200): CodeIgniter\BaseModel->first()
 8 SYSTEMPATH\CodeIgniter.php(933): App\Controllers\AdminController->guardar_dispositivo()
 9 SYSTEMPATH\CodeIgniter.php(509): CodeIgniter\CodeIgniter->runController(Object(App\Controllers\AdminController))
10 SYSTEMPATH\CodeIgniter.php(355): CodeIgniter\CodeIgniter->handleRequest(null, Object(Config\Cache), false)
11 SYSTEMPATH\Boot.php(325): CodeIgniter\CodeIgniter->run()
12 SYSTEMPATH\Boot.php(67): CodeIgniter\Boot::runCodeIgniter(Object(CodeIgniter\CodeIgniter))
13 FCPATH\index.php(57): CodeIgniter\Boot::bootWeb(Object(Config\Paths))
CRITICAL - 2025-05-29 16:07:47 --> Error: Cannot use object of type stdClass as array
[Method: GET, Route: admin/horarios]
in APPPATH\Views\horarios_admin.php on line 122.
 1 SYSTEMPATH\View\View.php(234): include()
 2 SYSTEMPATH\View\View.php(237): CodeIgniter\View\View->CodeIgniter\View\{closure}()
 3 SYSTEMPATH\Common.php(1169): CodeIgniter\View\View->render('horarios_admin', [], true)
 4 APPPATH\Controllers\Horarios.php(232): view('horarios_admin', [...])
 5 SYSTEMPATH\CodeIgniter.php(933): App\Controllers\Horarios->horariosAdmin()
 6 SYSTEMPATH\CodeIgniter.php(509): CodeIgniter\CodeIgniter->runController(Object(App\Controllers\Horarios))
 7 SYSTEMPATH\CodeIgniter.php(355): CodeIgniter\CodeIgniter->handleRequest(null, Object(Config\Cache), false)
 8 SYSTEMPATH\Boot.php(325): CodeIgniter\CodeIgniter->run()
 9 SYSTEMPATH\Boot.php(67): CodeIgniter\Boot::runCodeIgniter(Object(CodeIgniter\CodeIgniter))
10 FCPATH\index.php(57): CodeIgniter\Boot::bootWeb(Object(Config\Paths))
CRITICAL - 2025-05-29 17:40:17 --> ErrorException: Undefined variable $data
[Method: GET, Route: horarios]
in APPPATH\Controllers\Horarios.php on line 23.
 1 APPPATH\Controllers\Horarios.php(23): CodeIgniter\Debug\Exceptions->errorHandler(2, 'Undefined variable $data', 'C:\\xampp\\htdocs\\juanxiomaram2024\\tesina2025\\app\\Controllers\\Horarios.php', 23)
 2 SYSTEMPATH\CodeIgniter.php(933): App\Controllers\Horarios->index()
 3 SYSTEMPATH\CodeIgniter.php(509): CodeIgniter\CodeIgniter->runController(Object(App\Controllers\Horarios))
 4 SYSTEMPATH\CodeIgniter.php(355): CodeIgniter\CodeIgniter->handleRequest(null, Object(Config\Cache), false)
 5 SYSTEMPATH\Boot.php(325): CodeIgniter\CodeIgniter->run()
 6 SYSTEMPATH\Boot.php(67): CodeIgniter\Boot::runCodeIgniter(Object(CodeIgniter\CodeIgniter))
 7 FCPATH\index.php(57): CodeIgniter\Boot::bootWeb(Object(Config\Paths))
CRITICAL - 2025-05-29 17:41:33 --> ErrorException: Attempt to read property "evento" on array
[Method: GET, Route: horarios]
in APPPATH\Views\horarios.php on line 123.
 1 APPPATH\Views\horarios.php(123): CodeIgniter\Debug\Exceptions->errorHandler(2, 'Attempt to read property "evento" on array', 'C:\\xampp\\htdocs\\juanxiomaram2024\\tesina2025\\app\\Views\\horarios.php', 123)
 2 SYSTEMPATH\View\View.php(234): include('C:\\xampp\\htdocs\\juanxiomaram2024\\tesina2025\\app\\Views\\horarios.php')
 3 SYSTEMPATH\View\View.php(237): CodeIgniter\View\View->CodeIgniter\View\{closure}()
 4 SYSTEMPATH\Common.php(1169): CodeIgniter\View\View->render('horarios', [], true)
 5 APPPATH\Controllers\Horarios.php(22): view('horarios', [...])
 6 SYSTEMPATH\CodeIgniter.php(933): App\Controllers\Horarios->index()
 7 SYSTEMPATH\CodeIgniter.php(509): CodeIgniter\CodeIgniter->runController(Object(App\Controllers\Horarios))
 8 SYSTEMPATH\CodeIgniter.php(355): CodeIgniter\CodeIgniter->handleRequest(null, Object(Config\Cache), false)
 9 SYSTEMPATH\Boot.php(325): CodeIgniter\CodeIgniter->run()
10 SYSTEMPATH\Boot.php(67): CodeIgniter\Boot::runCodeIgniter(Object(CodeIgniter\CodeIgniter))
11 FCPATH\index.php(57): CodeIgniter\Boot::bootWeb(Object(Config\Paths))
CRITICAL - 2025-05-29 17:42:09 --> ErrorException: Undefined array key "accion"
[Method: GET, Route: horarios]
in APPPATH\Views\horarios.php on line 124.
 1 APPPATH\Views\horarios.php(124): CodeIgniter\Debug\Exceptions->errorHandler(2, 'Undefined array key "accion"', 'C:\\xampp\\htdocs\\juanxiomaram2024\\tesina2025\\app\\Views\\horarios.php', 124)
 2 SYSTEMPATH\View\View.php(234): include('C:\\xampp\\htdocs\\juanxiomaram2024\\tesina2025\\app\\Views\\horarios.php')
 3 SYSTEMPATH\View\View.php(237): CodeIgniter\View\View->CodeIgniter\View\{closure}()
 4 SYSTEMPATH\Common.php(1169): CodeIgniter\View\View->render('horarios', [], true)
 5 APPPATH\Controllers\Horarios.php(22): view('horarios', [...])
 6 SYSTEMPATH\CodeIgniter.php(933): App\Controllers\Horarios->index()
 7 SYSTEMPATH\CodeIgniter.php(509): CodeIgniter\CodeIgniter->runController(Object(App\Controllers\Horarios))
 8 SYSTEMPATH\CodeIgniter.php(355): CodeIgniter\CodeIgniter->handleRequest(null, Object(Config\Cache), false)
 9 SYSTEMPATH\Boot.php(325): CodeIgniter\CodeIgniter->run()
10 SYSTEMPATH\Boot.php(67): CodeIgniter\Boot::runCodeIgniter(Object(CodeIgniter\CodeIgniter))
11 FCPATH\index.php(57): CodeIgniter\Boot::bootWeb(Object(Config\Paths))
CRITICAL - 2025-05-29 17:43:14 --> ErrorException: Attempt to read property "idhorario" on array
[Method: GET, Route: horarios]
in APPPATH\Views\horarios.php on line 127.
 1 APPPATH\Views\horarios.php(127): CodeIgniter\Debug\Exceptions->errorHandler(2, 'Attempt to read property "idhorario" on array', 'C:\\xampp\\htdocs\\juanxiomaram2024\\tesina2025\\app\\Views\\horarios.php', 127)
 2 SYSTEMPATH\View\View.php(234): include('C:\\xampp\\htdocs\\juanxiomaram2024\\tesina2025\\app\\Views\\horarios.php')
 3 SYSTEMPATH\View\View.php(237): CodeIgniter\View\View->CodeIgniter\View\{closure}()
 4 SYSTEMPATH\Common.php(1169): CodeIgniter\View\View->render('horarios', [], true)
 5 APPPATH\Controllers\Horarios.php(22): view('horarios', [...])
 6 SYSTEMPATH\CodeIgniter.php(933): App\Controllers\Horarios->index()
 7 SYSTEMPATH\CodeIgniter.php(509): CodeIgniter\CodeIgniter->runController(Object(App\Controllers\Horarios))
 8 SYSTEMPATH\CodeIgniter.php(355): CodeIgniter\CodeIgniter->handleRequest(null, Object(Config\Cache), false)
 9 SYSTEMPATH\Boot.php(325): CodeIgniter\CodeIgniter->run()
10 SYSTEMPATH\Boot.php(67): CodeIgniter\Boot::runCodeIgniter(Object(CodeIgniter\CodeIgniter))
11 FCPATH\index.php(57): CodeIgniter\Boot::bootWeb(Object(Config\Paths))
