CRITICAL - 2025-10-09 12:58:48 --> ErrorException: Undefined variable $solicitudesPendientes
[Method: GET, Route: vista_admin]
in APPPATH\Views\vista_admin.php on line 308.
 1 APPPATH\Views\vista_admin.php(308): CodeIgniter\Debug\Exceptions->errorHandler(2, 'Undefined variable $solicitudesPendientes', 'C:\\xampp\\htdocs\\juanxiomaram2024\\tesina2025\\app\\Views\\vista_admin.php', 308)
 2 SYSTEMPATH\View\View.php(234): include('C:\\xampp\\htdocs\\juanxiomaram2024\\tesina2025\\app\\Views\\vista_admin.php')
 3 SYSTEMPATH\View\View.php(237): CodeIgniter\View\View->CodeIgniter\View\{closure}()
 4 SYSTEMPATH\Common.php(1169): CodeIgniter\View\View->render('vista_admin', [], true)
 5 APPPATH\Controllers\AdminController.php(44): view('vista_admin', [...])
 6 SYSTEMPATH\CodeIgniter.php(933): App\Controllers\AdminController->index()
 7 SYSTEMPATH\CodeIgniter.php(509): CodeIgniter\CodeIgniter->runController(Object(App\Controllers\AdminController))
 8 SYSTEMPATH\CodeIgniter.php(355): CodeIgniter\CodeIgniter->handleRequest(null, Object(Config\Cache), false)
 9 SYSTEMPATH\Boot.php(325): CodeIgniter\CodeIgniter->run()
10 SYSTEMPATH\Boot.php(67): CodeIgniter\Boot::runCodeIgniter(Object(CodeIgniter\CodeIgniter))
11 FCPATH\index.php(57): CodeIgniter\Boot::bootWeb(Object(Config\Paths))
CRITICAL - 2025-10-09 13:00:40 --> ErrorException: Undefined variable $solicitudesPendientes
[Method: GET, Route: vista_admin]
in APPPATH\Views\vista_admin.php on line 308.
 1 APPPATH\Views\vista_admin.php(308): CodeIgniter\Debug\Exceptions->errorHandler(2, 'Undefined variable $solicitudesPendientes', 'C:\\xampp\\htdocs\\juanxiomaram2024\\tesina2025\\app\\Views\\vista_admin.php', 308)
 2 SYSTEMPATH\View\View.php(234): include('C:\\xampp\\htdocs\\juanxiomaram2024\\tesina2025\\app\\Views\\vista_admin.php')
 3 SYSTEMPATH\View\View.php(237): CodeIgniter\View\View->CodeIgniter\View\{closure}()
 4 SYSTEMPATH\Common.php(1169): CodeIgniter\View\View->render('vista_admin', [], true)
 5 APPPATH\Controllers\AdminController.php(44): view('vista_admin', [...])
 6 SYSTEMPATH\CodeIgniter.php(933): App\Controllers\AdminController->index()
 7 SYSTEMPATH\CodeIgniter.php(509): CodeIgniter\CodeIgniter->runController(Object(App\Controllers\AdminController))
 8 SYSTEMPATH\CodeIgniter.php(355): CodeIgniter\CodeIgniter->handleRequest(null, Object(Config\Cache), false)
 9 SYSTEMPATH\Boot.php(325): CodeIgniter\CodeIgniter->run()
10 SYSTEMPATH\Boot.php(67): CodeIgniter\Boot::runCodeIgniter(Object(CodeIgniter\CodeIgniter))
11 FCPATH\index.php(57): CodeIgniter\Boot::bootWeb(Object(Config\Paths))
CRITICAL - 2025-10-09 13:00:44 --> ErrorException: Undefined variable $solicitudesPendientes
[Method: GET, Route: vista_admin]
in APPPATH\Views\vista_admin.php on line 308.
 1 APPPATH\Views\vista_admin.php(308): CodeIgniter\Debug\Exceptions->errorHandler(2, 'Undefined variable $solicitudesPendientes', 'C:\\xampp\\htdocs\\juanxiomaram2024\\tesina2025\\app\\Views\\vista_admin.php', 308)
 2 SYSTEMPATH\View\View.php(234): include('C:\\xampp\\htdocs\\juanxiomaram2024\\tesina2025\\app\\Views\\vista_admin.php')
 3 SYSTEMPATH\View\View.php(237): CodeIgniter\View\View->CodeIgniter\View\{closure}()
 4 SYSTEMPATH\Common.php(1169): CodeIgniter\View\View->render('vista_admin', [], true)
 5 APPPATH\Controllers\AdminController.php(44): view('vista_admin', [...])
 6 SYSTEMPATH\CodeIgniter.php(933): App\Controllers\AdminController->index()
 7 SYSTEMPATH\CodeIgniter.php(509): CodeIgniter\CodeIgniter->runController(Object(App\Controllers\AdminController))
 8 SYSTEMPATH\CodeIgniter.php(355): CodeIgniter\CodeIgniter->handleRequest(null, Object(Config\Cache), false)
 9 SYSTEMPATH\Boot.php(325): CodeIgniter\CodeIgniter->run()
10 SYSTEMPATH\Boot.php(67): CodeIgniter\Boot::runCodeIgniter(Object(CodeIgniter\CodeIgniter))
11 FCPATH\index.php(57): CodeIgniter\Boot::bootWeb(Object(Config\Paths))
CRITICAL - 2025-10-09 13:37:13 --> ErrorException: Undefined array key "email"
[Method: POST, Route: admin/procesar_solicitud]
in APPPATH\Controllers\AdminController.php on line 814.
 1 APPPATH\Controllers\AdminController.php(814): CodeIgniter\Debug\Exceptions->errorHandler(2, 'Undefined array key "email"', 'C:\\xampp\\htdocs\\juanxiomaram2024\\tesina2025\\app\\Controllers\\AdminController.php', 814)
 2 SYSTEMPATH\CodeIgniter.php(933): App\Controllers\AdminController->procesarSolicitud()
 3 SYSTEMPATH\CodeIgniter.php(509): CodeIgniter\CodeIgniter->runController(Object(App\Controllers\AdminController))
 4 SYSTEMPATH\CodeIgniter.php(355): CodeIgniter\CodeIgniter->handleRequest(null, Object(Config\Cache), false)
 5 SYSTEMPATH\Boot.php(325): CodeIgniter\CodeIgniter->run()
 6 SYSTEMPATH\Boot.php(67): CodeIgniter\Boot::runCodeIgniter(Object(CodeIgniter\CodeIgniter))
 7 FCPATH\index.php(57): CodeIgniter\Boot::bootWeb(Object(Config\Paths))
CRITICAL - 2025-10-09 13:37:17 --> ErrorException: Undefined array key "email"
[Method: POST, Route: admin/procesar_solicitud]
in APPPATH\Controllers\AdminController.php on line 814.
 1 APPPATH\Controllers\AdminController.php(814): CodeIgniter\Debug\Exceptions->errorHandler(2, 'Undefined array key "email"', 'C:\\xampp\\htdocs\\juanxiomaram2024\\tesina2025\\app\\Controllers\\AdminController.php', 814)
 2 SYSTEMPATH\CodeIgniter.php(933): App\Controllers\AdminController->procesarSolicitud()
 3 SYSTEMPATH\CodeIgniter.php(509): CodeIgniter\CodeIgniter->runController(Object(App\Controllers\AdminController))
 4 SYSTEMPATH\CodeIgniter.php(355): CodeIgniter\CodeIgniter->handleRequest(null, Object(Config\Cache), false)
 5 SYSTEMPATH\Boot.php(325): CodeIgniter\CodeIgniter->run()
 6 SYSTEMPATH\Boot.php(67): CodeIgniter\Boot::runCodeIgniter(Object(CodeIgniter\CodeIgniter))
 7 FCPATH\index.php(57): CodeIgniter\Boot::bootWeb(Object(Config\Paths))
CRITICAL - 2025-10-09 13:38:40 --> ErrorException: Undefined array key "email"
[Method: POST, Route: admin/procesar_solicitud]
in APPPATH\Controllers\AdminController.php on line 814.
 1 APPPATH\Controllers\AdminController.php(814): CodeIgniter\Debug\Exceptions->errorHandler(2, 'Undefined array key "email"', 'C:\\xampp\\htdocs\\juanxiomaram2024\\tesina2025\\app\\Controllers\\AdminController.php', 814)
 2 SYSTEMPATH\CodeIgniter.php(933): App\Controllers\AdminController->procesarSolicitud()
 3 SYSTEMPATH\CodeIgniter.php(509): CodeIgniter\CodeIgniter->runController(Object(App\Controllers\AdminController))
 4 SYSTEMPATH\CodeIgniter.php(355): CodeIgniter\CodeIgniter->handleRequest(null, Object(Config\Cache), false)
 5 SYSTEMPATH\Boot.php(325): CodeIgniter\CodeIgniter->run()
 6 SYSTEMPATH\Boot.php(67): CodeIgniter\Boot::runCodeIgniter(Object(CodeIgniter\CodeIgniter))
 7 FCPATH\index.php(57): CodeIgniter\Boot::bootWeb(Object(Config\Paths))
CRITICAL - 2025-10-09 13:40:03 --> ErrorException: Undefined array key "email"
[Method: POST, Route: admin/procesar_solicitud]
in APPPATH\Controllers\AdminController.php on line 814.
 1 APPPATH\Controllers\AdminController.php(814): CodeIgniter\Debug\Exceptions->errorHandler(2, 'Undefined array key "email"', 'C:\\xampp\\htdocs\\juanxiomaram2024\\tesina2025\\app\\Controllers\\AdminController.php', 814)
 2 SYSTEMPATH\CodeIgniter.php(933): App\Controllers\AdminController->procesarSolicitud()
 3 SYSTEMPATH\CodeIgniter.php(509): CodeIgniter\CodeIgniter->runController(Object(App\Controllers\AdminController))
 4 SYSTEMPATH\CodeIgniter.php(355): CodeIgniter\CodeIgniter->handleRequest(null, Object(Config\Cache), false)
 5 SYSTEMPATH\Boot.php(325): CodeIgniter\CodeIgniter->run()
 6 SYSTEMPATH\Boot.php(67): CodeIgniter\Boot::runCodeIgniter(Object(CodeIgniter\CodeIgniter))
 7 FCPATH\index.php(57): CodeIgniter\Boot::bootWeb(Object(Config\Paths))
CRITICAL - 2025-10-09 13:45:56 --> Error: Class "App\Models\UsuarioModel" not found
[Method: POST, Route: admin/procesar_solicitud]
in APPPATH\Controllers\AdminController.php on line 762.
 1 SYSTEMPATH\CodeIgniter.php(933): App\Controllers\AdminController->procesarSolicitud()
 2 SYSTEMPATH\CodeIgniter.php(509): CodeIgniter\CodeIgniter->runController(Object(App\Controllers\AdminController))
 3 SYSTEMPATH\CodeIgniter.php(355): CodeIgniter\CodeIgniter->handleRequest(null, Object(Config\Cache), false)
 4 SYSTEMPATH\Boot.php(325): CodeIgniter\CodeIgniter->run()
 5 SYSTEMPATH\Boot.php(67): CodeIgniter\Boot::runCodeIgniter(Object(CodeIgniter\CodeIgniter))
 6 FCPATH\index.php(57): CodeIgniter\Boot::bootWeb(Object(Config\Paths))
CRITICAL - 2025-10-09 13:45:59 --> Error: Class "App\Models\UsuarioModel" not found
[Method: POST, Route: admin/procesar_solicitud]
in APPPATH\Controllers\AdminController.php on line 762.
 1 SYSTEMPATH\CodeIgniter.php(933): App\Controllers\AdminController->procesarSolicitud()
 2 SYSTEMPATH\CodeIgniter.php(509): CodeIgniter\CodeIgniter->runController(Object(App\Controllers\AdminController))
 3 SYSTEMPATH\CodeIgniter.php(355): CodeIgniter\CodeIgniter->handleRequest(null, Object(Config\Cache), false)
 4 SYSTEMPATH\Boot.php(325): CodeIgniter\CodeIgniter->run()
 5 SYSTEMPATH\Boot.php(67): CodeIgniter\Boot::runCodeIgniter(Object(CodeIgniter\CodeIgniter))
 6 FCPATH\index.php(57): CodeIgniter\Boot::bootWeb(Object(Config\Paths))
