CRITICAL - 2025-06-18 08:38:12 --> ErrorException: Undefined variable $idturno
[Method: POST, Route: admin/guardarUsuario]
in APPPATH\Controllers\AdminController.php on line 92.
 1 APPPATH\Controllers\AdminController.php(92): CodeIgniter\Debug\Exceptions->errorHandler(2, 'Undefined variable $idturno', 'C:\\xampp\\htdocs\\juanxiomaram2024\\tesina2025\\app\\Controllers\\AdminController.php', 92)
 2 SYSTEMPATH\CodeIgniter.php(933): App\Controllers\AdminController->guardarUsuario()
 3 SYSTEMPATH\CodeIgniter.php(509): CodeIgniter\CodeIgniter->runController(Object(App\Controllers\AdminController))
 4 SYSTEMPATH\CodeIgniter.php(355): CodeIgniter\CodeIgniter->handleRequest(null, Object(Config\Cache), false)
 5 SYSTEMPATH\Boot.php(325): CodeIgniter\CodeIgniter->run()
 6 SYSTEMPATH\Boot.php(67): CodeIgniter\Boot::runCodeIgniter(Object(CodeIgniter\CodeIgniter))
 7 FCPATH\index.php(57): CodeIgniter\Boot::bootWeb(Object(Config\Paths))
CRITICAL - 2025-06-18 08:38:26 --> ArgumentCountError: Too few arguments to function App\Controllers\AdminController::_enviarCorreoRecuperacionInicial(), 3 passed in C:\xampp\htdocs\juanxiomaram2024\tesina2025\app\Controllers\AdminController.php on line 98 and exactly 4 expected
[Method: POST, Route: admin/guardarUsuario]
in APPPATH\Controllers\AdminController.php on line 162.
 1 APPPATH\Controllers\AdminController.php(98): App\Controllers\AdminController->_enviarCorreoRecuperacionInicial('juanjio@gmail.com', 'prueba', 'db17aee70185795b8fb91c33bd29db0847a01c5ce3e1966ead1cfdef7feeab16eff71987f14dcbea6a307e64453b83d1596b')
 2 SYSTEMPATH\CodeIgniter.php(933): App\Controllers\AdminController->guardarUsuario()
 3 SYSTEMPATH\CodeIgniter.php(509): CodeIgniter\CodeIgniter->runController(Object(App\Controllers\AdminController))
 4 SYSTEMPATH\CodeIgniter.php(355): CodeIgniter\CodeIgniter->handleRequest(null, Object(Config\Cache), false)
 5 SYSTEMPATH\Boot.php(325): CodeIgniter\CodeIgniter->run()
 6 SYSTEMPATH\Boot.php(67): CodeIgniter\Boot::runCodeIgniter(Object(CodeIgniter\CodeIgniter))
 7 FCPATH\index.php(57): CodeIgniter\Boot::bootWeb(Object(Config\Paths))
CRITICAL - 2025-06-18 08:44:48 --> Error: Class "App\Models\UsuarioColegio" not found
[Method: POST, Route: admin/guardarUsuario]
in APPPATH\Controllers\AdminController.php on line 65.
 1 SYSTEMPATH\CodeIgniter.php(933): App\Controllers\AdminController->guardarUsuario()
 2 SYSTEMPATH\CodeIgniter.php(509): CodeIgniter\CodeIgniter->runController(Object(App\Controllers\AdminController))
 3 SYSTEMPATH\CodeIgniter.php(355): CodeIgniter\CodeIgniter->handleRequest(null, Object(Config\Cache), false)
 4 SYSTEMPATH\Boot.php(325): CodeIgniter\CodeIgniter->run()
 5 SYSTEMPATH\Boot.php(67): CodeIgniter\Boot::runCodeIgniter(Object(CodeIgniter\CodeIgniter))
 6 FCPATH\index.php(57): CodeIgniter\Boot::bootWeb(Object(Config\Paths))
CRITICAL - 2025-06-18 08:58:26 --> Error: Class "App\Models\Colegio" not found
[Method: POST, Route: admin/guardarUsuario]
in APPPATH\Controllers\AdminController.php on line 232.
 1 APPPATH\Controllers\AdminController.php(120): App\Controllers\AdminController->_enviarCorreoAsociacionExistente('juanmarquez@alumnos.itr3.edu.ar', 'juanjo prueba dire', '13')
 2 SYSTEMPATH\CodeIgniter.php(933): App\Controllers\AdminController->guardarUsuario()
 3 SYSTEMPATH\CodeIgniter.php(509): CodeIgniter\CodeIgniter->runController(Object(App\Controllers\AdminController))
 4 SYSTEMPATH\CodeIgniter.php(355): CodeIgniter\CodeIgniter->handleRequest(null, Object(Config\Cache), false)
 5 SYSTEMPATH\Boot.php(325): CodeIgniter\CodeIgniter->run()
 6 SYSTEMPATH\Boot.php(67): CodeIgniter\Boot::runCodeIgniter(Object(CodeIgniter\CodeIgniter))
 7 FCPATH\index.php(57): CodeIgniter\Boot::bootWeb(Object(Config\Paths))
