CRITICAL - 2025-06-10 16:05:15 --> Error: Class "App\Controllers\UsuarioModel" not found
[Method: GET, Route: registrar_dispositivo]
in APPPATH\Controllers\AdminController.php on line 195.
 1 SYSTEMPATH\CodeIgniter.php(933): App\Controllers\AdminController->registrar_dispositivo()
 2 SYSTEMPATH\CodeIgniter.php(509): CodeIgniter\CodeIgniter->runController(Object(App\Controllers\AdminController))
 3 SYSTEMPATH\CodeIgniter.php(355): CodeIgniter\CodeIgniter->handleRequest(null, Object(Config\Cache), false)
 4 SYSTEMPATH\Boot.php(325): CodeIgniter\CodeIgniter->run()
 5 SYSTEMPATH\Boot.php(67): CodeIgniter\Boot::runCodeIgniter(Object(CodeIgniter\CodeIgniter))
 6 FCPATH\index.php(57): CodeIgniter\Boot::bootWeb(Object(Config\Paths))
CRITICAL - 2025-06-10 16:05:28 --> ErrorException: Undefined array key "nombre"
[Method: GET, Route: registrar_dispositivo]
in APPPATH\Controllers\AdminController.php on line 203.
 1 APPPATH\Controllers\AdminController.php(203): CodeIgniter\Debug\Exceptions->errorHandler(2, 'Undefined array key "nombre"', 'C:\\xampp\\htdocs\\juanxiomaram2024\\tesina2025\\app\\Controllers\\AdminController.php', 203)
 2 SYSTEMPATH\CodeIgniter.php(933): App\Controllers\AdminController->registrar_dispositivo()
 3 SYSTEMPATH\CodeIgniter.php(509): CodeIgniter\CodeIgniter->runController(Object(App\Controllers\AdminController))
 4 SYSTEMPATH\CodeIgniter.php(355): CodeIgniter\CodeIgniter->handleRequest(null, Object(Config\Cache), false)
 5 SYSTEMPATH\Boot.php(325): CodeIgniter\CodeIgniter->run()
 6 SYSTEMPATH\Boot.php(67): CodeIgniter\Boot::runCodeIgniter(Object(CodeIgniter\CodeIgniter))
 7 FCPATH\index.php(57): CodeIgniter\Boot::bootWeb(Object(Config\Paths))
ERROR - 2025-06-10 16:06:05 --> mysqli_sql_exception: Table 'timbre2025.usuario' doesn't exist in C:\xampp\htdocs\juanxiomaram2024\tesina2025\system\Database\MySQLi\Connection.php:312
Stack trace:
#0 C:\xampp\htdocs\juanxiomaram2024\tesina2025\system\Database\MySQLi\Connection.php(312): mysqli->query('SELECT `disposi...', 0)
#1 C:\xampp\htdocs\juanxiomaram2024\tesina2025\system\Database\BaseConnection.php(734): CodeIgniter\Database\MySQLi\Connection->execute('SELECT `disposi...')
#2 C:\xampp\htdocs\juanxiomaram2024\tesina2025\system\Database\BaseConnection.php(648): CodeIgniter\Database\BaseConnection->simpleQuery('SELECT `disposi...')
#3 C:\xampp\htdocs\juanxiomaram2024\tesina2025\system\Database\BaseBuilder.php(1644): CodeIgniter\Database\BaseConnection->query('SELECT `disposi...', Array, false)
#4 C:\xampp\htdocs\juanxiomaram2024\tesina2025\system\Model.php(286): CodeIgniter\Database\BaseBuilder->get()
#5 C:\xampp\htdocs\juanxiomaram2024\tesina2025\system\BaseModel.php(676): CodeIgniter\Model->doFindAll(0, 0)
#6 C:\xampp\htdocs\juanxiomaram2024\tesina2025\app\Models\DispositivoModel.php(17): CodeIgniter\BaseModel->findAll()
#7 C:\xampp\htdocs\juanxiomaram2024\tesina2025\app\Controllers\AdminController.php(203): App\Models\DispositivoModel->getDispositivosUsuario('xiomara mondino')
#8 C:\xampp\htdocs\juanxiomaram2024\tesina2025\system\CodeIgniter.php(933): App\Controllers\AdminController->registrar_dispositivo()
#9 C:\xampp\htdocs\juanxiomaram2024\tesina2025\system\CodeIgniter.php(509): CodeIgniter\CodeIgniter->runController(Object(App\Controllers\AdminController))
#10 C:\xampp\htdocs\juanxiomaram2024\tesina2025\system\CodeIgniter.php(355): CodeIgniter\CodeIgniter->handleRequest(NULL, Object(Config\Cache), false)
#11 C:\xampp\htdocs\juanxiomaram2024\tesina2025\system\Boot.php(325): CodeIgniter\CodeIgniter->run()
#12 C:\xampp\htdocs\juanxiomaram2024\tesina2025\system\Boot.php(67): CodeIgniter\Boot::runCodeIgniter(Object(CodeIgniter\CodeIgniter))
#13 C:\xampp\htdocs\juanxiomaram2024\tesina2025\public\index.php(57): CodeIgniter\Boot::bootWeb(Object(Config\Paths))
#14 {main}
CRITICAL - 2025-06-10 16:06:05 --> CodeIgniter\Database\Exceptions\DatabaseException: Table 'timbre2025.usuario' doesn't exist
[Method: GET, Route: registrar_dispositivo]
in SYSTEMPATH\Database\BaseConnection.php on line 688.
 1 SYSTEMPATH\Database\BaseBuilder.php(1644): CodeIgniter\Database\BaseConnection->query('SELECT `dispositivo`.*
FROM `dispositivo`
JOIN `usuario` ON `usuario`.`idusuario` = `dispositivo`.`idusuario`
WHERE `usuario`.`nombre` = :usuario.nombre:', [...], false)
 2 SYSTEMPATH\Model.php(286): CodeIgniter\Database\BaseBuilder->get()
 3 SYSTEMPATH\BaseModel.php(676): CodeIgniter\Model->doFindAll(0, 0)
 4 APPPATH\Models\DispositivoModel.php(17): CodeIgniter\BaseModel->findAll()
 5 APPPATH\Controllers\AdminController.php(203): App\Models\DispositivoModel->getDispositivosUsuario('xiomara mondino')
 6 SYSTEMPATH\CodeIgniter.php(933): App\Controllers\AdminController->registrar_dispositivo()
 7 SYSTEMPATH\CodeIgniter.php(509): CodeIgniter\CodeIgniter->runController(Object(App\Controllers\AdminController))
 8 SYSTEMPATH\CodeIgniter.php(355): CodeIgniter\CodeIgniter->handleRequest(null, Object(Config\Cache), false)
 9 SYSTEMPATH\Boot.php(325): CodeIgniter\CodeIgniter->run()
10 SYSTEMPATH\Boot.php(67): CodeIgniter\Boot::runCodeIgniter(Object(CodeIgniter\CodeIgniter))
11 FCPATH\index.php(57): CodeIgniter\Boot::bootWeb(Object(Config\Paths))
CRITICAL - 2025-06-10 16:06:05 --> [Caused by] CodeIgniter\Database\Exceptions\DatabaseException: Table 'timbre2025.usuario' doesn't exist
in SYSTEMPATH\Database\MySQLi\Connection.php on line 317.
 1 SYSTEMPATH\Database\BaseConnection.php(734): CodeIgniter\Database\MySQLi\Connection->execute('SELECT `dispositivo`.*
FROM `dispositivo`
JOIN `usuario` ON `usuario`.`idusuario` = `dispositivo`.`idusuario`
WHERE `usuario`.`nombre` = \'xiomara mondino\'')
 2 SYSTEMPATH\Database\BaseConnection.php(648): CodeIgniter\Database\BaseConnection->simpleQuery('SELECT `dispositivo`.*
FROM `dispositivo`
JOIN `usuario` ON `usuario`.`idusuario` = `dispositivo`.`idusuario`
WHERE `usuario`.`nombre` = \'xiomara mondino\'')
 3 SYSTEMPATH\Database\BaseBuilder.php(1644): CodeIgniter\Database\BaseConnection->query('SELECT `dispositivo`.*
FROM `dispositivo`
JOIN `usuario` ON `usuario`.`idusuario` = `dispositivo`.`idusuario`
WHERE `usuario`.`nombre` = :usuario.nombre:', [...], false)
 4 SYSTEMPATH\Model.php(286): CodeIgniter\Database\BaseBuilder->get()
 5 SYSTEMPATH\BaseModel.php(676): CodeIgniter\Model->doFindAll(0, 0)
 6 APPPATH\Models\DispositivoModel.php(17): CodeIgniter\BaseModel->findAll()
 7 APPPATH\Controllers\AdminController.php(203): App\Models\DispositivoModel->getDispositivosUsuario('xiomara mondino')
 8 SYSTEMPATH\CodeIgniter.php(933): App\Controllers\AdminController->registrar_dispositivo()
 9 SYSTEMPATH\CodeIgniter.php(509): CodeIgniter\CodeIgniter->runController(Object(App\Controllers\AdminController))
10 SYSTEMPATH\CodeIgniter.php(355): CodeIgniter\CodeIgniter->handleRequest(null, Object(Config\Cache), false)
11 SYSTEMPATH\Boot.php(325): CodeIgniter\CodeIgniter->run()
12 SYSTEMPATH\Boot.php(67): CodeIgniter\Boot::runCodeIgniter(Object(CodeIgniter\CodeIgniter))
13 FCPATH\index.php(57): CodeIgniter\Boot::bootWeb(Object(Config\Paths))
CRITICAL - 2025-06-10 16:06:05 --> [Caused by] mysqli_sql_exception: Table 'timbre2025.usuario' doesn't exist
in SYSTEMPATH\Database\MySQLi\Connection.php on line 312.
 1 SYSTEMPATH\Database\MySQLi\Connection.php(312): mysqli->query('SELECT `dispositivo`.*
FROM `dispositivo`
JOIN `usuario` ON `usuario`.`idusuario` = `dispositivo`.`idusuario`
WHERE `usuario`.`nombre` = \'xiomara mondino\'', 0)
 2 SYSTEMPATH\Database\BaseConnection.php(734): CodeIgniter\Database\MySQLi\Connection->execute('SELECT `dispositivo`.*
FROM `dispositivo`
JOIN `usuario` ON `usuario`.`idusuario` = `dispositivo`.`idusuario`
WHERE `usuario`.`nombre` = \'xiomara mondino\'')
 3 SYSTEMPATH\Database\BaseConnection.php(648): CodeIgniter\Database\BaseConnection->simpleQuery('SELECT `dispositivo`.*
FROM `dispositivo`
JOIN `usuario` ON `usuario`.`idusuario` = `dispositivo`.`idusuario`
WHERE `usuario`.`nombre` = \'xiomara mondino\'')
 4 SYSTEMPATH\Database\BaseBuilder.php(1644): CodeIgniter\Database\BaseConnection->query('SELECT `dispositivo`.*
FROM `dispositivo`
JOIN `usuario` ON `usuario`.`idusuario` = `dispositivo`.`idusuario`
WHERE `usuario`.`nombre` = :usuario.nombre:', [...], false)
 5 SYSTEMPATH\Model.php(286): CodeIgniter\Database\BaseBuilder->get()
 6 SYSTEMPATH\BaseModel.php(676): CodeIgniter\Model->doFindAll(0, 0)
 7 APPPATH\Models\DispositivoModel.php(17): CodeIgniter\BaseModel->findAll()
 8 APPPATH\Controllers\AdminController.php(203): App\Models\DispositivoModel->getDispositivosUsuario('xiomara mondino')
 9 SYSTEMPATH\CodeIgniter.php(933): App\Controllers\AdminController->registrar_dispositivo()
10 SYSTEMPATH\CodeIgniter.php(509): CodeIgniter\CodeIgniter->runController(Object(App\Controllers\AdminController))
11 SYSTEMPATH\CodeIgniter.php(355): CodeIgniter\CodeIgniter->handleRequest(null, Object(Config\Cache), false)
12 SYSTEMPATH\Boot.php(325): CodeIgniter\CodeIgniter->run()
13 SYSTEMPATH\Boot.php(67): CodeIgniter\Boot::runCodeIgniter(Object(CodeIgniter\CodeIgniter))
14 FCPATH\index.php(57): CodeIgniter\Boot::bootWeb(Object(Config\Paths))
ERROR - 2025-06-10 16:06:28 --> mysqli_sql_exception: Table 'timbre2025.usuario' doesn't exist in C:\xampp\htdocs\juanxiomaram2024\tesina2025\system\Database\MySQLi\Connection.php:312
Stack trace:
#0 C:\xampp\htdocs\juanxiomaram2024\tesina2025\system\Database\MySQLi\Connection.php(312): mysqli->query('SELECT `disposi...', 0)
#1 C:\xampp\htdocs\juanxiomaram2024\tesina2025\system\Database\BaseConnection.php(734): CodeIgniter\Database\MySQLi\Connection->execute('SELECT `disposi...')
#2 C:\xampp\htdocs\juanxiomaram2024\tesina2025\system\Database\BaseConnection.php(648): CodeIgniter\Database\BaseConnection->simpleQuery('SELECT `disposi...')
#3 C:\xampp\htdocs\juanxiomaram2024\tesina2025\system\Database\BaseBuilder.php(1644): CodeIgniter\Database\BaseConnection->query('SELECT `disposi...', Array, false)
#4 C:\xampp\htdocs\juanxiomaram2024\tesina2025\system\Model.php(286): CodeIgniter\Database\BaseBuilder->get()
#5 C:\xampp\htdocs\juanxiomaram2024\tesina2025\system\BaseModel.php(676): CodeIgniter\Model->doFindAll(0, 0)
#6 C:\xampp\htdocs\juanxiomaram2024\tesina2025\app\Models\DispositivoModel.php(17): CodeIgniter\BaseModel->findAll()
#7 C:\xampp\htdocs\juanxiomaram2024\tesina2025\app\Controllers\AdminController.php(203): App\Models\DispositivoModel->getDispositivosUsuario('xiomara mondino')
#8 C:\xampp\htdocs\juanxiomaram2024\tesina2025\system\CodeIgniter.php(933): App\Controllers\AdminController->registrar_dispositivo()
#9 C:\xampp\htdocs\juanxiomaram2024\tesina2025\system\CodeIgniter.php(509): CodeIgniter\CodeIgniter->runController(Object(App\Controllers\AdminController))
#10 C:\xampp\htdocs\juanxiomaram2024\tesina2025\system\CodeIgniter.php(355): CodeIgniter\CodeIgniter->handleRequest(NULL, Object(Config\Cache), false)
#11 C:\xampp\htdocs\juanxiomaram2024\tesina2025\system\Boot.php(325): CodeIgniter\CodeIgniter->run()
#12 C:\xampp\htdocs\juanxiomaram2024\tesina2025\system\Boot.php(67): CodeIgniter\Boot::runCodeIgniter(Object(CodeIgniter\CodeIgniter))
#13 C:\xampp\htdocs\juanxiomaram2024\tesina2025\public\index.php(57): CodeIgniter\Boot::bootWeb(Object(Config\Paths))
#14 {main}
CRITICAL - 2025-06-10 16:06:28 --> CodeIgniter\Database\Exceptions\DatabaseException: Table 'timbre2025.usuario' doesn't exist
[Method: GET, Route: registrar_dispositivo]
in SYSTEMPATH\Database\BaseConnection.php on line 688.
 1 SYSTEMPATH\Database\BaseBuilder.php(1644): CodeIgniter\Database\BaseConnection->query('SELECT `dispositivo`.*
FROM `dispositivo`
JOIN `usuario` ON `usuario`.`idusuario` = `dispositivo`.`idusuario`
WHERE `usuario`.`usuario` = :usuario.usuario:', [...], false)
 2 SYSTEMPATH\Model.php(286): CodeIgniter\Database\BaseBuilder->get()
 3 SYSTEMPATH\BaseModel.php(676): CodeIgniter\Model->doFindAll(0, 0)
 4 APPPATH\Models\DispositivoModel.php(17): CodeIgniter\BaseModel->findAll()
 5 APPPATH\Controllers\AdminController.php(203): App\Models\DispositivoModel->getDispositivosUsuario('xiomara mondino')
 6 SYSTEMPATH\CodeIgniter.php(933): App\Controllers\AdminController->registrar_dispositivo()
 7 SYSTEMPATH\CodeIgniter.php(509): CodeIgniter\CodeIgniter->runController(Object(App\Controllers\AdminController))
 8 SYSTEMPATH\CodeIgniter.php(355): CodeIgniter\CodeIgniter->handleRequest(null, Object(Config\Cache), false)
 9 SYSTEMPATH\Boot.php(325): CodeIgniter\CodeIgniter->run()
10 SYSTEMPATH\Boot.php(67): CodeIgniter\Boot::runCodeIgniter(Object(CodeIgniter\CodeIgniter))
11 FCPATH\index.php(57): CodeIgniter\Boot::bootWeb(Object(Config\Paths))
CRITICAL - 2025-06-10 16:06:28 --> [Caused by] CodeIgniter\Database\Exceptions\DatabaseException: Table 'timbre2025.usuario' doesn't exist
in SYSTEMPATH\Database\MySQLi\Connection.php on line 317.
 1 SYSTEMPATH\Database\BaseConnection.php(734): CodeIgniter\Database\MySQLi\Connection->execute('SELECT `dispositivo`.*
FROM `dispositivo`
JOIN `usuario` ON `usuario`.`idusuario` = `dispositivo`.`idusuario`
WHERE `usuario`.`usuario` = \'xiomara mondino\'')
 2 SYSTEMPATH\Database\BaseConnection.php(648): CodeIgniter\Database\BaseConnection->simpleQuery('SELECT `dispositivo`.*
FROM `dispositivo`
JOIN `usuario` ON `usuario`.`idusuario` = `dispositivo`.`idusuario`
WHERE `usuario`.`usuario` = \'xiomara mondino\'')
 3 SYSTEMPATH\Database\BaseBuilder.php(1644): CodeIgniter\Database\BaseConnection->query('SELECT `dispositivo`.*
FROM `dispositivo`
JOIN `usuario` ON `usuario`.`idusuario` = `dispositivo`.`idusuario`
WHERE `usuario`.`usuario` = :usuario.usuario:', [...], false)
 4 SYSTEMPATH\Model.php(286): CodeIgniter\Database\BaseBuilder->get()
 5 SYSTEMPATH\BaseModel.php(676): CodeIgniter\Model->doFindAll(0, 0)
 6 APPPATH\Models\DispositivoModel.php(17): CodeIgniter\BaseModel->findAll()
 7 APPPATH\Controllers\AdminController.php(203): App\Models\DispositivoModel->getDispositivosUsuario('xiomara mondino')
 8 SYSTEMPATH\CodeIgniter.php(933): App\Controllers\AdminController->registrar_dispositivo()
 9 SYSTEMPATH\CodeIgniter.php(509): CodeIgniter\CodeIgniter->runController(Object(App\Controllers\AdminController))
10 SYSTEMPATH\CodeIgniter.php(355): CodeIgniter\CodeIgniter->handleRequest(null, Object(Config\Cache), false)
11 SYSTEMPATH\Boot.php(325): CodeIgniter\CodeIgniter->run()
12 SYSTEMPATH\Boot.php(67): CodeIgniter\Boot::runCodeIgniter(Object(CodeIgniter\CodeIgniter))
13 FCPATH\index.php(57): CodeIgniter\Boot::bootWeb(Object(Config\Paths))
CRITICAL - 2025-06-10 16:06:28 --> [Caused by] mysqli_sql_exception: Table 'timbre2025.usuario' doesn't exist
in SYSTEMPATH\Database\MySQLi\Connection.php on line 312.
 1 SYSTEMPATH\Database\MySQLi\Connection.php(312): mysqli->query('SELECT `dispositivo`.*
FROM `dispositivo`
JOIN `usuario` ON `usuario`.`idusuario` = `dispositivo`.`idusuario`
WHERE `usuario`.`usuario` = \'xiomara mondino\'', 0)
 2 SYSTEMPATH\Database\BaseConnection.php(734): CodeIgniter\Database\MySQLi\Connection->execute('SELECT `dispositivo`.*
FROM `dispositivo`
JOIN `usuario` ON `usuario`.`idusuario` = `dispositivo`.`idusuario`
WHERE `usuario`.`usuario` = \'xiomara mondino\'')
 3 SYSTEMPATH\Database\BaseConnection.php(648): CodeIgniter\Database\BaseConnection->simpleQuery('SELECT `dispositivo`.*
FROM `dispositivo`
JOIN `usuario` ON `usuario`.`idusuario` = `dispositivo`.`idusuario`
WHERE `usuario`.`usuario` = \'xiomara mondino\'')
 4 SYSTEMPATH\Database\BaseBuilder.php(1644): CodeIgniter\Database\BaseConnection->query('SELECT `dispositivo`.*
FROM `dispositivo`
JOIN `usuario` ON `usuario`.`idusuario` = `dispositivo`.`idusuario`
WHERE `usuario`.`usuario` = :usuario.usuario:', [...], false)
 5 SYSTEMPATH\Model.php(286): CodeIgniter\Database\BaseBuilder->get()
 6 SYSTEMPATH\BaseModel.php(676): CodeIgniter\Model->doFindAll(0, 0)
 7 APPPATH\Models\DispositivoModel.php(17): CodeIgniter\BaseModel->findAll()
 8 APPPATH\Controllers\AdminController.php(203): App\Models\DispositivoModel->getDispositivosUsuario('xiomara mondino')
 9 SYSTEMPATH\CodeIgniter.php(933): App\Controllers\AdminController->registrar_dispositivo()
10 SYSTEMPATH\CodeIgniter.php(509): CodeIgniter\CodeIgniter->runController(Object(App\Controllers\AdminController))
11 SYSTEMPATH\CodeIgniter.php(355): CodeIgniter\CodeIgniter->handleRequest(null, Object(Config\Cache), false)
12 SYSTEMPATH\Boot.php(325): CodeIgniter\CodeIgniter->run()
13 SYSTEMPATH\Boot.php(67): CodeIgniter\Boot::runCodeIgniter(Object(CodeIgniter\CodeIgniter))
14 FCPATH\index.php(57): CodeIgniter\Boot::bootWeb(Object(Config\Paths))
CRITICAL - 2025-06-10 16:07:42 --> ErrorException: Undefined array key "id"
[Method: GET, Route: registrar_dispositivo]
in APPPATH\Views\registrar_dispositivo.php on line 198.
 1 APPPATH\Views\registrar_dispositivo.php(198): CodeIgniter\Debug\Exceptions->errorHandler(2, 'Undefined array key "id"', 'C:\\xampp\\htdocs\\juanxiomaram2024\\tesina2025\\app\\Views\\registrar_dispositivo.php', 198)
 2 SYSTEMPATH\View\View.php(234): include('C:\\xampp\\htdocs\\juanxiomaram2024\\tesina2025\\app\\Views\\registrar_dispositivo.php')
 3 SYSTEMPATH\View\View.php(237): CodeIgniter\View\View->CodeIgniter\View\{closure}()
 4 SYSTEMPATH\Common.php(1169): CodeIgniter\View\View->render('registrar_dispositivo', [], true)
 5 APPPATH\Controllers\AdminController.php(205): view('registrar_dispositivo', [...])
 6 SYSTEMPATH\CodeIgniter.php(933): App\Controllers\AdminController->registrar_dispositivo()
 7 SYSTEMPATH\CodeIgniter.php(509): CodeIgniter\CodeIgniter->runController(Object(App\Controllers\AdminController))
 8 SYSTEMPATH\CodeIgniter.php(355): CodeIgniter\CodeIgniter->handleRequest(null, Object(Config\Cache), false)
 9 SYSTEMPATH\Boot.php(325): CodeIgniter\CodeIgniter->run()
10 SYSTEMPATH\Boot.php(67): CodeIgniter\Boot::runCodeIgniter(Object(CodeIgniter\CodeIgniter))
11 FCPATH\index.php(57): CodeIgniter\Boot::bootWeb(Object(Config\Paths))
CRITICAL - 2025-06-10 16:08:13 --> ErrorException: Undefined array key "id"
[Method: GET, Route: registrar_dispositivo]
in APPPATH\Views\registrar_dispositivo.php on line 199.
 1 APPPATH\Views\registrar_dispositivo.php(199): CodeIgniter\Debug\Exceptions->errorHandler(2, 'Undefined array key "id"', 'C:\\xampp\\htdocs\\juanxiomaram2024\\tesina2025\\app\\Views\\registrar_dispositivo.php', 199)
 2 SYSTEMPATH\View\View.php(234): include('C:\\xampp\\htdocs\\juanxiomaram2024\\tesina2025\\app\\Views\\registrar_dispositivo.php')
 3 SYSTEMPATH\View\View.php(237): CodeIgniter\View\View->CodeIgniter\View\{closure}()
 4 SYSTEMPATH\Common.php(1169): CodeIgniter\View\View->render('registrar_dispositivo', [], true)
 5 APPPATH\Controllers\AdminController.php(205): view('registrar_dispositivo', [...])
 6 SYSTEMPATH\CodeIgniter.php(933): App\Controllers\AdminController->registrar_dispositivo()
 7 SYSTEMPATH\CodeIgniter.php(509): CodeIgniter\CodeIgniter->runController(Object(App\Controllers\AdminController))
 8 SYSTEMPATH\CodeIgniter.php(355): CodeIgniter\CodeIgniter->handleRequest(null, Object(Config\Cache), false)
 9 SYSTEMPATH\Boot.php(325): CodeIgniter\CodeIgniter->run()
10 SYSTEMPATH\Boot.php(67): CodeIgniter\Boot::runCodeIgniter(Object(CodeIgniter\CodeIgniter))
11 FCPATH\index.php(57): CodeIgniter\Boot::bootWeb(Object(Config\Paths))
CRITICAL - 2025-06-10 16:11:38 --> ErrorException: Undefined array key "id"
[Method: GET, Route: registrar_dispositivo]
in APPPATH\Views\registrar_dispositivo.php on line 199.
 1 APPPATH\Views\registrar_dispositivo.php(199): CodeIgniter\Debug\Exceptions->errorHandler(2, 'Undefined array key "id"', 'C:\\xampp\\htdocs\\juanxiomaram2024\\tesina2025\\app\\Views\\registrar_dispositivo.php', 199)
 2 SYSTEMPATH\View\View.php(234): include('C:\\xampp\\htdocs\\juanxiomaram2024\\tesina2025\\app\\Views\\registrar_dispositivo.php')
 3 SYSTEMPATH\View\View.php(237): CodeIgniter\View\View->CodeIgniter\View\{closure}()
 4 SYSTEMPATH\Common.php(1169): CodeIgniter\View\View->render('registrar_dispositivo', [], true)
 5 APPPATH\Controllers\AdminController.php(205): view('registrar_dispositivo', [...])
 6 SYSTEMPATH\CodeIgniter.php(933): App\Controllers\AdminController->registrar_dispositivo()
 7 SYSTEMPATH\CodeIgniter.php(509): CodeIgniter\CodeIgniter->runController(Object(App\Controllers\AdminController))
 8 SYSTEMPATH\CodeIgniter.php(355): CodeIgniter\CodeIgniter->handleRequest(null, Object(Config\Cache), false)
 9 SYSTEMPATH\Boot.php(325): CodeIgniter\CodeIgniter->run()
10 SYSTEMPATH\Boot.php(67): CodeIgniter\Boot::runCodeIgniter(Object(CodeIgniter\CodeIgniter))
11 FCPATH\index.php(57): CodeIgniter\Boot::bootWeb(Object(Config\Paths))
CRITICAL - 2025-06-10 16:21:54 --> ErrorException: Undefined array key "curso"
[Method: POST, Route: autenticar]
in APPPATH\Controllers\Auth.php on line 59.
 1 APPPATH\Controllers\Auth.php(59): CodeIgniter\Debug\Exceptions->errorHandler(2, 'Undefined array key "curso"', 'C:\\xampp\\htdocs\\juanxiomaram2024\\tesina2025\\app\\Controllers\\Auth.php', 59)
 2 SYSTEMPATH\CodeIgniter.php(933): App\Controllers\Auth->autenticar()
 3 SYSTEMPATH\CodeIgniter.php(509): CodeIgniter\CodeIgniter->runController(Object(App\Controllers\Auth))
 4 SYSTEMPATH\CodeIgniter.php(355): CodeIgniter\CodeIgniter->handleRequest(null, Object(Config\Cache), false)
 5 SYSTEMPATH\Boot.php(325): CodeIgniter\CodeIgniter->run()
 6 SYSTEMPATH\Boot.php(67): CodeIgniter\Boot::runCodeIgniter(Object(CodeIgniter\CodeIgniter))
 7 FCPATH\index.php(57): CodeIgniter\Boot::bootWeb(Object(Config\Paths))
