ERROR - 2025-09-25 08:12:19 --> mysqli_sql_exception: You have an error in your SQL syntax; check the manual that corresponds to your MariaDB server version for the right syntax to use near ')
OR `idcurso` IS NULL
 )
AND   (
`fecha` >= '2025-09-01 00:00:00'
AND `fecha...' at line 8 in C:\xampp\htdocs\juanxiomaram2024\tesina2025\system\Database\MySQLi\Connection.php:312
Stack trace:
#0 C:\xampp\htdocs\juanxiomaram2024\tesina2025\system\Database\MySQLi\Connection.php(312): mysqli->query('SELECT *\nFROM `...', 0)
#1 C:\xampp\htdocs\juanxiomaram2024\tesina2025\system\Database\BaseConnection.php(734): CodeIgniter\Database\MySQLi\Connection->execute('SELECT *\nFROM `...')
#2 C:\xampp\htdocs\juanxiomaram2024\tesina2025\system\Database\BaseConnection.php(648): CodeIgniter\Database\BaseConnection->simpleQuery('SELECT *\nFROM `...')
#3 C:\xampp\htdocs\juanxiomaram2024\tesina2025\system\Database\BaseBuilder.php(1644): CodeIgniter\Database\BaseConnection->query('SELECT *\nFROM `...', Array, false)
#4 C:\xampp\htdocs\juanxiomaram2024\tesina2025\app\Controllers\AvisosController.php(152): CodeIgniter\Database\BaseBuilder->get()
#5 C:\xampp\htdocs\juanxiomaram2024\tesina2025\system\CodeIgniter.php(933): App\Controllers\AvisosController->listarJson()
#6 C:\xampp\htdocs\juanxiomaram2024\tesina2025\system\CodeIgniter.php(509): CodeIgniter\CodeIgniter->runController(Object(App\Controllers\AvisosController))
#7 C:\xampp\htdocs\juanxiomaram2024\tesina2025\system\CodeIgniter.php(355): CodeIgniter\CodeIgniter->handleRequest(NULL, Object(Config\Cache), false)
#8 C:\xampp\htdocs\juanxiomaram2024\tesina2025\system\Boot.php(325): CodeIgniter\CodeIgniter->run()
#9 C:\xampp\htdocs\juanxiomaram2024\tesina2025\system\Boot.php(67): CodeIgniter\Boot::runCodeIgniter(Object(CodeIgniter\CodeIgniter))
#10 C:\xampp\htdocs\juanxiomaram2024\tesina2025\public\index.php(57): CodeIgniter\Boot::bootWeb(Object(Config\Paths))
#11 {main}
CRITICAL - 2025-09-25 08:12:20 --> CodeIgniter\Database\Exceptions\DatabaseException: You have an error in your SQL syntax; check the manual that corresponds to your MariaDB server version for the right syntax to use near ')
OR `idcurso` IS NULL
 )
AND   (
`fecha` >= '2025-09-01 00:00:00'
AND `fecha...' at line 8
[Method: GET, Route: avisos/listarJson]
in SYSTEMPATH\Database\BaseConnection.php on line 688.
 1 SYSTEMPATH\Database\BaseBuilder.php(1644): CodeIgniter\Database\BaseConnection->query('SELECT *
FROM `avisos`
WHERE `idcolegio` = :idcolegio:
AND   (
`visibilidad` = :visibilidad:
 )
AND   (
`idcurso` IN :idcurso:
OR `idcurso` IS NULL
 )
AND   (
`fecha` >= :fecha:
AND `fecha` <= :fecha.1:
 )
ORDER BY `fecha` ASC', [...], false)
 2 APPPATH\Controllers\AvisosController.php(152): CodeIgniter\Database\BaseBuilder->get()
 3 SYSTEMPATH\CodeIgniter.php(933): App\Controllers\AvisosController->listarJson()
 4 SYSTEMPATH\CodeIgniter.php(509): CodeIgniter\CodeIgniter->runController(Object(App\Controllers\AvisosController))
 5 SYSTEMPATH\CodeIgniter.php(355): CodeIgniter\CodeIgniter->handleRequest(null, Object(Config\Cache), false)
 6 SYSTEMPATH\Boot.php(325): CodeIgniter\CodeIgniter->run()
 7 SYSTEMPATH\Boot.php(67): CodeIgniter\Boot::runCodeIgniter(Object(CodeIgniter\CodeIgniter))
 8 FCPATH\index.php(57): CodeIgniter\Boot::bootWeb(Object(Config\Paths))
CRITICAL - 2025-09-25 08:12:20 --> [Caused by] CodeIgniter\Database\Exceptions\DatabaseException: You have an error in your SQL syntax; check the manual that corresponds to your MariaDB server version for the right syntax to use near ')
OR `idcurso` IS NULL
 )
AND   (
`fecha` >= '2025-09-01 00:00:00'
AND `fecha...' at line 8
in SYSTEMPATH\Database\MySQLi\Connection.php on line 317.
 1 SYSTEMPATH\Database\BaseConnection.php(734): CodeIgniter\Database\MySQLi\Connection->execute('SELECT *
FROM `avisos`
WHERE `idcolegio` = \'3\'
AND   (
`visibilidad` = \'alumnos\'
 )
AND   (
`idcurso` IN ()
OR `idcurso` IS NULL
 )
AND   (
`fecha` >= \'2025-09-01 00:00:00\'
AND `fecha` <= \'2025-10-13 00:00:00\'
 )
ORDER BY `fecha` ASC')
 2 SYSTEMPATH\Database\BaseConnection.php(648): CodeIgniter\Database\BaseConnection->simpleQuery('SELECT *
FROM `avisos`
WHERE `idcolegio` = \'3\'
AND   (
`visibilidad` = \'alumnos\'
 )
AND   (
`idcurso` IN ()
OR `idcurso` IS NULL
 )
AND   (
`fecha` >= \'2025-09-01 00:00:00\'
AND `fecha` <= \'2025-10-13 00:00:00\'
 )
ORDER BY `fecha` ASC')
 3 SYSTEMPATH\Database\BaseBuilder.php(1644): CodeIgniter\Database\BaseConnection->query('SELECT *
FROM `avisos`
WHERE `idcolegio` = :idcolegio:
AND   (
`visibilidad` = :visibilidad:
 )
AND   (
`idcurso` IN :idcurso:
OR `idcurso` IS NULL
 )
AND   (
`fecha` >= :fecha:
AND `fecha` <= :fecha.1:
 )
ORDER BY `fecha` ASC', [...], false)
 4 APPPATH\Controllers\AvisosController.php(152): CodeIgniter\Database\BaseBuilder->get()
 5 SYSTEMPATH\CodeIgniter.php(933): App\Controllers\AvisosController->listarJson()
 6 SYSTEMPATH\CodeIgniter.php(509): CodeIgniter\CodeIgniter->runController(Object(App\Controllers\AvisosController))
 7 SYSTEMPATH\CodeIgniter.php(355): CodeIgniter\CodeIgniter->handleRequest(null, Object(Config\Cache), false)
 8 SYSTEMPATH\Boot.php(325): CodeIgniter\CodeIgniter->run()
 9 SYSTEMPATH\Boot.php(67): CodeIgniter\Boot::runCodeIgniter(Object(CodeIgniter\CodeIgniter))
10 FCPATH\index.php(57): CodeIgniter\Boot::bootWeb(Object(Config\Paths))
CRITICAL - 2025-09-25 08:12:20 --> [Caused by] mysqli_sql_exception: You have an error in your SQL syntax; check the manual that corresponds to your MariaDB server version for the right syntax to use near ')
OR `idcurso` IS NULL
 )
AND   (
`fecha` >= '2025-09-01 00:00:00'
AND `fecha...' at line 8
in SYSTEMPATH\Database\MySQLi\Connection.php on line 312.
 1 SYSTEMPATH\Database\MySQLi\Connection.php(312): mysqli->query('SELECT *
FROM `avisos`
WHERE `idcolegio` = \'3\'
AND   (
`visibilidad` = \'alumnos\'
 )
AND   (
`idcurso` IN ()
OR `idcurso` IS NULL
 )
AND   (
`fecha` >= \'2025-09-01 00:00:00\'
AND `fecha` <= \'2025-10-13 00:00:00\'
 )
ORDER BY `fecha` ASC', 0)
 2 SYSTEMPATH\Database\BaseConnection.php(734): CodeIgniter\Database\MySQLi\Connection->execute('SELECT *
FROM `avisos`
WHERE `idcolegio` = \'3\'
AND   (
`visibilidad` = \'alumnos\'
 )
AND   (
`idcurso` IN ()
OR `idcurso` IS NULL
 )
AND   (
`fecha` >= \'2025-09-01 00:00:00\'
AND `fecha` <= \'2025-10-13 00:00:00\'
 )
ORDER BY `fecha` ASC')
 3 SYSTEMPATH\Database\BaseConnection.php(648): CodeIgniter\Database\BaseConnection->simpleQuery('SELECT *
FROM `avisos`
WHERE `idcolegio` = \'3\'
AND   (
`visibilidad` = \'alumnos\'
 )
AND   (
`idcurso` IN ()
OR `idcurso` IS NULL
 )
AND   (
`fecha` >= \'2025-09-01 00:00:00\'
AND `fecha` <= \'2025-10-13 00:00:00\'
 )
ORDER BY `fecha` ASC')
 4 SYSTEMPATH\Database\BaseBuilder.php(1644): CodeIgniter\Database\BaseConnection->query('SELECT *
FROM `avisos`
WHERE `idcolegio` = :idcolegio:
AND   (
`visibilidad` = :visibilidad:
 )
AND   (
`idcurso` IN :idcurso:
OR `idcurso` IS NULL
 )
AND   (
`fecha` >= :fecha:
AND `fecha` <= :fecha.1:
 )
ORDER BY `fecha` ASC', [...], false)
 5 APPPATH\Controllers\AvisosController.php(152): CodeIgniter\Database\BaseBuilder->get()
 6 SYSTEMPATH\CodeIgniter.php(933): App\Controllers\AvisosController->listarJson()
 7 SYSTEMPATH\CodeIgniter.php(509): CodeIgniter\CodeIgniter->runController(Object(App\Controllers\AvisosController))
 8 SYSTEMPATH\CodeIgniter.php(355): CodeIgniter\CodeIgniter->handleRequest(null, Object(Config\Cache), false)
 9 SYSTEMPATH\Boot.php(325): CodeIgniter\CodeIgniter->run()
10 SYSTEMPATH\Boot.php(67): CodeIgniter\Boot::runCodeIgniter(Object(CodeIgniter\CodeIgniter))
11 FCPATH\index.php(57): CodeIgniter\Boot::bootWeb(Object(Config\Paths))
CRITICAL - 2025-09-25 08:28:31 --> ParseError: syntax error, unexpected identifier " "
[Method: GET, Route: feriados/lectura]
in APPPATH\Views\feriados_lector.php on line 178.
 1 SYSTEMPATH\View\View.php(237): CodeIgniter\View\View->CodeIgniter\View\{closure}()
 2 SYSTEMPATH\Common.php(1169): CodeIgniter\View\View->render('feriados_lector', [], true)
 3 APPPATH\Controllers\Feriados.php(102): view('feriados_lector', [...])
 4 SYSTEMPATH\CodeIgniter.php(933): App\Controllers\Feriados->lectura()
 5 SYSTEMPATH\CodeIgniter.php(509): CodeIgniter\CodeIgniter->runController(Object(App\Controllers\Feriados))
 6 SYSTEMPATH\CodeIgniter.php(355): CodeIgniter\CodeIgniter->handleRequest(null, Object(Config\Cache), false)
 7 SYSTEMPATH\Boot.php(325): CodeIgniter\CodeIgniter->run()
 8 SYSTEMPATH\Boot.php(67): CodeIgniter\Boot::runCodeIgniter(Object(CodeIgniter\CodeIgniter))
 9 FCPATH\index.php(57): CodeIgniter\Boot::bootWeb(Object(Config\Paths))
CRITICAL - 2025-09-25 08:38:05 --> ErrorException: Undefined variable $dispositivo
[Method: GET, Route: horarios_lector]
in APPPATH\Views\horarios_lector.php on line 228.
 1 APPPATH\Views\horarios_lector.php(228): CodeIgniter\Debug\Exceptions->errorHandler(2, 'Undefined variable $dispositivo', 'C:\\xampp\\htdocs\\juanxiomaram2024\\tesina2025\\app\\Views\\horarios_lector.php', 228)
 2 SYSTEMPATH\View\View.php(234): include('C:\\xampp\\htdocs\\juanxiomaram2024\\tesina2025\\app\\Views\\horarios_lector.php')
 3 SYSTEMPATH\View\View.php(237): CodeIgniter\View\View->CodeIgniter\View\{closure}()
 4 SYSTEMPATH\Common.php(1169): CodeIgniter\View\View->render('horarios_lector', [], true)
 5 APPPATH\Controllers\Horarios.php(309): view('horarios_lector', [...])
 6 SYSTEMPATH\CodeIgniter.php(933): App\Controllers\Horarios->horariosLector()
 7 SYSTEMPATH\CodeIgniter.php(509): CodeIgniter\CodeIgniter->runController(Object(App\Controllers\Horarios))
 8 SYSTEMPATH\CodeIgniter.php(355): CodeIgniter\CodeIgniter->handleRequest(null, Object(Config\Cache), false)
 9 SYSTEMPATH\Boot.php(325): CodeIgniter\CodeIgniter->run()
10 SYSTEMPATH\Boot.php(67): CodeIgniter\Boot::runCodeIgniter(Object(CodeIgniter\CodeIgniter))
11 FCPATH\index.php(57): CodeIgniter\Boot::bootWeb(Object(Config\Paths))
CRITICAL - 2025-09-25 08:38:44 --> ErrorException: Undefined variable $dispositivo
[Method: GET, Route: horarios_lector]
in APPPATH\Views\horarios_lector.php on line 228.
 1 APPPATH\Views\horarios_lector.php(228): CodeIgniter\Debug\Exceptions->errorHandler(2, 'Undefined variable $dispositivo', 'C:\\xampp\\htdocs\\juanxiomaram2024\\tesina2025\\app\\Views\\horarios_lector.php', 228)
 2 SYSTEMPATH\View\View.php(234): include('C:\\xampp\\htdocs\\juanxiomaram2024\\tesina2025\\app\\Views\\horarios_lector.php')
 3 SYSTEMPATH\View\View.php(237): CodeIgniter\View\View->CodeIgniter\View\{closure}()
 4 SYSTEMPATH\Common.php(1169): CodeIgniter\View\View->render('horarios_lector', [], true)
 5 APPPATH\Controllers\Horarios.php(309): view('horarios_lector', [...])
 6 SYSTEMPATH\CodeIgniter.php(933): App\Controllers\Horarios->horariosLector()
 7 SYSTEMPATH\CodeIgniter.php(509): CodeIgniter\CodeIgniter->runController(Object(App\Controllers\Horarios))
 8 SYSTEMPATH\CodeIgniter.php(355): CodeIgniter\CodeIgniter->handleRequest(null, Object(Config\Cache), false)
 9 SYSTEMPATH\Boot.php(325): CodeIgniter\CodeIgniter->run()
10 SYSTEMPATH\Boot.php(67): CodeIgniter\Boot::runCodeIgniter(Object(CodeIgniter\CodeIgniter))
11 FCPATH\index.php(57): CodeIgniter\Boot::bootWeb(Object(Config\Paths))
CRITICAL - 2025-09-25 08:39:43 --> ErrorException: Undefined variable $dispositivo
[Method: GET, Route: horarios_lector]
in APPPATH\Views\horarios_lector.php on line 228.
 1 APPPATH\Views\horarios_lector.php(228): CodeIgniter\Debug\Exceptions->errorHandler(2, 'Undefined variable $dispositivo', 'C:\\xampp\\htdocs\\juanxiomaram2024\\tesina2025\\app\\Views\\horarios_lector.php', 228)
 2 SYSTEMPATH\View\View.php(234): include('C:\\xampp\\htdocs\\juanxiomaram2024\\tesina2025\\app\\Views\\horarios_lector.php')
 3 SYSTEMPATH\View\View.php(237): CodeIgniter\View\View->CodeIgniter\View\{closure}()
 4 SYSTEMPATH\Common.php(1169): CodeIgniter\View\View->render('horarios_lector', [], true)
 5 APPPATH\Controllers\Horarios.php(309): view('horarios_lector', [...])
 6 SYSTEMPATH\CodeIgniter.php(933): App\Controllers\Horarios->horariosLector()
 7 SYSTEMPATH\CodeIgniter.php(509): CodeIgniter\CodeIgniter->runController(Object(App\Controllers\Horarios))
 8 SYSTEMPATH\CodeIgniter.php(355): CodeIgniter\CodeIgniter->handleRequest(null, Object(Config\Cache), false)
 9 SYSTEMPATH\Boot.php(325): CodeIgniter\CodeIgniter->run()
10 SYSTEMPATH\Boot.php(67): CodeIgniter\Boot::runCodeIgniter(Object(CodeIgniter\CodeIgniter))
11 FCPATH\index.php(57): CodeIgniter\Boot::bootWeb(Object(Config\Paths))
CRITICAL - 2025-09-25 08:39:44 --> ErrorException: Undefined variable $dispositivo
[Method: GET, Route: horarios_lector]
in APPPATH\Views\horarios_lector.php on line 228.
 1 APPPATH\Views\horarios_lector.php(228): CodeIgniter\Debug\Exceptions->errorHandler(2, 'Undefined variable $dispositivo', 'C:\\xampp\\htdocs\\juanxiomaram2024\\tesina2025\\app\\Views\\horarios_lector.php', 228)
 2 SYSTEMPATH\View\View.php(234): include('C:\\xampp\\htdocs\\juanxiomaram2024\\tesina2025\\app\\Views\\horarios_lector.php')
 3 SYSTEMPATH\View\View.php(237): CodeIgniter\View\View->CodeIgniter\View\{closure}()
 4 SYSTEMPATH\Common.php(1169): CodeIgniter\View\View->render('horarios_lector', [], true)
 5 APPPATH\Controllers\Horarios.php(309): view('horarios_lector', [...])
 6 SYSTEMPATH\CodeIgniter.php(933): App\Controllers\Horarios->horariosLector()
 7 SYSTEMPATH\CodeIgniter.php(509): CodeIgniter\CodeIgniter->runController(Object(App\Controllers\Horarios))
 8 SYSTEMPATH\CodeIgniter.php(355): CodeIgniter\CodeIgniter->handleRequest(null, Object(Config\Cache), false)
 9 SYSTEMPATH\Boot.php(325): CodeIgniter\CodeIgniter->run()
10 SYSTEMPATH\Boot.php(67): CodeIgniter\Boot::runCodeIgniter(Object(CodeIgniter\CodeIgniter))
11 FCPATH\index.php(57): CodeIgniter\Boot::bootWeb(Object(Config\Paths))
CRITICAL - 2025-09-25 08:47:11 --> ErrorException: Undefined variable $dispositivo
[Method: GET, Route: horarios_lector]
in APPPATH\Views\horarios_lector.php on line 199.
 1 APPPATH\Views\horarios_lector.php(199): CodeIgniter\Debug\Exceptions->errorHandler(2, 'Undefined variable $dispositivo', 'C:\\xampp\\htdocs\\juanxiomaram2024\\tesina2025\\app\\Views\\horarios_lector.php', 199)
 2 SYSTEMPATH\View\View.php(234): include('C:\\xampp\\htdocs\\juanxiomaram2024\\tesina2025\\app\\Views\\horarios_lector.php')
 3 SYSTEMPATH\View\View.php(237): CodeIgniter\View\View->CodeIgniter\View\{closure}()
 4 SYSTEMPATH\Common.php(1169): CodeIgniter\View\View->render('horarios_lector', [], true)
 5 APPPATH\Controllers\Horarios.php(309): view('horarios_lector', [...])
 6 SYSTEMPATH\CodeIgniter.php(933): App\Controllers\Horarios->horariosLector()
 7 SYSTEMPATH\CodeIgniter.php(509): CodeIgniter\CodeIgniter->runController(Object(App\Controllers\Horarios))
 8 SYSTEMPATH\CodeIgniter.php(355): CodeIgniter\CodeIgniter->handleRequest(null, Object(Config\Cache), false)
 9 SYSTEMPATH\Boot.php(325): CodeIgniter\CodeIgniter->run()
10 SYSTEMPATH\Boot.php(67): CodeIgniter\Boot::runCodeIgniter(Object(CodeIgniter\CodeIgniter))
11 FCPATH\index.php(57): CodeIgniter\Boot::bootWeb(Object(Config\Paths))
ERROR - 2025-09-25 08:59:56 --> mysqli_sql_exception: You have an error in your SQL syntax; check the manual that corresponds to your MariaDB server version for the right syntax to use near ')
OR `idcurso` IS NULL
 )
AND   (
`fecha` >= '2025-09-01 00:00:00'
AND `fecha...' at line 8 in C:\xampp\htdocs\juanxiomaram2024\tesina2025\system\Database\MySQLi\Connection.php:312
Stack trace:
#0 C:\xampp\htdocs\juanxiomaram2024\tesina2025\system\Database\MySQLi\Connection.php(312): mysqli->query('SELECT *\nFROM `...', 0)
#1 C:\xampp\htdocs\juanxiomaram2024\tesina2025\system\Database\BaseConnection.php(734): CodeIgniter\Database\MySQLi\Connection->execute('SELECT *\nFROM `...')
#2 C:\xampp\htdocs\juanxiomaram2024\tesina2025\system\Database\BaseConnection.php(648): CodeIgniter\Database\BaseConnection->simpleQuery('SELECT *\nFROM `...')
#3 C:\xampp\htdocs\juanxiomaram2024\tesina2025\system\Database\BaseBuilder.php(1644): CodeIgniter\Database\BaseConnection->query('SELECT *\nFROM `...', Array, false)
#4 C:\xampp\htdocs\juanxiomaram2024\tesina2025\app\Controllers\AvisosController.php(152): CodeIgniter\Database\BaseBuilder->get()
#5 C:\xampp\htdocs\juanxiomaram2024\tesina2025\system\CodeIgniter.php(933): App\Controllers\AvisosController->listarJson()
#6 C:\xampp\htdocs\juanxiomaram2024\tesina2025\system\CodeIgniter.php(509): CodeIgniter\CodeIgniter->runController(Object(App\Controllers\AvisosController))
#7 C:\xampp\htdocs\juanxiomaram2024\tesina2025\system\CodeIgniter.php(355): CodeIgniter\CodeIgniter->handleRequest(NULL, Object(Config\Cache), false)
#8 C:\xampp\htdocs\juanxiomaram2024\tesina2025\system\Boot.php(325): CodeIgniter\CodeIgniter->run()
#9 C:\xampp\htdocs\juanxiomaram2024\tesina2025\system\Boot.php(67): CodeIgniter\Boot::runCodeIgniter(Object(CodeIgniter\CodeIgniter))
#10 C:\xampp\htdocs\juanxiomaram2024\tesina2025\public\index.php(57): CodeIgniter\Boot::bootWeb(Object(Config\Paths))
#11 {main}
CRITICAL - 2025-09-25 08:59:56 --> CodeIgniter\Database\Exceptions\DatabaseException: You have an error in your SQL syntax; check the manual that corresponds to your MariaDB server version for the right syntax to use near ')
OR `idcurso` IS NULL
 )
AND   (
`fecha` >= '2025-09-01 00:00:00'
AND `fecha...' at line 8
[Method: GET, Route: avisos/listarJson]
in SYSTEMPATH\Database\BaseConnection.php on line 688.
 1 SYSTEMPATH\Database\BaseBuilder.php(1644): CodeIgniter\Database\BaseConnection->query('SELECT *
FROM `avisos`
WHERE `idcolegio` = :idcolegio:
AND   (
`visibilidad` = :visibilidad:
 )
AND   (
`idcurso` IN :idcurso:
OR `idcurso` IS NULL
 )
AND   (
`fecha` >= :fecha:
AND `fecha` <= :fecha.1:
 )
ORDER BY `fecha` ASC', [...], false)
 2 APPPATH\Controllers\AvisosController.php(152): CodeIgniter\Database\BaseBuilder->get()
 3 SYSTEMPATH\CodeIgniter.php(933): App\Controllers\AvisosController->listarJson()
 4 SYSTEMPATH\CodeIgniter.php(509): CodeIgniter\CodeIgniter->runController(Object(App\Controllers\AvisosController))
 5 SYSTEMPATH\CodeIgniter.php(355): CodeIgniter\CodeIgniter->handleRequest(null, Object(Config\Cache), false)
 6 SYSTEMPATH\Boot.php(325): CodeIgniter\CodeIgniter->run()
 7 SYSTEMPATH\Boot.php(67): CodeIgniter\Boot::runCodeIgniter(Object(CodeIgniter\CodeIgniter))
 8 FCPATH\index.php(57): CodeIgniter\Boot::bootWeb(Object(Config\Paths))
CRITICAL - 2025-09-25 08:59:56 --> [Caused by] CodeIgniter\Database\Exceptions\DatabaseException: You have an error in your SQL syntax; check the manual that corresponds to your MariaDB server version for the right syntax to use near ')
OR `idcurso` IS NULL
 )
AND   (
`fecha` >= '2025-09-01 00:00:00'
AND `fecha...' at line 8
in SYSTEMPATH\Database\MySQLi\Connection.php on line 317.
 1 SYSTEMPATH\Database\BaseConnection.php(734): CodeIgniter\Database\MySQLi\Connection->execute('SELECT *
FROM `avisos`
WHERE `idcolegio` = \'3\'
AND   (
`visibilidad` = \'alumnos\'
 )
AND   (
`idcurso` IN ()
OR `idcurso` IS NULL
 )
AND   (
`fecha` >= \'2025-09-01 00:00:00\'
AND `fecha` <= \'2025-10-13 00:00:00\'
 )
ORDER BY `fecha` ASC')
 2 SYSTEMPATH\Database\BaseConnection.php(648): CodeIgniter\Database\BaseConnection->simpleQuery('SELECT *
FROM `avisos`
WHERE `idcolegio` = \'3\'
AND   (
`visibilidad` = \'alumnos\'
 )
AND   (
`idcurso` IN ()
OR `idcurso` IS NULL
 )
AND   (
`fecha` >= \'2025-09-01 00:00:00\'
AND `fecha` <= \'2025-10-13 00:00:00\'
 )
ORDER BY `fecha` ASC')
 3 SYSTEMPATH\Database\BaseBuilder.php(1644): CodeIgniter\Database\BaseConnection->query('SELECT *
FROM `avisos`
WHERE `idcolegio` = :idcolegio:
AND   (
`visibilidad` = :visibilidad:
 )
AND   (
`idcurso` IN :idcurso:
OR `idcurso` IS NULL
 )
AND   (
`fecha` >= :fecha:
AND `fecha` <= :fecha.1:
 )
ORDER BY `fecha` ASC', [...], false)
 4 APPPATH\Controllers\AvisosController.php(152): CodeIgniter\Database\BaseBuilder->get()
 5 SYSTEMPATH\CodeIgniter.php(933): App\Controllers\AvisosController->listarJson()
 6 SYSTEMPATH\CodeIgniter.php(509): CodeIgniter\CodeIgniter->runController(Object(App\Controllers\AvisosController))
 7 SYSTEMPATH\CodeIgniter.php(355): CodeIgniter\CodeIgniter->handleRequest(null, Object(Config\Cache), false)
 8 SYSTEMPATH\Boot.php(325): CodeIgniter\CodeIgniter->run()
 9 SYSTEMPATH\Boot.php(67): CodeIgniter\Boot::runCodeIgniter(Object(CodeIgniter\CodeIgniter))
10 FCPATH\index.php(57): CodeIgniter\Boot::bootWeb(Object(Config\Paths))
CRITICAL - 2025-09-25 08:59:56 --> [Caused by] mysqli_sql_exception: You have an error in your SQL syntax; check the manual that corresponds to your MariaDB server version for the right syntax to use near ')
OR `idcurso` IS NULL
 )
AND   (
`fecha` >= '2025-09-01 00:00:00'
AND `fecha...' at line 8
in SYSTEMPATH\Database\MySQLi\Connection.php on line 312.
 1 SYSTEMPATH\Database\MySQLi\Connection.php(312): mysqli->query('SELECT *
FROM `avisos`
WHERE `idcolegio` = \'3\'
AND   (
`visibilidad` = \'alumnos\'
 )
AND   (
`idcurso` IN ()
OR `idcurso` IS NULL
 )
AND   (
`fecha` >= \'2025-09-01 00:00:00\'
AND `fecha` <= \'2025-10-13 00:00:00\'
 )
ORDER BY `fecha` ASC', 0)
 2 SYSTEMPATH\Database\BaseConnection.php(734): CodeIgniter\Database\MySQLi\Connection->execute('SELECT *
FROM `avisos`
WHERE `idcolegio` = \'3\'
AND   (
`visibilidad` = \'alumnos\'
 )
AND   (
`idcurso` IN ()
OR `idcurso` IS NULL
 )
AND   (
`fecha` >= \'2025-09-01 00:00:00\'
AND `fecha` <= \'2025-10-13 00:00:00\'
 )
ORDER BY `fecha` ASC')
 3 SYSTEMPATH\Database\BaseConnection.php(648): CodeIgniter\Database\BaseConnection->simpleQuery('SELECT *
FROM `avisos`
WHERE `idcolegio` = \'3\'
AND   (
`visibilidad` = \'alumnos\'
 )
AND   (
`idcurso` IN ()
OR `idcurso` IS NULL
 )
AND   (
`fecha` >= \'2025-09-01 00:00:00\'
AND `fecha` <= \'2025-10-13 00:00:00\'
 )
ORDER BY `fecha` ASC')
 4 SYSTEMPATH\Database\BaseBuilder.php(1644): CodeIgniter\Database\BaseConnection->query('SELECT *
FROM `avisos`
WHERE `idcolegio` = :idcolegio:
AND   (
`visibilidad` = :visibilidad:
 )
AND   (
`idcurso` IN :idcurso:
OR `idcurso` IS NULL
 )
AND   (
`fecha` >= :fecha:
AND `fecha` <= :fecha.1:
 )
ORDER BY `fecha` ASC', [...], false)
 5 APPPATH\Controllers\AvisosController.php(152): CodeIgniter\Database\BaseBuilder->get()
 6 SYSTEMPATH\CodeIgniter.php(933): App\Controllers\AvisosController->listarJson()
 7 SYSTEMPATH\CodeIgniter.php(509): CodeIgniter\CodeIgniter->runController(Object(App\Controllers\AvisosController))
 8 SYSTEMPATH\CodeIgniter.php(355): CodeIgniter\CodeIgniter->handleRequest(null, Object(Config\Cache), false)
 9 SYSTEMPATH\Boot.php(325): CodeIgniter\CodeIgniter->run()
10 SYSTEMPATH\Boot.php(67): CodeIgniter\Boot::runCodeIgniter(Object(CodeIgniter\CodeIgniter))
11 FCPATH\index.php(57): CodeIgniter\Boot::bootWeb(Object(Config\Paths))
