ERROR - 2025-06-17 14:35:33 --> mysqli_sql_exception: Table 'timbre2025.roles' doesn't exist in C:\xampp\htdocs\juanxiomaram2024\tesina2025\system\Database\MySQLi\Connection.php:312
Stack trace:
#0 C:\xampp\htdocs\juanxiomaram2024\tesina2025\system\Database\MySQLi\Connection.php(312): mysqli->query('SELECT `uc`.`id...', 0)
#1 C:\xampp\htdocs\juanxiomaram2024\tesina2025\system\Database\BaseConnection.php(734): CodeIgniter\Database\MySQLi\Connection->execute('SELECT `uc`.`id...')
#2 C:\xampp\htdocs\juanxiomaram2024\tesina2025\system\Database\BaseConnection.php(648): CodeIgniter\Database\BaseConnection->simpleQuery('SELECT `uc`.`id...')
#3 C:\xampp\htdocs\juanxiomaram2024\tesina2025\system\Database\BaseBuilder.php(1644): CodeIgniter\Database\BaseConnection->query('SELECT `uc`.`id...', Array, false)
#4 C:\xampp\htdocs\juanxiomaram2024\tesina2025\app\Controllers\Auth.php(60): CodeIgniter\Database\BaseBuilder->get()
#5 C:\xampp\htdocs\juanxiomaram2024\tesina2025\system\CodeIgniter.php(933): App\Controllers\Auth->autenticar()
#6 C:\xampp\htdocs\juanxiomaram2024\tesina2025\system\CodeIgniter.php(509): CodeIgniter\CodeIgniter->runController(Object(App\Controllers\Auth))
#7 C:\xampp\htdocs\juanxiomaram2024\tesina2025\system\CodeIgniter.php(355): CodeIgniter\CodeIgniter->handleRequest(NULL, Object(Config\Cache), false)
#8 C:\xampp\htdocs\juanxiomaram2024\tesina2025\system\Boot.php(325): CodeIgniter\CodeIgniter->run()
#9 C:\xampp\htdocs\juanxiomaram2024\tesina2025\system\Boot.php(67): CodeIgniter\Boot::runCodeIgniter(Object(CodeIgniter\CodeIgniter))
#10 C:\xampp\htdocs\juanxiomaram2024\tesina2025\public\index.php(57): CodeIgniter\Boot::bootWeb(Object(Config\Paths))
#11 {main}
CRITICAL - 2025-06-17 14:35:33 --> CodeIgniter\Database\Exceptions\DatabaseException: Table 'timbre2025.roles' doesn't exist
[Method: POST, Route: autenticar]
in SYSTEMPATH\Database\BaseConnection.php on line 688.
 1 SYSTEMPATH\Database\BaseBuilder.php(1644): CodeIgniter\Database\BaseConnection->query('SELECT `uc`.`idcolegio`, `uc`.`idrol`, `c`.`nombre` as `colegio`, `r`.`tipo` as `rol`
FROM `usuario_colegio` `uc`
JOIN `colegios` `c` ON `c`.`idcolegio` = `uc`.`idcolegio`
JOIN `roles` `r` ON `r`.`idrol` = `uc`.`idrol`
WHERE `uc`.`idusuario` = :uc.idusuario:', [...], false)
 2 APPPATH\Controllers\Auth.php(60): CodeIgniter\Database\BaseBuilder->get()
 3 SYSTEMPATH\CodeIgniter.php(933): App\Controllers\Auth->autenticar()
 4 SYSTEMPATH\CodeIgniter.php(509): CodeIgniter\CodeIgniter->runController(Object(App\Controllers\Auth))
 5 SYSTEMPATH\CodeIgniter.php(355): CodeIgniter\CodeIgniter->handleRequest(null, Object(Config\Cache), false)
 6 SYSTEMPATH\Boot.php(325): CodeIgniter\CodeIgniter->run()
 7 SYSTEMPATH\Boot.php(67): CodeIgniter\Boot::runCodeIgniter(Object(CodeIgniter\CodeIgniter))
 8 FCPATH\index.php(57): CodeIgniter\Boot::bootWeb(Object(Config\Paths))
CRITICAL - 2025-06-17 14:35:33 --> [Caused by] CodeIgniter\Database\Exceptions\DatabaseException: Table 'timbre2025.roles' doesn't exist
in SYSTEMPATH\Database\MySQLi\Connection.php on line 317.
 1 SYSTEMPATH\Database\BaseConnection.php(734): CodeIgniter\Database\MySQLi\Connection->execute('SELECT `uc`.`idcolegio`, `uc`.`idrol`, `c`.`nombre` as `colegio`, `r`.`tipo` as `rol`
FROM `usuario_colegio` `uc`
JOIN `colegios` `c` ON `c`.`idcolegio` = `uc`.`idcolegio`
JOIN `roles` `r` ON `r`.`idrol` = `uc`.`idrol`
WHERE `uc`.`idusuario` = \'176\'')
 2 SYSTEMPATH\Database\BaseConnection.php(648): CodeIgniter\Database\BaseConnection->simpleQuery('SELECT `uc`.`idcolegio`, `uc`.`idrol`, `c`.`nombre` as `colegio`, `r`.`tipo` as `rol`
FROM `usuario_colegio` `uc`
JOIN `colegios` `c` ON `c`.`idcolegio` = `uc`.`idcolegio`
JOIN `roles` `r` ON `r`.`idrol` = `uc`.`idrol`
WHERE `uc`.`idusuario` = \'176\'')
 3 SYSTEMPATH\Database\BaseBuilder.php(1644): CodeIgniter\Database\BaseConnection->query('SELECT `uc`.`idcolegio`, `uc`.`idrol`, `c`.`nombre` as `colegio`, `r`.`tipo` as `rol`
FROM `usuario_colegio` `uc`
JOIN `colegios` `c` ON `c`.`idcolegio` = `uc`.`idcolegio`
JOIN `roles` `r` ON `r`.`idrol` = `uc`.`idrol`
WHERE `uc`.`idusuario` = :uc.idusuario:', [...], false)
 4 APPPATH\Controllers\Auth.php(60): CodeIgniter\Database\BaseBuilder->get()
 5 SYSTEMPATH\CodeIgniter.php(933): App\Controllers\Auth->autenticar()
 6 SYSTEMPATH\CodeIgniter.php(509): CodeIgniter\CodeIgniter->runController(Object(App\Controllers\Auth))
 7 SYSTEMPATH\CodeIgniter.php(355): CodeIgniter\CodeIgniter->handleRequest(null, Object(Config\Cache), false)
 8 SYSTEMPATH\Boot.php(325): CodeIgniter\CodeIgniter->run()
 9 SYSTEMPATH\Boot.php(67): CodeIgniter\Boot::runCodeIgniter(Object(CodeIgniter\CodeIgniter))
10 FCPATH\index.php(57): CodeIgniter\Boot::bootWeb(Object(Config\Paths))
CRITICAL - 2025-06-17 14:35:33 --> [Caused by] mysqli_sql_exception: Table 'timbre2025.roles' doesn't exist
in SYSTEMPATH\Database\MySQLi\Connection.php on line 312.
 1 SYSTEMPATH\Database\MySQLi\Connection.php(312): mysqli->query('SELECT `uc`.`idcolegio`, `uc`.`idrol`, `c`.`nombre` as `colegio`, `r`.`tipo` as `rol`
FROM `usuario_colegio` `uc`
JOIN `colegios` `c` ON `c`.`idcolegio` = `uc`.`idcolegio`
JOIN `roles` `r` ON `r`.`idrol` = `uc`.`idrol`
WHERE `uc`.`idusuario` = \'176\'', 0)
 2 SYSTEMPATH\Database\BaseConnection.php(734): CodeIgniter\Database\MySQLi\Connection->execute('SELECT `uc`.`idcolegio`, `uc`.`idrol`, `c`.`nombre` as `colegio`, `r`.`tipo` as `rol`
FROM `usuario_colegio` `uc`
JOIN `colegios` `c` ON `c`.`idcolegio` = `uc`.`idcolegio`
JOIN `roles` `r` ON `r`.`idrol` = `uc`.`idrol`
WHERE `uc`.`idusuario` = \'176\'')
 3 SYSTEMPATH\Database\BaseConnection.php(648): CodeIgniter\Database\BaseConnection->simpleQuery('SELECT `uc`.`idcolegio`, `uc`.`idrol`, `c`.`nombre` as `colegio`, `r`.`tipo` as `rol`
FROM `usuario_colegio` `uc`
JOIN `colegios` `c` ON `c`.`idcolegio` = `uc`.`idcolegio`
JOIN `roles` `r` ON `r`.`idrol` = `uc`.`idrol`
WHERE `uc`.`idusuario` = \'176\'')
 4 SYSTEMPATH\Database\BaseBuilder.php(1644): CodeIgniter\Database\BaseConnection->query('SELECT `uc`.`idcolegio`, `uc`.`idrol`, `c`.`nombre` as `colegio`, `r`.`tipo` as `rol`
FROM `usuario_colegio` `uc`
JOIN `colegios` `c` ON `c`.`idcolegio` = `uc`.`idcolegio`
JOIN `roles` `r` ON `r`.`idrol` = `uc`.`idrol`
WHERE `uc`.`idusuario` = :uc.idusuario:', [...], false)
 5 APPPATH\Controllers\Auth.php(60): CodeIgniter\Database\BaseBuilder->get()
 6 SYSTEMPATH\CodeIgniter.php(933): App\Controllers\Auth->autenticar()
 7 SYSTEMPATH\CodeIgniter.php(509): CodeIgniter\CodeIgniter->runController(Object(App\Controllers\Auth))
 8 SYSTEMPATH\CodeIgniter.php(355): CodeIgniter\CodeIgniter->handleRequest(null, Object(Config\Cache), false)
 9 SYSTEMPATH\Boot.php(325): CodeIgniter\CodeIgniter->run()
10 SYSTEMPATH\Boot.php(67): CodeIgniter\Boot::runCodeIgniter(Object(CodeIgniter\CodeIgniter))
11 FCPATH\index.php(57): CodeIgniter\Boot::bootWeb(Object(Config\Paths))
CRITICAL - 2025-06-17 13:29:33 --> Error: Class "App\Models\UsuarioColegio" not found
[Method: POST, Route: admin/guardarUsuario]
in APPPATH\Controllers\AdminController.php on line 66.
 1 SYSTEMPATH\CodeIgniter.php(933): App\Controllers\AdminController->guardarUsuario()
 2 SYSTEMPATH\CodeIgniter.php(509): CodeIgniter\CodeIgniter->runController(Object(App\Controllers\AdminController))
 3 SYSTEMPATH\CodeIgniter.php(355): CodeIgniter\CodeIgniter->handleRequest(null, Object(Config\Cache), false)
 4 SYSTEMPATH\Boot.php(325): CodeIgniter\CodeIgniter->run()
 5 SYSTEMPATH\Boot.php(67): CodeIgniter\Boot::runCodeIgniter(Object(CodeIgniter\CodeIgniter))
 6 FCPATH\index.php(57): CodeIgniter\Boot::bootWeb(Object(Config\Paths))
CRITICAL - 2025-06-17 13:29:50 --> Error: Class "App\Models\UsuarioColegioModel" not found
[Method: POST, Route: admin/guardarUsuario]
in APPPATH\Controllers\AdminController.php on line 66.
 1 SYSTEMPATH\CodeIgniter.php(933): App\Controllers\AdminController->guardarUsuario()
 2 SYSTEMPATH\CodeIgniter.php(509): CodeIgniter\CodeIgniter->runController(Object(App\Controllers\AdminController))
 3 SYSTEMPATH\CodeIgniter.php(355): CodeIgniter\CodeIgniter->handleRequest(null, Object(Config\Cache), false)
 4 SYSTEMPATH\Boot.php(325): CodeIgniter\CodeIgniter->run()
 5 SYSTEMPATH\Boot.php(67): CodeIgniter\Boot::runCodeIgniter(Object(CodeIgniter\CodeIgniter))
 6 FCPATH\index.php(57): CodeIgniter\Boot::bootWeb(Object(Config\Paths))
CRITICAL - 2025-06-17 13:29:53 --> Error: Class "App\Models\UsuarioColegioModel" not found
[Method: POST, Route: admin/guardarUsuario]
in APPPATH\Controllers\AdminController.php on line 66.
 1 SYSTEMPATH\CodeIgniter.php(933): App\Controllers\AdminController->guardarUsuario()
 2 SYSTEMPATH\CodeIgniter.php(509): CodeIgniter\CodeIgniter->runController(Object(App\Controllers\AdminController))
 3 SYSTEMPATH\CodeIgniter.php(355): CodeIgniter\CodeIgniter->handleRequest(null, Object(Config\Cache), false)
 4 SYSTEMPATH\Boot.php(325): CodeIgniter\CodeIgniter->run()
 5 SYSTEMPATH\Boot.php(67): CodeIgniter\Boot::runCodeIgniter(Object(CodeIgniter\CodeIgniter))
 6 FCPATH\index.php(57): CodeIgniter\Boot::bootWeb(Object(Config\Paths))
CRITICAL - 2025-06-17 16:37:33 --> Error: Class "App\Models\UsuarioColegio" not found
[Method: GET, Route: vista_admin]
in APPPATH\Controllers\AdminController.php on line 23.
 1 SYSTEMPATH\CodeIgniter.php(933): App\Controllers\AdminController->index()
 2 SYSTEMPATH\CodeIgniter.php(509): CodeIgniter\CodeIgniter->runController(Object(App\Controllers\AdminController))
 3 SYSTEMPATH\CodeIgniter.php(355): CodeIgniter\CodeIgniter->handleRequest(null, Object(Config\Cache), false)
 4 SYSTEMPATH\Boot.php(325): CodeIgniter\CodeIgniter->run()
 5 SYSTEMPATH\Boot.php(67): CodeIgniter\Boot::runCodeIgniter(Object(CodeIgniter\CodeIgniter))
 6 FCPATH\index.php(57): CodeIgniter\Boot::bootWeb(Object(Config\Paths))
