ERROR - 2025-09-28 19:53:37 --> Error connecting to the database: mysqli_sql_exception: No se puede establecer una conexión ya que el equipo de destino denegó expresamente dicha conexión in C:\xampp\htdocs\juanxiomaram2024\tesina2025\system\Database\MySQLi\Connection.php:186
Stack trace:
#0 C:\xampp\htdocs\juanxiomaram2024\tesina2025\system\Database\MySQLi\Connection.php(186): mysqli->real_connect('localhost', 'root', Object(SensitiveParameterValue), 'timbre2025', 3306, '', 0)
#1 C:\xampp\htdocs\juanxiomaram2024\tesina2025\system\Database\BaseConnection.php(421): CodeIgniter\Database\MySQLi\Connection->connect(false)
#2 C:\xampp\htdocs\juanxiomaram2024\tesina2025\system\Database\BaseConnection.php(616): CodeIgniter\Database\BaseConnection->initialize()
#3 C:\xampp\htdocs\juanxiomaram2024\tesina2025\system\Database\BaseBuilder.php(1644): CodeIgniter\Database\BaseConnection->query('SELECT *\nFROM `...', Array, false)
#4 C:\xampp\htdocs\juanxiomaram2024\tesina2025\app\Controllers\AvisosController.php(153): CodeIgniter\Database\BaseBuilder->get()
#5 C:\xampp\htdocs\juanxiomaram2024\tesina2025\system\CodeIgniter.php(933): App\Controllers\AvisosController->listarJson()
#6 C:\xampp\htdocs\juanxiomaram2024\tesina2025\system\CodeIgniter.php(509): CodeIgniter\CodeIgniter->runController(Object(App\Controllers\AvisosController))
#7 C:\xampp\htdocs\juanxiomaram2024\tesina2025\system\CodeIgniter.php(355): CodeIgniter\CodeIgniter->handleRequest(NULL, Object(Config\Cache), false)
#8 C:\xampp\htdocs\juanxiomaram2024\tesina2025\system\Boot.php(325): CodeIgniter\CodeIgniter->run()
#9 C:\xampp\htdocs\juanxiomaram2024\tesina2025\system\Boot.php(67): CodeIgniter\Boot::runCodeIgniter(Object(CodeIgniter\CodeIgniter))
#10 C:\xampp\htdocs\juanxiomaram2024\tesina2025\public\index.php(57): CodeIgniter\Boot::bootWeb(Object(Config\Paths))
#11 {main}

Next CodeIgniter\Database\Exceptions\DatabaseException: No se puede establecer una conexión ya que el equipo de destino denegó expresamente dicha conexión in C:\xampp\htdocs\juanxiomaram2024\tesina2025\system\Database\MySQLi\Connection.php:231
Stack trace:
#0 C:\xampp\htdocs\juanxiomaram2024\tesina2025\system\Database\BaseConnection.php(421): CodeIgniter\Database\MySQLi\Connection->connect(false)
#1 C:\xampp\htdocs\juanxiomaram2024\tesina2025\system\Database\BaseConnection.php(616): CodeIgniter\Database\BaseConnection->initialize()
#2 C:\xampp\htdocs\juanxiomaram2024\tesina2025\system\Database\BaseBuilder.php(1644): CodeIgniter\Database\BaseConnection->query('SELECT *\nFROM `...', Array, false)
#3 C:\xampp\htdocs\juanxiomaram2024\tesina2025\app\Controllers\AvisosController.php(153): CodeIgniter\Database\BaseBuilder->get()
#4 C:\xampp\htdocs\juanxiomaram2024\tesina2025\system\CodeIgniter.php(933): App\Controllers\AvisosController->listarJson()
#5 C:\xampp\htdocs\juanxiomaram2024\tesina2025\system\CodeIgniter.php(509): CodeIgniter\CodeIgniter->runController(Object(App\Controllers\AvisosController))
#6 C:\xampp\htdocs\juanxiomaram2024\tesina2025\system\CodeIgniter.php(355): CodeIgniter\CodeIgniter->handleRequest(NULL, Object(Config\Cache), false)
#7 C:\xampp\htdocs\juanxiomaram2024\tesina2025\system\Boot.php(325): CodeIgniter\CodeIgniter->run()
#8 C:\xampp\htdocs\juanxiomaram2024\tesina2025\system\Boot.php(67): CodeIgniter\Boot::runCodeIgniter(Object(CodeIgniter\CodeIgniter))
#9 C:\xampp\htdocs\juanxiomaram2024\tesina2025\public\index.php(57): CodeIgniter\Boot::bootWeb(Object(Config\Paths))
#10 {main}
CRITICAL - 2025-09-28 19:53:37 --> CodeIgniter\Database\Exceptions\DatabaseException: Unable to connect to the database.
Main connection [MySQLi]: No se puede establecer una conexión ya que el equipo de destino denegó expresamente dicha conexión
[Method: GET, Route: avisos/listarJson]
in SYSTEMPATH\Database\BaseConnection.php on line 467.
 1 SYSTEMPATH\Database\BaseConnection.php(616): CodeIgniter\Database\BaseConnection->initialize()
 2 SYSTEMPATH\Database\BaseBuilder.php(1644): CodeIgniter\Database\BaseConnection->query('SELECT *
FROM `avisos`
WHERE `idcolegio` IS NULL
ORDER BY `fecha` ASC', [], false)
 3 APPPATH\Controllers\AvisosController.php(153): CodeIgniter\Database\BaseBuilder->get()
 4 SYSTEMPATH\CodeIgniter.php(933): App\Controllers\AvisosController->listarJson()
 5 SYSTEMPATH\CodeIgniter.php(509): CodeIgniter\CodeIgniter->runController(Object(App\Controllers\AvisosController))
 6 SYSTEMPATH\CodeIgniter.php(355): CodeIgniter\CodeIgniter->handleRequest(null, Object(Config\Cache), false)
 7 SYSTEMPATH\Boot.php(325): CodeIgniter\CodeIgniter->run()
 8 SYSTEMPATH\Boot.php(67): CodeIgniter\Boot::runCodeIgniter(Object(CodeIgniter\CodeIgniter))
 9 FCPATH\index.php(57): CodeIgniter\Boot::bootWeb(Object(Config\Paths))
