CRITICAL - 2025-09-23 11:43:31 --> ErrorException: unlink(C:\xampp\htdocs\juanxiomaram2024\tesina2025\writable\session/ci_sessione22iv0esl68a3rlh1o7qdd0jmj7nns4d): No such file or directory
[Method: GET, Route: profesor/avisos]
in SYSTEMPATH\Session\Handlers\FileHandler.php on line 248.
 1 [internal function]: CodeIgniter\Debug\Exceptions->errorHandler(2, 'unlink(C:\\xampp\\htdocs\\juanxiomaram2024\\tesina2025\\writable\\session/ci_sessione22iv0esl68a3rlh1o7qdd0jmj7nns4d): No such file or directory', 'C:\\xampp\\htdocs\\juanxiomaram2024\\tesina2025\\system\\Session\\Handlers\\FileHandler.php', 248)
 2 SYSTEMPATH\Session\Handlers\FileHandler.php(248): unlink('C:\\xampp\\htdocs\\juanxiomaram2024\\tesina2025\\writable\\session/ci_sessione22iv0esl68a3rlh1o7qdd0jmj7nns4d')
 3 [internal function]: CodeIgniter\Session\Handlers\FileHandler->destroy('e22iv0esl68a3rlh1o7qdd0jmj7nns4d')
 4 SYSTEMPATH\Session\Session.php(920): session_start()
 5 SYSTEMPATH\Session\Session.php(242): CodeIgniter\Session\Session->startSession()
 6 SYSTEMPATH\Config\Services.php(710): CodeIgniter\Session\Session->start()
 7 SYSTEMPATH\Config\BaseService.php(312): CodeIgniter\Config\Services::session(Object(Config\Session), false)
 8 SYSTEMPATH\Config\BaseService.php(251): CodeIgniter\Config\BaseService::__callStatic('session', [...])
 9 SYSTEMPATH\Config\Services.php(668): CodeIgniter\Config\BaseService::getSharedInstance('session', null)
10 SYSTEMPATH\Config\BaseService.php(321): CodeIgniter\Config\Services::session()
11 SYSTEMPATH\Config\BaseService.php(202): CodeIgniter\Config\BaseService::__callStatic('session', [])
12 SYSTEMPATH\Common.php(996): CodeIgniter\Config\BaseService::get('session')
13 SYSTEMPATH\Common.php(969): service('session')
14 APPPATH\Controllers\ProfesorController.php(15): session()
15 SYSTEMPATH\CodeIgniter.php(903): App\Controllers\ProfesorController->__construct()
16 SYSTEMPATH\CodeIgniter.php(500): CodeIgniter\CodeIgniter->createController()
17 SYSTEMPATH\CodeIgniter.php(355): CodeIgniter\CodeIgniter->handleRequest(null, Object(Config\Cache), false)
18 SYSTEMPATH\Boot.php(325): CodeIgniter\CodeIgniter->run()
19 SYSTEMPATH\Boot.php(67): CodeIgniter\Boot::runCodeIgniter(Object(CodeIgniter\CodeIgniter))
20 FCPATH\index.php(57): CodeIgniter\Boot::bootWeb(Object(Config\Paths))
CRITICAL - 2025-09-23 11:43:31 --> ErrorException: session_start(): Failed to decode session object. Session has been destroyed
[Method: GET, Route: avisos/crear]
in SYSTEMPATH\Session\Session.php on line 920.
 1 [internal function]: CodeIgniter\Debug\Exceptions->errorHandler(2, 'session_start(): Failed to decode session object. Session has been destroyed', 'C:\\xampp\\htdocs\\juanxiomaram2024\\tesina2025\\system\\Session\\Session.php', 920)
 2 SYSTEMPATH\Session\Session.php(920): session_start()
 3 SYSTEMPATH\Session\Session.php(242): CodeIgniter\Session\Session->startSession()
 4 SYSTEMPATH\Config\Services.php(710): CodeIgniter\Session\Session->start()
 5 SYSTEMPATH\Config\BaseService.php(312): CodeIgniter\Config\Services::session(Object(Config\Session), false)
 6 SYSTEMPATH\Config\BaseService.php(251): CodeIgniter\Config\BaseService::__callStatic('session', [...])
 7 SYSTEMPATH\Config\Services.php(668): CodeIgniter\Config\BaseService::getSharedInstance('session', null)
 8 SYSTEMPATH\Config\BaseService.php(321): CodeIgniter\Config\Services::session()
 9 SYSTEMPATH\Config\BaseService.php(202): CodeIgniter\Config\BaseService::__callStatic('session', [])
10 SYSTEMPATH\Common.php(996): CodeIgniter\Config\BaseService::get('session')
11 SYSTEMPATH\Common.php(969): service('session')
12 APPPATH\Controllers\AvisosController.php(24): session()
13 SYSTEMPATH\CodeIgniter.php(933): App\Controllers\AvisosController->crearAviso()
14 SYSTEMPATH\CodeIgniter.php(509): CodeIgniter\CodeIgniter->runController(Object(App\Controllers\AvisosController))
15 SYSTEMPATH\CodeIgniter.php(355): CodeIgniter\CodeIgniter->handleRequest(null, Object(Config\Cache), false)
16 SYSTEMPATH\Boot.php(325): CodeIgniter\CodeIgniter->run()
17 SYSTEMPATH\Boot.php(67): CodeIgniter\Boot::runCodeIgniter(Object(CodeIgniter\CodeIgniter))
18 FCPATH\index.php(57): CodeIgniter\Boot::bootWeb(Object(Config\Paths))
CRITICAL - 2025-09-23 12:41:53 --> ErrorException: Undefined variable $aviso
[Method: GET, Route: avisos/listarJson]
in APPPATH\Controllers\AvisosController.php on line 121.
 1 APPPATH\Controllers\AvisosController.php(121): CodeIgniter\Debug\Exceptions->errorHandler(2, 'Undefined variable $aviso', 'C:\\xampp\\htdocs\\juanxiomaram2024\\tesina2025\\app\\Controllers\\AvisosController.php', 121)
 2 SYSTEMPATH\CodeIgniter.php(933): App\Controllers\AvisosController->listarJson()
 3 SYSTEMPATH\CodeIgniter.php(509): CodeIgniter\CodeIgniter->runController(Object(App\Controllers\AvisosController))
 4 SYSTEMPATH\CodeIgniter.php(355): CodeIgniter\CodeIgniter->handleRequest(null, Object(Config\Cache), false)
 5 SYSTEMPATH\Boot.php(325): CodeIgniter\CodeIgniter->run()
 6 SYSTEMPATH\Boot.php(67): CodeIgniter\Boot::runCodeIgniter(Object(CodeIgniter\CodeIgniter))
 7 FCPATH\index.php(57): CodeIgniter\Boot::bootWeb(Object(Config\Paths))
CRITICAL - 2025-09-23 12:42:12 --> ErrorException: Undefined variable $aviso
[Method: GET, Route: avisos/listarJson]
in APPPATH\Controllers\AvisosController.php on line 121.
 1 APPPATH\Controllers\AvisosController.php(121): CodeIgniter\Debug\Exceptions->errorHandler(2, 'Undefined variable $aviso', 'C:\\xampp\\htdocs\\juanxiomaram2024\\tesina2025\\app\\Controllers\\AvisosController.php', 121)
 2 SYSTEMPATH\CodeIgniter.php(933): App\Controllers\AvisosController->listarJson()
 3 SYSTEMPATH\CodeIgniter.php(509): CodeIgniter\CodeIgniter->runController(Object(App\Controllers\AvisosController))
 4 SYSTEMPATH\CodeIgniter.php(355): CodeIgniter\CodeIgniter->handleRequest(null, Object(Config\Cache), false)
 5 SYSTEMPATH\Boot.php(325): CodeIgniter\CodeIgniter->run()
 6 SYSTEMPATH\Boot.php(67): CodeIgniter\Boot::runCodeIgniter(Object(CodeIgniter\CodeIgniter))
 7 FCPATH\index.php(57): CodeIgniter\Boot::bootWeb(Object(Config\Paths))
CRITICAL - 2025-09-23 12:43:28 --> ErrorException: Undefined variable $aviso
[Method: GET, Route: avisos/listarJson]
in APPPATH\Controllers\AvisosController.php on line 121.
 1 APPPATH\Controllers\AvisosController.php(121): CodeIgniter\Debug\Exceptions->errorHandler(2, 'Undefined variable $aviso', 'C:\\xampp\\htdocs\\juanxiomaram2024\\tesina2025\\app\\Controllers\\AvisosController.php', 121)
 2 SYSTEMPATH\CodeIgniter.php(933): App\Controllers\AvisosController->listarJson()
 3 SYSTEMPATH\CodeIgniter.php(509): CodeIgniter\CodeIgniter->runController(Object(App\Controllers\AvisosController))
 4 SYSTEMPATH\CodeIgniter.php(355): CodeIgniter\CodeIgniter->handleRequest(null, Object(Config\Cache), false)
 5 SYSTEMPATH\Boot.php(325): CodeIgniter\CodeIgniter->run()
 6 SYSTEMPATH\Boot.php(67): CodeIgniter\Boot::runCodeIgniter(Object(CodeIgniter\CodeIgniter))
 7 FCPATH\index.php(57): CodeIgniter\Boot::bootWeb(Object(Config\Paths))
ERROR - 2025-09-23 13:22:33 --> mysqli_sql_exception: You have an error in your SQL syntax; check the manual that corresponds to your MariaDB server version for the right syntax to use near ')
OR `idcurso` IS NULL
 )
AND   (
`fecha` >= '2025-09-01 00:00:00'
AND `fecha...' at line 8 in C:\xampp\htdocs\juanxiomaram2024\tesina2025\system\Database\MySQLi\Connection.php:312
Stack trace:
#0 C:\xampp\htdocs\juanxiomaram2024\tesina2025\system\Database\MySQLi\Connection.php(312): mysqli->query('SELECT *\nFROM `...', 0)
#1 C:\xampp\htdocs\juanxiomaram2024\tesina2025\system\Database\BaseConnection.php(734): CodeIgniter\Database\MySQLi\Connection->execute('SELECT *\nFROM `...')
#2 C:\xampp\htdocs\juanxiomaram2024\tesina2025\system\Database\BaseConnection.php(648): CodeIgniter\Database\BaseConnection->simpleQuery('SELECT *\nFROM `...')
#3 C:\xampp\htdocs\juanxiomaram2024\tesina2025\system\Database\BaseBuilder.php(1644): CodeIgniter\Database\BaseConnection->query('SELECT *\nFROM `...', Array, false)
#4 C:\xampp\htdocs\juanxiomaram2024\tesina2025\app\Controllers\AvisosController.php(152): CodeIgniter\Database\BaseBuilder->get()
#5 C:\xampp\htdocs\juanxiomaram2024\tesina2025\system\CodeIgniter.php(933): App\Controllers\AvisosController->listarJson()
#6 C:\xampp\htdocs\juanxiomaram2024\tesina2025\system\CodeIgniter.php(509): CodeIgniter\CodeIgniter->runController(Object(App\Controllers\AvisosController))
#7 C:\xampp\htdocs\juanxiomaram2024\tesina2025\system\CodeIgniter.php(355): CodeIgniter\CodeIgniter->handleRequest(NULL, Object(Config\Cache), false)
#8 C:\xampp\htdocs\juanxiomaram2024\tesina2025\system\Boot.php(325): CodeIgniter\CodeIgniter->run()
#9 C:\xampp\htdocs\juanxiomaram2024\tesina2025\system\Boot.php(67): CodeIgniter\Boot::runCodeIgniter(Object(CodeIgniter\CodeIgniter))
#10 C:\xampp\htdocs\juanxiomaram2024\tesina2025\public\index.php(57): CodeIgniter\Boot::bootWeb(Object(Config\Paths))
#11 {main}
CRITICAL - 2025-09-23 13:22:33 --> CodeIgniter\Database\Exceptions\DatabaseException: You have an error in your SQL syntax; check the manual that corresponds to your MariaDB server version for the right syntax to use near ')
OR `idcurso` IS NULL
 )
AND   (
`fecha` >= '2025-09-01 00:00:00'
AND `fecha...' at line 8
[Method: GET, Route: avisos/listarJson]
in SYSTEMPATH\Database\BaseConnection.php on line 688.
 1 SYSTEMPATH\Database\BaseBuilder.php(1644): CodeIgniter\Database\BaseConnection->query('SELECT *
FROM `avisos`
WHERE `idcolegio` = :idcolegio:
AND   (
`visibilidad` = :visibilidad:
 )
AND   (
`idcurso` IN :idcurso:
OR `idcurso` IS NULL
 )
AND   (
`fecha` >= :fecha:
AND `fecha` <= :fecha.1:
 )
ORDER BY `fecha` ASC', [...], false)
 2 APPPATH\Controllers\AvisosController.php(152): CodeIgniter\Database\BaseBuilder->get()
 3 SYSTEMPATH\CodeIgniter.php(933): App\Controllers\AvisosController->listarJson()
 4 SYSTEMPATH\CodeIgniter.php(509): CodeIgniter\CodeIgniter->runController(Object(App\Controllers\AvisosController))
 5 SYSTEMPATH\CodeIgniter.php(355): CodeIgniter\CodeIgniter->handleRequest(null, Object(Config\Cache), false)
 6 SYSTEMPATH\Boot.php(325): CodeIgniter\CodeIgniter->run()
 7 SYSTEMPATH\Boot.php(67): CodeIgniter\Boot::runCodeIgniter(Object(CodeIgniter\CodeIgniter))
 8 FCPATH\index.php(57): CodeIgniter\Boot::bootWeb(Object(Config\Paths))
CRITICAL - 2025-09-23 13:22:33 --> [Caused by] CodeIgniter\Database\Exceptions\DatabaseException: You have an error in your SQL syntax; check the manual that corresponds to your MariaDB server version for the right syntax to use near ')
OR `idcurso` IS NULL
 )
AND   (
`fecha` >= '2025-09-01 00:00:00'
AND `fecha...' at line 8
in SYSTEMPATH\Database\MySQLi\Connection.php on line 317.
 1 SYSTEMPATH\Database\BaseConnection.php(734): CodeIgniter\Database\MySQLi\Connection->execute('SELECT *
FROM `avisos`
WHERE `idcolegio` = \'3\'
AND   (
`visibilidad` = \'alumnos\'
 )
AND   (
`idcurso` IN ()
OR `idcurso` IS NULL
 )
AND   (
`fecha` >= \'2025-09-01 00:00:00\'
AND `fecha` <= \'2025-10-13 00:00:00\'
 )
ORDER BY `fecha` ASC')
 2 SYSTEMPATH\Database\BaseConnection.php(648): CodeIgniter\Database\BaseConnection->simpleQuery('SELECT *
FROM `avisos`
WHERE `idcolegio` = \'3\'
AND   (
`visibilidad` = \'alumnos\'
 )
AND   (
`idcurso` IN ()
OR `idcurso` IS NULL
 )
AND   (
`fecha` >= \'2025-09-01 00:00:00\'
AND `fecha` <= \'2025-10-13 00:00:00\'
 )
ORDER BY `fecha` ASC')
 3 SYSTEMPATH\Database\BaseBuilder.php(1644): CodeIgniter\Database\BaseConnection->query('SELECT *
FROM `avisos`
WHERE `idcolegio` = :idcolegio:
AND   (
`visibilidad` = :visibilidad:
 )
AND   (
`idcurso` IN :idcurso:
OR `idcurso` IS NULL
 )
AND   (
`fecha` >= :fecha:
AND `fecha` <= :fecha.1:
 )
ORDER BY `fecha` ASC', [...], false)
 4 APPPATH\Controllers\AvisosController.php(152): CodeIgniter\Database\BaseBuilder->get()
 5 SYSTEMPATH\CodeIgniter.php(933): App\Controllers\AvisosController->listarJson()
 6 SYSTEMPATH\CodeIgniter.php(509): CodeIgniter\CodeIgniter->runController(Object(App\Controllers\AvisosController))
 7 SYSTEMPATH\CodeIgniter.php(355): CodeIgniter\CodeIgniter->handleRequest(null, Object(Config\Cache), false)
 8 SYSTEMPATH\Boot.php(325): CodeIgniter\CodeIgniter->run()
 9 SYSTEMPATH\Boot.php(67): CodeIgniter\Boot::runCodeIgniter(Object(CodeIgniter\CodeIgniter))
10 FCPATH\index.php(57): CodeIgniter\Boot::bootWeb(Object(Config\Paths))
CRITICAL - 2025-09-23 13:22:33 --> [Caused by] mysqli_sql_exception: You have an error in your SQL syntax; check the manual that corresponds to your MariaDB server version for the right syntax to use near ')
OR `idcurso` IS NULL
 )
AND   (
`fecha` >= '2025-09-01 00:00:00'
AND `fecha...' at line 8
in SYSTEMPATH\Database\MySQLi\Connection.php on line 312.
 1 SYSTEMPATH\Database\MySQLi\Connection.php(312): mysqli->query('SELECT *
FROM `avisos`
WHERE `idcolegio` = \'3\'
AND   (
`visibilidad` = \'alumnos\'
 )
AND   (
`idcurso` IN ()
OR `idcurso` IS NULL
 )
AND   (
`fecha` >= \'2025-09-01 00:00:00\'
AND `fecha` <= \'2025-10-13 00:00:00\'
 )
ORDER BY `fecha` ASC', 0)
 2 SYSTEMPATH\Database\BaseConnection.php(734): CodeIgniter\Database\MySQLi\Connection->execute('SELECT *
FROM `avisos`
WHERE `idcolegio` = \'3\'
AND   (
`visibilidad` = \'alumnos\'
 )
AND   (
`idcurso` IN ()
OR `idcurso` IS NULL
 )
AND   (
`fecha` >= \'2025-09-01 00:00:00\'
AND `fecha` <= \'2025-10-13 00:00:00\'
 )
ORDER BY `fecha` ASC')
 3 SYSTEMPATH\Database\BaseConnection.php(648): CodeIgniter\Database\BaseConnection->simpleQuery('SELECT *
FROM `avisos`
WHERE `idcolegio` = \'3\'
AND   (
`visibilidad` = \'alumnos\'
 )
AND   (
`idcurso` IN ()
OR `idcurso` IS NULL
 )
AND   (
`fecha` >= \'2025-09-01 00:00:00\'
AND `fecha` <= \'2025-10-13 00:00:00\'
 )
ORDER BY `fecha` ASC')
 4 SYSTEMPATH\Database\BaseBuilder.php(1644): CodeIgniter\Database\BaseConnection->query('SELECT *
FROM `avisos`
WHERE `idcolegio` = :idcolegio:
AND   (
`visibilidad` = :visibilidad:
 )
AND   (
`idcurso` IN :idcurso:
OR `idcurso` IS NULL
 )
AND   (
`fecha` >= :fecha:
AND `fecha` <= :fecha.1:
 )
ORDER BY `fecha` ASC', [...], false)
 5 APPPATH\Controllers\AvisosController.php(152): CodeIgniter\Database\BaseBuilder->get()
 6 SYSTEMPATH\CodeIgniter.php(933): App\Controllers\AvisosController->listarJson()
 7 SYSTEMPATH\CodeIgniter.php(509): CodeIgniter\CodeIgniter->runController(Object(App\Controllers\AvisosController))
 8 SYSTEMPATH\CodeIgniter.php(355): CodeIgniter\CodeIgniter->handleRequest(null, Object(Config\Cache), false)
 9 SYSTEMPATH\Boot.php(325): CodeIgniter\CodeIgniter->run()
10 SYSTEMPATH\Boot.php(67): CodeIgniter\Boot::runCodeIgniter(Object(CodeIgniter\CodeIgniter))
11 FCPATH\index.php(57): CodeIgniter\Boot::bootWeb(Object(Config\Paths))
ERROR - 2025-09-23 13:22:37 --> mysqli_sql_exception: You have an error in your SQL syntax; check the manual that corresponds to your MariaDB server version for the right syntax to use near ')
OR `idcurso` IS NULL
 )
AND   (
`fecha` >= '2025-09-01 00:00:00'
AND `fecha...' at line 8 in C:\xampp\htdocs\juanxiomaram2024\tesina2025\system\Database\MySQLi\Connection.php:312
Stack trace:
#0 C:\xampp\htdocs\juanxiomaram2024\tesina2025\system\Database\MySQLi\Connection.php(312): mysqli->query('SELECT *\nFROM `...', 0)
#1 C:\xampp\htdocs\juanxiomaram2024\tesina2025\system\Database\BaseConnection.php(734): CodeIgniter\Database\MySQLi\Connection->execute('SELECT *\nFROM `...')
#2 C:\xampp\htdocs\juanxiomaram2024\tesina2025\system\Database\BaseConnection.php(648): CodeIgniter\Database\BaseConnection->simpleQuery('SELECT *\nFROM `...')
#3 C:\xampp\htdocs\juanxiomaram2024\tesina2025\system\Database\BaseBuilder.php(1644): CodeIgniter\Database\BaseConnection->query('SELECT *\nFROM `...', Array, false)
#4 C:\xampp\htdocs\juanxiomaram2024\tesina2025\app\Controllers\AvisosController.php(152): CodeIgniter\Database\BaseBuilder->get()
#5 C:\xampp\htdocs\juanxiomaram2024\tesina2025\system\CodeIgniter.php(933): App\Controllers\AvisosController->listarJson()
#6 C:\xampp\htdocs\juanxiomaram2024\tesina2025\system\CodeIgniter.php(509): CodeIgniter\CodeIgniter->runController(Object(App\Controllers\AvisosController))
#7 C:\xampp\htdocs\juanxiomaram2024\tesina2025\system\CodeIgniter.php(355): CodeIgniter\CodeIgniter->handleRequest(NULL, Object(Config\Cache), false)
#8 C:\xampp\htdocs\juanxiomaram2024\tesina2025\system\Boot.php(325): CodeIgniter\CodeIgniter->run()
#9 C:\xampp\htdocs\juanxiomaram2024\tesina2025\system\Boot.php(67): CodeIgniter\Boot::runCodeIgniter(Object(CodeIgniter\CodeIgniter))
#10 C:\xampp\htdocs\juanxiomaram2024\tesina2025\public\index.php(57): CodeIgniter\Boot::bootWeb(Object(Config\Paths))
#11 {main}
CRITICAL - 2025-09-23 13:22:37 --> CodeIgniter\Database\Exceptions\DatabaseException: You have an error in your SQL syntax; check the manual that corresponds to your MariaDB server version for the right syntax to use near ')
OR `idcurso` IS NULL
 )
AND   (
`fecha` >= '2025-09-01 00:00:00'
AND `fecha...' at line 8
[Method: GET, Route: avisos/listarJson]
in SYSTEMPATH\Database\BaseConnection.php on line 688.
 1 SYSTEMPATH\Database\BaseBuilder.php(1644): CodeIgniter\Database\BaseConnection->query('SELECT *
FROM `avisos`
WHERE `idcolegio` = :idcolegio:
AND   (
`visibilidad` = :visibilidad:
 )
AND   (
`idcurso` IN :idcurso:
OR `idcurso` IS NULL
 )
AND   (
`fecha` >= :fecha:
AND `fecha` <= :fecha.1:
 )
ORDER BY `fecha` ASC', [...], false)
 2 APPPATH\Controllers\AvisosController.php(152): CodeIgniter\Database\BaseBuilder->get()
 3 SYSTEMPATH\CodeIgniter.php(933): App\Controllers\AvisosController->listarJson()
 4 SYSTEMPATH\CodeIgniter.php(509): CodeIgniter\CodeIgniter->runController(Object(App\Controllers\AvisosController))
 5 SYSTEMPATH\CodeIgniter.php(355): CodeIgniter\CodeIgniter->handleRequest(null, Object(Config\Cache), false)
 6 SYSTEMPATH\Boot.php(325): CodeIgniter\CodeIgniter->run()
 7 SYSTEMPATH\Boot.php(67): CodeIgniter\Boot::runCodeIgniter(Object(CodeIgniter\CodeIgniter))
 8 FCPATH\index.php(57): CodeIgniter\Boot::bootWeb(Object(Config\Paths))
CRITICAL - 2025-09-23 13:22:37 --> [Caused by] CodeIgniter\Database\Exceptions\DatabaseException: You have an error in your SQL syntax; check the manual that corresponds to your MariaDB server version for the right syntax to use near ')
OR `idcurso` IS NULL
 )
AND   (
`fecha` >= '2025-09-01 00:00:00'
AND `fecha...' at line 8
in SYSTEMPATH\Database\MySQLi\Connection.php on line 317.
 1 SYSTEMPATH\Database\BaseConnection.php(734): CodeIgniter\Database\MySQLi\Connection->execute('SELECT *
FROM `avisos`
WHERE `idcolegio` = \'3\'
AND   (
`visibilidad` = \'alumnos\'
 )
AND   (
`idcurso` IN ()
OR `idcurso` IS NULL
 )
AND   (
`fecha` >= \'2025-09-01 00:00:00\'
AND `fecha` <= \'2025-10-13 00:00:00\'
 )
ORDER BY `fecha` ASC')
 2 SYSTEMPATH\Database\BaseConnection.php(648): CodeIgniter\Database\BaseConnection->simpleQuery('SELECT *
FROM `avisos`
WHERE `idcolegio` = \'3\'
AND   (
`visibilidad` = \'alumnos\'
 )
AND   (
`idcurso` IN ()
OR `idcurso` IS NULL
 )
AND   (
`fecha` >= \'2025-09-01 00:00:00\'
AND `fecha` <= \'2025-10-13 00:00:00\'
 )
ORDER BY `fecha` ASC')
 3 SYSTEMPATH\Database\BaseBuilder.php(1644): CodeIgniter\Database\BaseConnection->query('SELECT *
FROM `avisos`
WHERE `idcolegio` = :idcolegio:
AND   (
`visibilidad` = :visibilidad:
 )
AND   (
`idcurso` IN :idcurso:
OR `idcurso` IS NULL
 )
AND   (
`fecha` >= :fecha:
AND `fecha` <= :fecha.1:
 )
ORDER BY `fecha` ASC', [...], false)
 4 APPPATH\Controllers\AvisosController.php(152): CodeIgniter\Database\BaseBuilder->get()
 5 SYSTEMPATH\CodeIgniter.php(933): App\Controllers\AvisosController->listarJson()
 6 SYSTEMPATH\CodeIgniter.php(509): CodeIgniter\CodeIgniter->runController(Object(App\Controllers\AvisosController))
 7 SYSTEMPATH\CodeIgniter.php(355): CodeIgniter\CodeIgniter->handleRequest(null, Object(Config\Cache), false)
 8 SYSTEMPATH\Boot.php(325): CodeIgniter\CodeIgniter->run()
 9 SYSTEMPATH\Boot.php(67): CodeIgniter\Boot::runCodeIgniter(Object(CodeIgniter\CodeIgniter))
10 FCPATH\index.php(57): CodeIgniter\Boot::bootWeb(Object(Config\Paths))
CRITICAL - 2025-09-23 13:22:37 --> [Caused by] mysqli_sql_exception: You have an error in your SQL syntax; check the manual that corresponds to your MariaDB server version for the right syntax to use near ')
OR `idcurso` IS NULL
 )
AND   (
`fecha` >= '2025-09-01 00:00:00'
AND `fecha...' at line 8
in SYSTEMPATH\Database\MySQLi\Connection.php on line 312.
 1 SYSTEMPATH\Database\MySQLi\Connection.php(312): mysqli->query('SELECT *
FROM `avisos`
WHERE `idcolegio` = \'3\'
AND   (
`visibilidad` = \'alumnos\'
 )
AND   (
`idcurso` IN ()
OR `idcurso` IS NULL
 )
AND   (
`fecha` >= \'2025-09-01 00:00:00\'
AND `fecha` <= \'2025-10-13 00:00:00\'
 )
ORDER BY `fecha` ASC', 0)
 2 SYSTEMPATH\Database\BaseConnection.php(734): CodeIgniter\Database\MySQLi\Connection->execute('SELECT *
FROM `avisos`
WHERE `idcolegio` = \'3\'
AND   (
`visibilidad` = \'alumnos\'
 )
AND   (
`idcurso` IN ()
OR `idcurso` IS NULL
 )
AND   (
`fecha` >= \'2025-09-01 00:00:00\'
AND `fecha` <= \'2025-10-13 00:00:00\'
 )
ORDER BY `fecha` ASC')
 3 SYSTEMPATH\Database\BaseConnection.php(648): CodeIgniter\Database\BaseConnection->simpleQuery('SELECT *
FROM `avisos`
WHERE `idcolegio` = \'3\'
AND   (
`visibilidad` = \'alumnos\'
 )
AND   (
`idcurso` IN ()
OR `idcurso` IS NULL
 )
AND   (
`fecha` >= \'2025-09-01 00:00:00\'
AND `fecha` <= \'2025-10-13 00:00:00\'
 )
ORDER BY `fecha` ASC')
 4 SYSTEMPATH\Database\BaseBuilder.php(1644): CodeIgniter\Database\BaseConnection->query('SELECT *
FROM `avisos`
WHERE `idcolegio` = :idcolegio:
AND   (
`visibilidad` = :visibilidad:
 )
AND   (
`idcurso` IN :idcurso:
OR `idcurso` IS NULL
 )
AND   (
`fecha` >= :fecha:
AND `fecha` <= :fecha.1:
 )
ORDER BY `fecha` ASC', [...], false)
 5 APPPATH\Controllers\AvisosController.php(152): CodeIgniter\Database\BaseBuilder->get()
 6 SYSTEMPATH\CodeIgniter.php(933): App\Controllers\AvisosController->listarJson()
 7 SYSTEMPATH\CodeIgniter.php(509): CodeIgniter\CodeIgniter->runController(Object(App\Controllers\AvisosController))
 8 SYSTEMPATH\CodeIgniter.php(355): CodeIgniter\CodeIgniter->handleRequest(null, Object(Config\Cache), false)
 9 SYSTEMPATH\Boot.php(325): CodeIgniter\CodeIgniter->run()
10 SYSTEMPATH\Boot.php(67): CodeIgniter\Boot::runCodeIgniter(Object(CodeIgniter\CodeIgniter))
11 FCPATH\index.php(57): CodeIgniter\Boot::bootWeb(Object(Config\Paths))
ERROR - 2025-09-23 13:23:40 --> mysqli_sql_exception: You have an error in your SQL syntax; check the manual that corresponds to your MariaDB server version for the right syntax to use near ')
OR `idcurso` IS NULL
 )
ORDER BY `fecha` ASC' at line 8 in C:\xampp\htdocs\juanxiomaram2024\tesina2025\system\Database\MySQLi\Connection.php:312
Stack trace:
#0 C:\xampp\htdocs\juanxiomaram2024\tesina2025\system\Database\MySQLi\Connection.php(312): mysqli->query('SELECT *\nFROM `...', 0)
#1 C:\xampp\htdocs\juanxiomaram2024\tesina2025\system\Database\BaseConnection.php(734): CodeIgniter\Database\MySQLi\Connection->execute('SELECT *\nFROM `...')
#2 C:\xampp\htdocs\juanxiomaram2024\tesina2025\system\Database\BaseConnection.php(648): CodeIgniter\Database\BaseConnection->simpleQuery('SELECT *\nFROM `...')
#3 C:\xampp\htdocs\juanxiomaram2024\tesina2025\system\Database\BaseBuilder.php(1644): CodeIgniter\Database\BaseConnection->query('SELECT *\nFROM `...', Array, false)
#4 C:\xampp\htdocs\juanxiomaram2024\tesina2025\app\Controllers\AvisosController.php(152): CodeIgniter\Database\BaseBuilder->get()
#5 C:\xampp\htdocs\juanxiomaram2024\tesina2025\system\CodeIgniter.php(933): App\Controllers\AvisosController->listarJson()
#6 C:\xampp\htdocs\juanxiomaram2024\tesina2025\system\CodeIgniter.php(509): CodeIgniter\CodeIgniter->runController(Object(App\Controllers\AvisosController))
#7 C:\xampp\htdocs\juanxiomaram2024\tesina2025\system\CodeIgniter.php(355): CodeIgniter\CodeIgniter->handleRequest(NULL, Object(Config\Cache), false)
#8 C:\xampp\htdocs\juanxiomaram2024\tesina2025\system\Boot.php(325): CodeIgniter\CodeIgniter->run()
#9 C:\xampp\htdocs\juanxiomaram2024\tesina2025\system\Boot.php(67): CodeIgniter\Boot::runCodeIgniter(Object(CodeIgniter\CodeIgniter))
#10 C:\xampp\htdocs\juanxiomaram2024\tesina2025\public\index.php(57): CodeIgniter\Boot::bootWeb(Object(Config\Paths))
#11 {main}
CRITICAL - 2025-09-23 13:23:40 --> CodeIgniter\Database\Exceptions\DatabaseException: You have an error in your SQL syntax; check the manual that corresponds to your MariaDB server version for the right syntax to use near ')
OR `idcurso` IS NULL
 )
ORDER BY `fecha` ASC' at line 8
[Method: GET, Route: avisos/listarJson]
in SYSTEMPATH\Database\BaseConnection.php on line 688.
 1 SYSTEMPATH\Database\BaseBuilder.php(1644): CodeIgniter\Database\BaseConnection->query('SELECT *
FROM `avisos`
WHERE `idcolegio` = :idcolegio:
AND   (
`visibilidad` = :visibilidad:
 )
AND   (
`idcurso` IN :idcurso:
OR `idcurso` IS NULL
 )
ORDER BY `fecha` ASC', [...], false)
 2 APPPATH\Controllers\AvisosController.php(152): CodeIgniter\Database\BaseBuilder->get()
 3 SYSTEMPATH\CodeIgniter.php(933): App\Controllers\AvisosController->listarJson()
 4 SYSTEMPATH\CodeIgniter.php(509): CodeIgniter\CodeIgniter->runController(Object(App\Controllers\AvisosController))
 5 SYSTEMPATH\CodeIgniter.php(355): CodeIgniter\CodeIgniter->handleRequest(null, Object(Config\Cache), false)
 6 SYSTEMPATH\Boot.php(325): CodeIgniter\CodeIgniter->run()
 7 SYSTEMPATH\Boot.php(67): CodeIgniter\Boot::runCodeIgniter(Object(CodeIgniter\CodeIgniter))
 8 FCPATH\index.php(57): CodeIgniter\Boot::bootWeb(Object(Config\Paths))
CRITICAL - 2025-09-23 13:23:40 --> [Caused by] CodeIgniter\Database\Exceptions\DatabaseException: You have an error in your SQL syntax; check the manual that corresponds to your MariaDB server version for the right syntax to use near ')
OR `idcurso` IS NULL
 )
ORDER BY `fecha` ASC' at line 8
in SYSTEMPATH\Database\MySQLi\Connection.php on line 317.
 1 SYSTEMPATH\Database\BaseConnection.php(734): CodeIgniter\Database\MySQLi\Connection->execute('SELECT *
FROM `avisos`
WHERE `idcolegio` = \'3\'
AND   (
`visibilidad` = \'alumnos\'
 )
AND   (
`idcurso` IN ()
OR `idcurso` IS NULL
 )
ORDER BY `fecha` ASC')
 2 SYSTEMPATH\Database\BaseConnection.php(648): CodeIgniter\Database\BaseConnection->simpleQuery('SELECT *
FROM `avisos`
WHERE `idcolegio` = \'3\'
AND   (
`visibilidad` = \'alumnos\'
 )
AND   (
`idcurso` IN ()
OR `idcurso` IS NULL
 )
ORDER BY `fecha` ASC')
 3 SYSTEMPATH\Database\BaseBuilder.php(1644): CodeIgniter\Database\BaseConnection->query('SELECT *
FROM `avisos`
WHERE `idcolegio` = :idcolegio:
AND   (
`visibilidad` = :visibilidad:
 )
AND   (
`idcurso` IN :idcurso:
OR `idcurso` IS NULL
 )
ORDER BY `fecha` ASC', [...], false)
 4 APPPATH\Controllers\AvisosController.php(152): CodeIgniter\Database\BaseBuilder->get()
 5 SYSTEMPATH\CodeIgniter.php(933): App\Controllers\AvisosController->listarJson()
 6 SYSTEMPATH\CodeIgniter.php(509): CodeIgniter\CodeIgniter->runController(Object(App\Controllers\AvisosController))
 7 SYSTEMPATH\CodeIgniter.php(355): CodeIgniter\CodeIgniter->handleRequest(null, Object(Config\Cache), false)
 8 SYSTEMPATH\Boot.php(325): CodeIgniter\CodeIgniter->run()
 9 SYSTEMPATH\Boot.php(67): CodeIgniter\Boot::runCodeIgniter(Object(CodeIgniter\CodeIgniter))
10 FCPATH\index.php(57): CodeIgniter\Boot::bootWeb(Object(Config\Paths))
CRITICAL - 2025-09-23 13:23:40 --> [Caused by] mysqli_sql_exception: You have an error in your SQL syntax; check the manual that corresponds to your MariaDB server version for the right syntax to use near ')
OR `idcurso` IS NULL
 )
ORDER BY `fecha` ASC' at line 8
in SYSTEMPATH\Database\MySQLi\Connection.php on line 312.
 1 SYSTEMPATH\Database\MySQLi\Connection.php(312): mysqli->query('SELECT *
FROM `avisos`
WHERE `idcolegio` = \'3\'
AND   (
`visibilidad` = \'alumnos\'
 )
AND   (
`idcurso` IN ()
OR `idcurso` IS NULL
 )
ORDER BY `fecha` ASC', 0)
 2 SYSTEMPATH\Database\BaseConnection.php(734): CodeIgniter\Database\MySQLi\Connection->execute('SELECT *
FROM `avisos`
WHERE `idcolegio` = \'3\'
AND   (
`visibilidad` = \'alumnos\'
 )
AND   (
`idcurso` IN ()
OR `idcurso` IS NULL
 )
ORDER BY `fecha` ASC')
 3 SYSTEMPATH\Database\BaseConnection.php(648): CodeIgniter\Database\BaseConnection->simpleQuery('SELECT *
FROM `avisos`
WHERE `idcolegio` = \'3\'
AND   (
`visibilidad` = \'alumnos\'
 )
AND   (
`idcurso` IN ()
OR `idcurso` IS NULL
 )
ORDER BY `fecha` ASC')
 4 SYSTEMPATH\Database\BaseBuilder.php(1644): CodeIgniter\Database\BaseConnection->query('SELECT *
FROM `avisos`
WHERE `idcolegio` = :idcolegio:
AND   (
`visibilidad` = :visibilidad:
 )
AND   (
`idcurso` IN :idcurso:
OR `idcurso` IS NULL
 )
ORDER BY `fecha` ASC', [...], false)
 5 APPPATH\Controllers\AvisosController.php(152): CodeIgniter\Database\BaseBuilder->get()
 6 SYSTEMPATH\CodeIgniter.php(933): App\Controllers\AvisosController->listarJson()
 7 SYSTEMPATH\CodeIgniter.php(509): CodeIgniter\CodeIgniter->runController(Object(App\Controllers\AvisosController))
 8 SYSTEMPATH\CodeIgniter.php(355): CodeIgniter\CodeIgniter->handleRequest(null, Object(Config\Cache), false)
 9 SYSTEMPATH\Boot.php(325): CodeIgniter\CodeIgniter->run()
10 SYSTEMPATH\Boot.php(67): CodeIgniter\Boot::runCodeIgniter(Object(CodeIgniter\CodeIgniter))
11 FCPATH\index.php(57): CodeIgniter\Boot::bootWeb(Object(Config\Paths))
ERROR - 2025-09-23 13:25:28 --> mysqli_sql_exception: You have an error in your SQL syntax; check the manual that corresponds to your MariaDB server version for the right syntax to use near ')
OR `idcurso` IS NULL
 )
AND   (
`fecha` >= '2025-09-01 00:00:00'
AND `fecha...' at line 8 in C:\xampp\htdocs\juanxiomaram2024\tesina2025\system\Database\MySQLi\Connection.php:312
Stack trace:
#0 C:\xampp\htdocs\juanxiomaram2024\tesina2025\system\Database\MySQLi\Connection.php(312): mysqli->query('SELECT *\nFROM `...', 0)
#1 C:\xampp\htdocs\juanxiomaram2024\tesina2025\system\Database\BaseConnection.php(734): CodeIgniter\Database\MySQLi\Connection->execute('SELECT *\nFROM `...')
#2 C:\xampp\htdocs\juanxiomaram2024\tesina2025\system\Database\BaseConnection.php(648): CodeIgniter\Database\BaseConnection->simpleQuery('SELECT *\nFROM `...')
#3 C:\xampp\htdocs\juanxiomaram2024\tesina2025\system\Database\BaseBuilder.php(1644): CodeIgniter\Database\BaseConnection->query('SELECT *\nFROM `...', Array, false)
#4 C:\xampp\htdocs\juanxiomaram2024\tesina2025\app\Controllers\AvisosController.php(152): CodeIgniter\Database\BaseBuilder->get()
#5 C:\xampp\htdocs\juanxiomaram2024\tesina2025\system\CodeIgniter.php(933): App\Controllers\AvisosController->listarJson()
#6 C:\xampp\htdocs\juanxiomaram2024\tesina2025\system\CodeIgniter.php(509): CodeIgniter\CodeIgniter->runController(Object(App\Controllers\AvisosController))
#7 C:\xampp\htdocs\juanxiomaram2024\tesina2025\system\CodeIgniter.php(355): CodeIgniter\CodeIgniter->handleRequest(NULL, Object(Config\Cache), false)
#8 C:\xampp\htdocs\juanxiomaram2024\tesina2025\system\Boot.php(325): CodeIgniter\CodeIgniter->run()
#9 C:\xampp\htdocs\juanxiomaram2024\tesina2025\system\Boot.php(67): CodeIgniter\Boot::runCodeIgniter(Object(CodeIgniter\CodeIgniter))
#10 C:\xampp\htdocs\juanxiomaram2024\tesina2025\public\index.php(57): CodeIgniter\Boot::bootWeb(Object(Config\Paths))
#11 {main}
CRITICAL - 2025-09-23 13:25:28 --> CodeIgniter\Database\Exceptions\DatabaseException: You have an error in your SQL syntax; check the manual that corresponds to your MariaDB server version for the right syntax to use near ')
OR `idcurso` IS NULL
 )
AND   (
`fecha` >= '2025-09-01 00:00:00'
AND `fecha...' at line 8
[Method: GET, Route: avisos/listarJson]
in SYSTEMPATH\Database\BaseConnection.php on line 688.
 1 SYSTEMPATH\Database\BaseBuilder.php(1644): CodeIgniter\Database\BaseConnection->query('SELECT *
FROM `avisos`
WHERE `idcolegio` = :idcolegio:
AND   (
`visibilidad` = :visibilidad:
 )
AND   (
`idcurso` IN :idcurso:
OR `idcurso` IS NULL
 )
AND   (
`fecha` >= :fecha:
AND `fecha` <= :fecha.1:
 )
ORDER BY `fecha` ASC', [...], false)
 2 APPPATH\Controllers\AvisosController.php(152): CodeIgniter\Database\BaseBuilder->get()
 3 SYSTEMPATH\CodeIgniter.php(933): App\Controllers\AvisosController->listarJson()
 4 SYSTEMPATH\CodeIgniter.php(509): CodeIgniter\CodeIgniter->runController(Object(App\Controllers\AvisosController))
 5 SYSTEMPATH\CodeIgniter.php(355): CodeIgniter\CodeIgniter->handleRequest(null, Object(Config\Cache), false)
 6 SYSTEMPATH\Boot.php(325): CodeIgniter\CodeIgniter->run()
 7 SYSTEMPATH\Boot.php(67): CodeIgniter\Boot::runCodeIgniter(Object(CodeIgniter\CodeIgniter))
 8 FCPATH\index.php(57): CodeIgniter\Boot::bootWeb(Object(Config\Paths))
CRITICAL - 2025-09-23 13:25:28 --> [Caused by] CodeIgniter\Database\Exceptions\DatabaseException: You have an error in your SQL syntax; check the manual that corresponds to your MariaDB server version for the right syntax to use near ')
OR `idcurso` IS NULL
 )
AND   (
`fecha` >= '2025-09-01 00:00:00'
AND `fecha...' at line 8
in SYSTEMPATH\Database\MySQLi\Connection.php on line 317.
 1 SYSTEMPATH\Database\BaseConnection.php(734): CodeIgniter\Database\MySQLi\Connection->execute('SELECT *
FROM `avisos`
WHERE `idcolegio` = \'3\'
AND   (
`visibilidad` = \'alumnos\'
 )
AND   (
`idcurso` IN ()
OR `idcurso` IS NULL
 )
AND   (
`fecha` >= \'2025-09-01 00:00:00\'
AND `fecha` <= \'2025-10-13 00:00:00\'
 )
ORDER BY `fecha` ASC')
 2 SYSTEMPATH\Database\BaseConnection.php(648): CodeIgniter\Database\BaseConnection->simpleQuery('SELECT *
FROM `avisos`
WHERE `idcolegio` = \'3\'
AND   (
`visibilidad` = \'alumnos\'
 )
AND   (
`idcurso` IN ()
OR `idcurso` IS NULL
 )
AND   (
`fecha` >= \'2025-09-01 00:00:00\'
AND `fecha` <= \'2025-10-13 00:00:00\'
 )
ORDER BY `fecha` ASC')
 3 SYSTEMPATH\Database\BaseBuilder.php(1644): CodeIgniter\Database\BaseConnection->query('SELECT *
FROM `avisos`
WHERE `idcolegio` = :idcolegio:
AND   (
`visibilidad` = :visibilidad:
 )
AND   (
`idcurso` IN :idcurso:
OR `idcurso` IS NULL
 )
AND   (
`fecha` >= :fecha:
AND `fecha` <= :fecha.1:
 )
ORDER BY `fecha` ASC', [...], false)
 4 APPPATH\Controllers\AvisosController.php(152): CodeIgniter\Database\BaseBuilder->get()
 5 SYSTEMPATH\CodeIgniter.php(933): App\Controllers\AvisosController->listarJson()
 6 SYSTEMPATH\CodeIgniter.php(509): CodeIgniter\CodeIgniter->runController(Object(App\Controllers\AvisosController))
 7 SYSTEMPATH\CodeIgniter.php(355): CodeIgniter\CodeIgniter->handleRequest(null, Object(Config\Cache), false)
 8 SYSTEMPATH\Boot.php(325): CodeIgniter\CodeIgniter->run()
 9 SYSTEMPATH\Boot.php(67): CodeIgniter\Boot::runCodeIgniter(Object(CodeIgniter\CodeIgniter))
10 FCPATH\index.php(57): CodeIgniter\Boot::bootWeb(Object(Config\Paths))
CRITICAL - 2025-09-23 13:25:28 --> [Caused by] mysqli_sql_exception: You have an error in your SQL syntax; check the manual that corresponds to your MariaDB server version for the right syntax to use near ')
OR `idcurso` IS NULL
 )
AND   (
`fecha` >= '2025-09-01 00:00:00'
AND `fecha...' at line 8
in SYSTEMPATH\Database\MySQLi\Connection.php on line 312.
 1 SYSTEMPATH\Database\MySQLi\Connection.php(312): mysqli->query('SELECT *
FROM `avisos`
WHERE `idcolegio` = \'3\'
AND   (
`visibilidad` = \'alumnos\'
 )
AND   (
`idcurso` IN ()
OR `idcurso` IS NULL
 )
AND   (
`fecha` >= \'2025-09-01 00:00:00\'
AND `fecha` <= \'2025-10-13 00:00:00\'
 )
ORDER BY `fecha` ASC', 0)
 2 SYSTEMPATH\Database\BaseConnection.php(734): CodeIgniter\Database\MySQLi\Connection->execute('SELECT *
FROM `avisos`
WHERE `idcolegio` = \'3\'
AND   (
`visibilidad` = \'alumnos\'
 )
AND   (
`idcurso` IN ()
OR `idcurso` IS NULL
 )
AND   (
`fecha` >= \'2025-09-01 00:00:00\'
AND `fecha` <= \'2025-10-13 00:00:00\'
 )
ORDER BY `fecha` ASC')
 3 SYSTEMPATH\Database\BaseConnection.php(648): CodeIgniter\Database\BaseConnection->simpleQuery('SELECT *
FROM `avisos`
WHERE `idcolegio` = \'3\'
AND   (
`visibilidad` = \'alumnos\'
 )
AND   (
`idcurso` IN ()
OR `idcurso` IS NULL
 )
AND   (
`fecha` >= \'2025-09-01 00:00:00\'
AND `fecha` <= \'2025-10-13 00:00:00\'
 )
ORDER BY `fecha` ASC')
 4 SYSTEMPATH\Database\BaseBuilder.php(1644): CodeIgniter\Database\BaseConnection->query('SELECT *
FROM `avisos`
WHERE `idcolegio` = :idcolegio:
AND   (
`visibilidad` = :visibilidad:
 )
AND   (
`idcurso` IN :idcurso:
OR `idcurso` IS NULL
 )
AND   (
`fecha` >= :fecha:
AND `fecha` <= :fecha.1:
 )
ORDER BY `fecha` ASC', [...], false)
 5 APPPATH\Controllers\AvisosController.php(152): CodeIgniter\Database\BaseBuilder->get()
 6 SYSTEMPATH\CodeIgniter.php(933): App\Controllers\AvisosController->listarJson()
 7 SYSTEMPATH\CodeIgniter.php(509): CodeIgniter\CodeIgniter->runController(Object(App\Controllers\AvisosController))
 8 SYSTEMPATH\CodeIgniter.php(355): CodeIgniter\CodeIgniter->handleRequest(null, Object(Config\Cache), false)
 9 SYSTEMPATH\Boot.php(325): CodeIgniter\CodeIgniter->run()
10 SYSTEMPATH\Boot.php(67): CodeIgniter\Boot::runCodeIgniter(Object(CodeIgniter\CodeIgniter))
11 FCPATH\index.php(57): CodeIgniter\Boot::bootWeb(Object(Config\Paths))
ERROR - 2025-09-23 13:25:33 --> mysqli_sql_exception: You have an error in your SQL syntax; check the manual that corresponds to your MariaDB server version for the right syntax to use near ')
OR `idcurso` IS NULL
 )
AND   (
`fecha` >= '2025-09-01 00:00:00'
AND `fecha...' at line 8 in C:\xampp\htdocs\juanxiomaram2024\tesina2025\system\Database\MySQLi\Connection.php:312
Stack trace:
#0 C:\xampp\htdocs\juanxiomaram2024\tesina2025\system\Database\MySQLi\Connection.php(312): mysqli->query('SELECT *\nFROM `...', 0)
#1 C:\xampp\htdocs\juanxiomaram2024\tesina2025\system\Database\BaseConnection.php(734): CodeIgniter\Database\MySQLi\Connection->execute('SELECT *\nFROM `...')
#2 C:\xampp\htdocs\juanxiomaram2024\tesina2025\system\Database\BaseConnection.php(648): CodeIgniter\Database\BaseConnection->simpleQuery('SELECT *\nFROM `...')
#3 C:\xampp\htdocs\juanxiomaram2024\tesina2025\system\Database\BaseBuilder.php(1644): CodeIgniter\Database\BaseConnection->query('SELECT *\nFROM `...', Array, false)
#4 C:\xampp\htdocs\juanxiomaram2024\tesina2025\app\Controllers\AvisosController.php(152): CodeIgniter\Database\BaseBuilder->get()
#5 C:\xampp\htdocs\juanxiomaram2024\tesina2025\system\CodeIgniter.php(933): App\Controllers\AvisosController->listarJson()
#6 C:\xampp\htdocs\juanxiomaram2024\tesina2025\system\CodeIgniter.php(509): CodeIgniter\CodeIgniter->runController(Object(App\Controllers\AvisosController))
#7 C:\xampp\htdocs\juanxiomaram2024\tesina2025\system\CodeIgniter.php(355): CodeIgniter\CodeIgniter->handleRequest(NULL, Object(Config\Cache), false)
#8 C:\xampp\htdocs\juanxiomaram2024\tesina2025\system\Boot.php(325): CodeIgniter\CodeIgniter->run()
#9 C:\xampp\htdocs\juanxiomaram2024\tesina2025\system\Boot.php(67): CodeIgniter\Boot::runCodeIgniter(Object(CodeIgniter\CodeIgniter))
#10 C:\xampp\htdocs\juanxiomaram2024\tesina2025\public\index.php(57): CodeIgniter\Boot::bootWeb(Object(Config\Paths))
#11 {main}
CRITICAL - 2025-09-23 13:25:33 --> CodeIgniter\Database\Exceptions\DatabaseException: You have an error in your SQL syntax; check the manual that corresponds to your MariaDB server version for the right syntax to use near ')
OR `idcurso` IS NULL
 )
AND   (
`fecha` >= '2025-09-01 00:00:00'
AND `fecha...' at line 8
[Method: GET, Route: avisos/listarJson]
in SYSTEMPATH\Database\BaseConnection.php on line 688.
 1 SYSTEMPATH\Database\BaseBuilder.php(1644): CodeIgniter\Database\BaseConnection->query('SELECT *
FROM `avisos`
WHERE `idcolegio` = :idcolegio:
AND   (
`visibilidad` = :visibilidad:
 )
AND   (
`idcurso` IN :idcurso:
OR `idcurso` IS NULL
 )
AND   (
`fecha` >= :fecha:
AND `fecha` <= :fecha.1:
 )
ORDER BY `fecha` ASC', [...], false)
 2 APPPATH\Controllers\AvisosController.php(152): CodeIgniter\Database\BaseBuilder->get()
 3 SYSTEMPATH\CodeIgniter.php(933): App\Controllers\AvisosController->listarJson()
 4 SYSTEMPATH\CodeIgniter.php(509): CodeIgniter\CodeIgniter->runController(Object(App\Controllers\AvisosController))
 5 SYSTEMPATH\CodeIgniter.php(355): CodeIgniter\CodeIgniter->handleRequest(null, Object(Config\Cache), false)
 6 SYSTEMPATH\Boot.php(325): CodeIgniter\CodeIgniter->run()
 7 SYSTEMPATH\Boot.php(67): CodeIgniter\Boot::runCodeIgniter(Object(CodeIgniter\CodeIgniter))
 8 FCPATH\index.php(57): CodeIgniter\Boot::bootWeb(Object(Config\Paths))
CRITICAL - 2025-09-23 13:25:33 --> [Caused by] CodeIgniter\Database\Exceptions\DatabaseException: You have an error in your SQL syntax; check the manual that corresponds to your MariaDB server version for the right syntax to use near ')
OR `idcurso` IS NULL
 )
AND   (
`fecha` >= '2025-09-01 00:00:00'
AND `fecha...' at line 8
in SYSTEMPATH\Database\MySQLi\Connection.php on line 317.
 1 SYSTEMPATH\Database\BaseConnection.php(734): CodeIgniter\Database\MySQLi\Connection->execute('SELECT *
FROM `avisos`
WHERE `idcolegio` = \'3\'
AND   (
`visibilidad` = \'alumnos\'
 )
AND   (
`idcurso` IN ()
OR `idcurso` IS NULL
 )
AND   (
`fecha` >= \'2025-09-01 00:00:00\'
AND `fecha` <= \'2025-10-13 00:00:00\'
 )
ORDER BY `fecha` ASC')
 2 SYSTEMPATH\Database\BaseConnection.php(648): CodeIgniter\Database\BaseConnection->simpleQuery('SELECT *
FROM `avisos`
WHERE `idcolegio` = \'3\'
AND   (
`visibilidad` = \'alumnos\'
 )
AND   (
`idcurso` IN ()
OR `idcurso` IS NULL
 )
AND   (
`fecha` >= \'2025-09-01 00:00:00\'
AND `fecha` <= \'2025-10-13 00:00:00\'
 )
ORDER BY `fecha` ASC')
 3 SYSTEMPATH\Database\BaseBuilder.php(1644): CodeIgniter\Database\BaseConnection->query('SELECT *
FROM `avisos`
WHERE `idcolegio` = :idcolegio:
AND   (
`visibilidad` = :visibilidad:
 )
AND   (
`idcurso` IN :idcurso:
OR `idcurso` IS NULL
 )
AND   (
`fecha` >= :fecha:
AND `fecha` <= :fecha.1:
 )
ORDER BY `fecha` ASC', [...], false)
 4 APPPATH\Controllers\AvisosController.php(152): CodeIgniter\Database\BaseBuilder->get()
 5 SYSTEMPATH\CodeIgniter.php(933): App\Controllers\AvisosController->listarJson()
 6 SYSTEMPATH\CodeIgniter.php(509): CodeIgniter\CodeIgniter->runController(Object(App\Controllers\AvisosController))
 7 SYSTEMPATH\CodeIgniter.php(355): CodeIgniter\CodeIgniter->handleRequest(null, Object(Config\Cache), false)
 8 SYSTEMPATH\Boot.php(325): CodeIgniter\CodeIgniter->run()
 9 SYSTEMPATH\Boot.php(67): CodeIgniter\Boot::runCodeIgniter(Object(CodeIgniter\CodeIgniter))
10 FCPATH\index.php(57): CodeIgniter\Boot::bootWeb(Object(Config\Paths))
CRITICAL - 2025-09-23 13:25:33 --> [Caused by] mysqli_sql_exception: You have an error in your SQL syntax; check the manual that corresponds to your MariaDB server version for the right syntax to use near ')
OR `idcurso` IS NULL
 )
AND   (
`fecha` >= '2025-09-01 00:00:00'
AND `fecha...' at line 8
in SYSTEMPATH\Database\MySQLi\Connection.php on line 312.
 1 SYSTEMPATH\Database\MySQLi\Connection.php(312): mysqli->query('SELECT *
FROM `avisos`
WHERE `idcolegio` = \'3\'
AND   (
`visibilidad` = \'alumnos\'
 )
AND   (
`idcurso` IN ()
OR `idcurso` IS NULL
 )
AND   (
`fecha` >= \'2025-09-01 00:00:00\'
AND `fecha` <= \'2025-10-13 00:00:00\'
 )
ORDER BY `fecha` ASC', 0)
 2 SYSTEMPATH\Database\BaseConnection.php(734): CodeIgniter\Database\MySQLi\Connection->execute('SELECT *
FROM `avisos`
WHERE `idcolegio` = \'3\'
AND   (
`visibilidad` = \'alumnos\'
 )
AND   (
`idcurso` IN ()
OR `idcurso` IS NULL
 )
AND   (
`fecha` >= \'2025-09-01 00:00:00\'
AND `fecha` <= \'2025-10-13 00:00:00\'
 )
ORDER BY `fecha` ASC')
 3 SYSTEMPATH\Database\BaseConnection.php(648): CodeIgniter\Database\BaseConnection->simpleQuery('SELECT *
FROM `avisos`
WHERE `idcolegio` = \'3\'
AND   (
`visibilidad` = \'alumnos\'
 )
AND   (
`idcurso` IN ()
OR `idcurso` IS NULL
 )
AND   (
`fecha` >= \'2025-09-01 00:00:00\'
AND `fecha` <= \'2025-10-13 00:00:00\'
 )
ORDER BY `fecha` ASC')
 4 SYSTEMPATH\Database\BaseBuilder.php(1644): CodeIgniter\Database\BaseConnection->query('SELECT *
FROM `avisos`
WHERE `idcolegio` = :idcolegio:
AND   (
`visibilidad` = :visibilidad:
 )
AND   (
`idcurso` IN :idcurso:
OR `idcurso` IS NULL
 )
AND   (
`fecha` >= :fecha:
AND `fecha` <= :fecha.1:
 )
ORDER BY `fecha` ASC', [...], false)
 5 APPPATH\Controllers\AvisosController.php(152): CodeIgniter\Database\BaseBuilder->get()
 6 SYSTEMPATH\CodeIgniter.php(933): App\Controllers\AvisosController->listarJson()
 7 SYSTEMPATH\CodeIgniter.php(509): CodeIgniter\CodeIgniter->runController(Object(App\Controllers\AvisosController))
 8 SYSTEMPATH\CodeIgniter.php(355): CodeIgniter\CodeIgniter->handleRequest(null, Object(Config\Cache), false)
 9 SYSTEMPATH\Boot.php(325): CodeIgniter\CodeIgniter->run()
10 SYSTEMPATH\Boot.php(67): CodeIgniter\Boot::runCodeIgniter(Object(CodeIgniter\CodeIgniter))
11 FCPATH\index.php(57): CodeIgniter\Boot::bootWeb(Object(Config\Paths))
ERROR - 2025-09-23 18:46:37 --> Error al tocar timbre en IP 10.81.10.170: 28 : Connection timed out after 2016 milliseconds
ERROR - 2025-09-23 18:47:09 --> Error al tocar timbre en IP 10.81.10.170: 28 : Connection timed out after 2002 milliseconds
ERROR - 2025-09-23 18:49:02 --> mysqli_sql_exception: You have an error in your SQL syntax; check the manual that corresponds to your MariaDB server version for the right syntax to use near ')
OR `idcurso` IS NULL
 )
AND   (
`fecha` >= '2025-09-01 00:00:00'
AND `fecha...' at line 8 in C:\xampp\htdocs\juanxiomaram2024\tesina2025\system\Database\MySQLi\Connection.php:312
Stack trace:
#0 C:\xampp\htdocs\juanxiomaram2024\tesina2025\system\Database\MySQLi\Connection.php(312): mysqli->query('SELECT *\nFROM `...', 0)
#1 C:\xampp\htdocs\juanxiomaram2024\tesina2025\system\Database\BaseConnection.php(734): CodeIgniter\Database\MySQLi\Connection->execute('SELECT *\nFROM `...')
#2 C:\xampp\htdocs\juanxiomaram2024\tesina2025\system\Database\BaseConnection.php(648): CodeIgniter\Database\BaseConnection->simpleQuery('SELECT *\nFROM `...')
#3 C:\xampp\htdocs\juanxiomaram2024\tesina2025\system\Database\BaseBuilder.php(1644): CodeIgniter\Database\BaseConnection->query('SELECT *\nFROM `...', Array, false)
#4 C:\xampp\htdocs\juanxiomaram2024\tesina2025\app\Controllers\AvisosController.php(152): CodeIgniter\Database\BaseBuilder->get()
#5 C:\xampp\htdocs\juanxiomaram2024\tesina2025\system\CodeIgniter.php(933): App\Controllers\AvisosController->listarJson()
#6 C:\xampp\htdocs\juanxiomaram2024\tesina2025\system\CodeIgniter.php(509): CodeIgniter\CodeIgniter->runController(Object(App\Controllers\AvisosController))
#7 C:\xampp\htdocs\juanxiomaram2024\tesina2025\system\CodeIgniter.php(355): CodeIgniter\CodeIgniter->handleRequest(NULL, Object(Config\Cache), false)
#8 C:\xampp\htdocs\juanxiomaram2024\tesina2025\system\Boot.php(325): CodeIgniter\CodeIgniter->run()
#9 C:\xampp\htdocs\juanxiomaram2024\tesina2025\system\Boot.php(67): CodeIgniter\Boot::runCodeIgniter(Object(CodeIgniter\CodeIgniter))
#10 C:\xampp\htdocs\juanxiomaram2024\tesina2025\public\index.php(57): CodeIgniter\Boot::bootWeb(Object(Config\Paths))
#11 {main}
CRITICAL - 2025-09-23 18:49:02 --> CodeIgniter\Database\Exceptions\DatabaseException: You have an error in your SQL syntax; check the manual that corresponds to your MariaDB server version for the right syntax to use near ')
OR `idcurso` IS NULL
 )
AND   (
`fecha` >= '2025-09-01 00:00:00'
AND `fecha...' at line 8
[Method: GET, Route: avisos/listarJson]
in SYSTEMPATH\Database\BaseConnection.php on line 688.
 1 SYSTEMPATH\Database\BaseBuilder.php(1644): CodeIgniter\Database\BaseConnection->query('SELECT *
FROM `avisos`
WHERE `idcolegio` = :idcolegio:
AND   (
`visibilidad` = :visibilidad:
 )
AND   (
`idcurso` IN :idcurso:
OR `idcurso` IS NULL
 )
AND   (
`fecha` >= :fecha:
AND `fecha` <= :fecha.1:
 )
ORDER BY `fecha` ASC', [...], false)
 2 APPPATH\Controllers\AvisosController.php(152): CodeIgniter\Database\BaseBuilder->get()
 3 SYSTEMPATH\CodeIgniter.php(933): App\Controllers\AvisosController->listarJson()
 4 SYSTEMPATH\CodeIgniter.php(509): CodeIgniter\CodeIgniter->runController(Object(App\Controllers\AvisosController))
 5 SYSTEMPATH\CodeIgniter.php(355): CodeIgniter\CodeIgniter->handleRequest(null, Object(Config\Cache), false)
 6 SYSTEMPATH\Boot.php(325): CodeIgniter\CodeIgniter->run()
 7 SYSTEMPATH\Boot.php(67): CodeIgniter\Boot::runCodeIgniter(Object(CodeIgniter\CodeIgniter))
 8 FCPATH\index.php(57): CodeIgniter\Boot::bootWeb(Object(Config\Paths))
CRITICAL - 2025-09-23 18:49:02 --> [Caused by] CodeIgniter\Database\Exceptions\DatabaseException: You have an error in your SQL syntax; check the manual that corresponds to your MariaDB server version for the right syntax to use near ')
OR `idcurso` IS NULL
 )
AND   (
`fecha` >= '2025-09-01 00:00:00'
AND `fecha...' at line 8
in SYSTEMPATH\Database\MySQLi\Connection.php on line 317.
 1 SYSTEMPATH\Database\BaseConnection.php(734): CodeIgniter\Database\MySQLi\Connection->execute('SELECT *
FROM `avisos`
WHERE `idcolegio` = \'3\'
AND   (
`visibilidad` = \'alumnos\'
 )
AND   (
`idcurso` IN ()
OR `idcurso` IS NULL
 )
AND   (
`fecha` >= \'2025-09-01 00:00:00\'
AND `fecha` <= \'2025-10-13 00:00:00\'
 )
ORDER BY `fecha` ASC')
 2 SYSTEMPATH\Database\BaseConnection.php(648): CodeIgniter\Database\BaseConnection->simpleQuery('SELECT *
FROM `avisos`
WHERE `idcolegio` = \'3\'
AND   (
`visibilidad` = \'alumnos\'
 )
AND   (
`idcurso` IN ()
OR `idcurso` IS NULL
 )
AND   (
`fecha` >= \'2025-09-01 00:00:00\'
AND `fecha` <= \'2025-10-13 00:00:00\'
 )
ORDER BY `fecha` ASC')
 3 SYSTEMPATH\Database\BaseBuilder.php(1644): CodeIgniter\Database\BaseConnection->query('SELECT *
FROM `avisos`
WHERE `idcolegio` = :idcolegio:
AND   (
`visibilidad` = :visibilidad:
 )
AND   (
`idcurso` IN :idcurso:
OR `idcurso` IS NULL
 )
AND   (
`fecha` >= :fecha:
AND `fecha` <= :fecha.1:
 )
ORDER BY `fecha` ASC', [...], false)
 4 APPPATH\Controllers\AvisosController.php(152): CodeIgniter\Database\BaseBuilder->get()
 5 SYSTEMPATH\CodeIgniter.php(933): App\Controllers\AvisosController->listarJson()
 6 SYSTEMPATH\CodeIgniter.php(509): CodeIgniter\CodeIgniter->runController(Object(App\Controllers\AvisosController))
 7 SYSTEMPATH\CodeIgniter.php(355): CodeIgniter\CodeIgniter->handleRequest(null, Object(Config\Cache), false)
 8 SYSTEMPATH\Boot.php(325): CodeIgniter\CodeIgniter->run()
 9 SYSTEMPATH\Boot.php(67): CodeIgniter\Boot::runCodeIgniter(Object(CodeIgniter\CodeIgniter))
10 FCPATH\index.php(57): CodeIgniter\Boot::bootWeb(Object(Config\Paths))
CRITICAL - 2025-09-23 18:49:02 --> [Caused by] mysqli_sql_exception: You have an error in your SQL syntax; check the manual that corresponds to your MariaDB server version for the right syntax to use near ')
OR `idcurso` IS NULL
 )
AND   (
`fecha` >= '2025-09-01 00:00:00'
AND `fecha...' at line 8
in SYSTEMPATH\Database\MySQLi\Connection.php on line 312.
 1 SYSTEMPATH\Database\MySQLi\Connection.php(312): mysqli->query('SELECT *
FROM `avisos`
WHERE `idcolegio` = \'3\'
AND   (
`visibilidad` = \'alumnos\'
 )
AND   (
`idcurso` IN ()
OR `idcurso` IS NULL
 )
AND   (
`fecha` >= \'2025-09-01 00:00:00\'
AND `fecha` <= \'2025-10-13 00:00:00\'
 )
ORDER BY `fecha` ASC', 0)
 2 SYSTEMPATH\Database\BaseConnection.php(734): CodeIgniter\Database\MySQLi\Connection->execute('SELECT *
FROM `avisos`
WHERE `idcolegio` = \'3\'
AND   (
`visibilidad` = \'alumnos\'
 )
AND   (
`idcurso` IN ()
OR `idcurso` IS NULL
 )
AND   (
`fecha` >= \'2025-09-01 00:00:00\'
AND `fecha` <= \'2025-10-13 00:00:00\'
 )
ORDER BY `fecha` ASC')
 3 SYSTEMPATH\Database\BaseConnection.php(648): CodeIgniter\Database\BaseConnection->simpleQuery('SELECT *
FROM `avisos`
WHERE `idcolegio` = \'3\'
AND   (
`visibilidad` = \'alumnos\'
 )
AND   (
`idcurso` IN ()
OR `idcurso` IS NULL
 )
AND   (
`fecha` >= \'2025-09-01 00:00:00\'
AND `fecha` <= \'2025-10-13 00:00:00\'
 )
ORDER BY `fecha` ASC')
 4 SYSTEMPATH\Database\BaseBuilder.php(1644): CodeIgniter\Database\BaseConnection->query('SELECT *
FROM `avisos`
WHERE `idcolegio` = :idcolegio:
AND   (
`visibilidad` = :visibilidad:
 )
AND   (
`idcurso` IN :idcurso:
OR `idcurso` IS NULL
 )
AND   (
`fecha` >= :fecha:
AND `fecha` <= :fecha.1:
 )
ORDER BY `fecha` ASC', [...], false)
 5 APPPATH\Controllers\AvisosController.php(152): CodeIgniter\Database\BaseBuilder->get()
 6 SYSTEMPATH\CodeIgniter.php(933): App\Controllers\AvisosController->listarJson()
 7 SYSTEMPATH\CodeIgniter.php(509): CodeIgniter\CodeIgniter->runController(Object(App\Controllers\AvisosController))
 8 SYSTEMPATH\CodeIgniter.php(355): CodeIgniter\CodeIgniter->handleRequest(null, Object(Config\Cache), false)
 9 SYSTEMPATH\Boot.php(325): CodeIgniter\CodeIgniter->run()
10 SYSTEMPATH\Boot.php(67): CodeIgniter\Boot::runCodeIgniter(Object(CodeIgniter\CodeIgniter))
11 FCPATH\index.php(57): CodeIgniter\Boot::bootWeb(Object(Config\Paths))
