CRITICAL - 2025-08-22 15:55:56 --> ErrorException: Attempt to read property "evento" on array
[Method: GET, Route: horarios_lector]
in APPPATH\Views\horarios_lector.php on line 201.
 1 APPPATH\Views\horarios_lector.php(201): CodeIgniter\Debug\Exceptions->errorHandler(2, 'Attempt to read property "evento" on array', 'C:\\xampp\\htdocs\\juanxiomaram2024\\tesina2025\\app\\Views\\horarios_lector.php', 201)
 2 SYSTEMPATH\View\View.php(234): include('C:\\xampp\\htdocs\\juanxiomaram2024\\tesina2025\\app\\Views\\horarios_lector.php')
 3 SYSTEMPATH\View\View.php(237): CodeIgniter\View\View->CodeIgniter\View\{closure}()
 4 SYSTEMPATH\Common.php(1169): CodeIgniter\View\View->render('horarios_lector', [], true)
 5 APPPATH\Controllers\Horarios.php(309): view('horarios_lector', [...])
 6 SYSTEMPATH\CodeIgniter.php(933): App\Controllers\Horarios->horariosLector()
 7 SYSTEMPATH\CodeIgniter.php(509): CodeIgniter\CodeIgniter->runController(Object(App\Controllers\Horarios))
 8 SYSTEMPATH\CodeIgniter.php(355): CodeIgniter\CodeIgniter->handleRequest(null, Object(Config\Cache), false)
 9 SYSTEMPATH\Boot.php(325): CodeIgniter\CodeIgniter->run()
10 SYSTEMPATH\Boot.php(67): CodeIgniter\Boot::runCodeIgniter(Object(CodeIgniter\CodeIgniter))
11 FCPATH\index.php(57): CodeIgniter\Boot::bootWeb(Object(Config\Paths))
CRITICAL - 2025-08-22 15:56:47 --> ErrorException: Attempt to read property "evento" on array
[Method: GET, Route: horarios_lector]
in APPPATH\Views\horarios_lector.php on line 201.
 1 APPPATH\Views\horarios_lector.php(201): CodeIgniter\Debug\Exceptions->errorHandler(2, 'Attempt to read property "evento" on array', 'C:\\xampp\\htdocs\\juanxiomaram2024\\tesina2025\\app\\Views\\horarios_lector.php', 201)
 2 SYSTEMPATH\View\View.php(234): include('C:\\xampp\\htdocs\\juanxiomaram2024\\tesina2025\\app\\Views\\horarios_lector.php')
 3 SYSTEMPATH\View\View.php(237): CodeIgniter\View\View->CodeIgniter\View\{closure}()
 4 SYSTEMPATH\Common.php(1169): CodeIgniter\View\View->render('horarios_lector', [], true)
 5 APPPATH\Controllers\Horarios.php(309): view('horarios_lector', [...])
 6 SYSTEMPATH\CodeIgniter.php(933): App\Controllers\Horarios->horariosLector()
 7 SYSTEMPATH\CodeIgniter.php(509): CodeIgniter\CodeIgniter->runController(Object(App\Controllers\Horarios))
 8 SYSTEMPATH\CodeIgniter.php(355): CodeIgniter\CodeIgniter->handleRequest(null, Object(Config\Cache), false)
 9 SYSTEMPATH\Boot.php(325): CodeIgniter\CodeIgniter->run()
10 SYSTEMPATH\Boot.php(67): CodeIgniter\Boot::runCodeIgniter(Object(CodeIgniter\CodeIgniter))
11 FCPATH\index.php(57): CodeIgniter\Boot::bootWeb(Object(Config\Paths))
CRITICAL - 2025-08-22 15:58:46 --> ErrorException: Attempt to read property "evento" on array
[Method: GET, Route: horarios_lector]
in APPPATH\Views\horarios_lector.php on line 201.
 1 APPPATH\Views\horarios_lector.php(201): CodeIgniter\Debug\Exceptions->errorHandler(2, 'Attempt to read property "evento" on array', 'C:\\xampp\\htdocs\\juanxiomaram2024\\tesina2025\\app\\Views\\horarios_lector.php', 201)
 2 SYSTEMPATH\View\View.php(234): include('C:\\xampp\\htdocs\\juanxiomaram2024\\tesina2025\\app\\Views\\horarios_lector.php')
 3 SYSTEMPATH\View\View.php(237): CodeIgniter\View\View->CodeIgniter\View\{closure}()
 4 SYSTEMPATH\Common.php(1169): CodeIgniter\View\View->render('horarios_lector', [], true)
 5 APPPATH\Controllers\Horarios.php(309): view('horarios_lector', [...])
 6 SYSTEMPATH\CodeIgniter.php(933): App\Controllers\Horarios->horariosLector()
 7 SYSTEMPATH\CodeIgniter.php(509): CodeIgniter\CodeIgniter->runController(Object(App\Controllers\Horarios))
 8 SYSTEMPATH\CodeIgniter.php(355): CodeIgniter\CodeIgniter->handleRequest(null, Object(Config\Cache), false)
 9 SYSTEMPATH\Boot.php(325): CodeIgniter\CodeIgniter->run()
10 SYSTEMPATH\Boot.php(67): CodeIgniter\Boot::runCodeIgniter(Object(CodeIgniter\CodeIgniter))
11 FCPATH\index.php(57): CodeIgniter\Boot::bootWeb(Object(Config\Paths))
