ERROR - 2025-10-07 13:04:13 --> mysqli_sql_exception: Unknown column 'idrol' in 'field list' in C:\xampp\htdocs\juanxiomaram2024\tesina2025\system\Database\MySQLi\Connection.php:312
Stack trace:
#0 C:\xampp\htdocs\juanxiomaram2024\tesina2025\system\Database\MySQLi\Connection.php(312): mysqli->query('INSERT INTO `us...', 0)
#1 C:\xampp\htdocs\juanxiomaram2024\tesina2025\system\Database\BaseConnection.php(734): CodeIgniter\Database\MySQLi\Connection->execute('INSERT INTO `us...')
#2 C:\xampp\htdocs\juanxiomaram2024\tesina2025\system\Database\BaseConnection.php(648): CodeIgniter\Database\BaseConnection->simpleQuery('INSERT INTO `us...')
#3 C:\xampp\htdocs\juanxiomaram2024\tesina2025\system\Database\BaseBuilder.php(2340): CodeIgniter\Database\BaseConnection->query('INSERT INTO `us...', Array, false)
#4 C:\xampp\htdocs\juanxiomaram2024\tesina2025\system\Model.php(394): CodeIgniter\Database\BaseBuilder->insert()
#5 C:\xampp\htdocs\juanxiomaram2024\tesina2025\system\BaseModel.php(840): CodeIgniter\Model->doInsert(Array)
#6 C:\xampp\htdocs\juanxiomaram2024\tesina2025\system\Model.php(802): CodeIgniter\BaseModel->insert(Array, true)
#7 C:\xampp\htdocs\juanxiomaram2024\tesina2025\app\Controllers\Auth.php(249): CodeIgniter\Model->insert(Array)
#8 C:\xampp\htdocs\juanxiomaram2024\tesina2025\system\CodeIgniter.php(933): App\Controllers\Auth->guardarRegistro()
#9 C:\xampp\htdocs\juanxiomaram2024\tesina2025\system\CodeIgniter.php(509): CodeIgniter\CodeIgniter->runController(Object(App\Controllers\Auth))
#10 C:\xampp\htdocs\juanxiomaram2024\tesina2025\system\CodeIgniter.php(355): CodeIgniter\CodeIgniter->handleRequest(NULL, Object(Config\Cache), false)
#11 C:\xampp\htdocs\juanxiomaram2024\tesina2025\system\Boot.php(325): CodeIgniter\CodeIgniter->run()
#12 C:\xampp\htdocs\juanxiomaram2024\tesina2025\system\Boot.php(67): CodeIgniter\Boot::runCodeIgniter(Object(CodeIgniter\CodeIgniter))
#13 C:\xampp\htdocs\juanxiomaram2024\tesina2025\public\index.php(57): CodeIgniter\Boot::bootWeb(Object(Config\Paths))
#14 {main}
CRITICAL - 2025-10-07 13:04:13 --> CodeIgniter\Database\Exceptions\DatabaseException: Unknown column 'idrol' in 'field list'
[Method: POST, Route: registro]
in SYSTEMPATH\Database\BaseConnection.php on line 688.
 1 SYSTEMPATH\Database\BaseBuilder.php(2340): CodeIgniter\Database\BaseConnection->query('INSERT INTO `usuarios` (`usuario`, `email`, `password`, `idrol`, `fecha_registro`) VALUES (:usuario:, :email:, :password:, :idrol:, :fecha_registro:)', [...], false)
 2 SYSTEMPATH\Model.php(394): CodeIgniter\Database\BaseBuilder->insert()
 3 SYSTEMPATH\BaseModel.php(840): CodeIgniter\Model->doInsert([...])
 4 SYSTEMPATH\Model.php(802): CodeIgniter\BaseModel->insert([...], true)
 5 APPPATH\Controllers\Auth.php(249): CodeIgniter\Model->insert([...])
 6 SYSTEMPATH\CodeIgniter.php(933): App\Controllers\Auth->guardarRegistro()
 7 SYSTEMPATH\CodeIgniter.php(509): CodeIgniter\CodeIgniter->runController(Object(App\Controllers\Auth))
 8 SYSTEMPATH\CodeIgniter.php(355): CodeIgniter\CodeIgniter->handleRequest(null, Object(Config\Cache), false)
 9 SYSTEMPATH\Boot.php(325): CodeIgniter\CodeIgniter->run()
10 SYSTEMPATH\Boot.php(67): CodeIgniter\Boot::runCodeIgniter(Object(CodeIgniter\CodeIgniter))
11 FCPATH\index.php(57): CodeIgniter\Boot::bootWeb(Object(Config\Paths))
CRITICAL - 2025-10-07 13:04:13 --> [Caused by] CodeIgniter\Database\Exceptions\DatabaseException: Unknown column 'idrol' in 'field list'
in SYSTEMPATH\Database\MySQLi\Connection.php on line 317.
 1 SYSTEMPATH\Database\BaseConnection.php(734): CodeIgniter\Database\MySQLi\Connection->execute('INSERT INTO `usuarios` (`usuario`, `email`, `password`, `idrol`, `fecha_registro`) VALUES (\'xiomara mondino\', \'xiomimondino@gmail.com\', \'$2y$10$Oaq.ZHo8QJ9RHlQnAkuDaewIN25QXlKJtf1vd26ERk09MyG/v/tw.\', 1, \'2025-10-07 13:04:13\')')
 2 SYSTEMPATH\Database\BaseConnection.php(648): CodeIgniter\Database\BaseConnection->simpleQuery('INSERT INTO `usuarios` (`usuario`, `email`, `password`, `idrol`, `fecha_registro`) VALUES (\'xiomara mondino\', \'xiomimondino@gmail.com\', \'$2y$10$Oaq.ZHo8QJ9RHlQnAkuDaewIN25QXlKJtf1vd26ERk09MyG/v/tw.\', 1, \'2025-10-07 13:04:13\')')
 3 SYSTEMPATH\Database\BaseBuilder.php(2340): CodeIgniter\Database\BaseConnection->query('INSERT INTO `usuarios` (`usuario`, `email`, `password`, `idrol`, `fecha_registro`) VALUES (:usuario:, :email:, :password:, :idrol:, :fecha_registro:)', [...], false)
 4 SYSTEMPATH\Model.php(394): CodeIgniter\Database\BaseBuilder->insert()
 5 SYSTEMPATH\BaseModel.php(840): CodeIgniter\Model->doInsert([...])
 6 SYSTEMPATH\Model.php(802): CodeIgniter\BaseModel->insert([...], true)
 7 APPPATH\Controllers\Auth.php(249): CodeIgniter\Model->insert([...])
 8 SYSTEMPATH\CodeIgniter.php(933): App\Controllers\Auth->guardarRegistro()
 9 SYSTEMPATH\CodeIgniter.php(509): CodeIgniter\CodeIgniter->runController(Object(App\Controllers\Auth))
10 SYSTEMPATH\CodeIgniter.php(355): CodeIgniter\CodeIgniter->handleRequest(null, Object(Config\Cache), false)
11 SYSTEMPATH\Boot.php(325): CodeIgniter\CodeIgniter->run()
12 SYSTEMPATH\Boot.php(67): CodeIgniter\Boot::runCodeIgniter(Object(CodeIgniter\CodeIgniter))
13 FCPATH\index.php(57): CodeIgniter\Boot::bootWeb(Object(Config\Paths))
CRITICAL - 2025-10-07 13:04:13 --> [Caused by] mysqli_sql_exception: Unknown column 'idrol' in 'field list'
in SYSTEMPATH\Database\MySQLi\Connection.php on line 312.
 1 SYSTEMPATH\Database\MySQLi\Connection.php(312): mysqli->query('INSERT INTO `usuarios` (`usuario`, `email`, `password`, `idrol`, `fecha_registro`) VALUES (\'xiomara mondino\', \'xiomimondino@gmail.com\', \'$2y$10$Oaq.ZHo8QJ9RHlQnAkuDaewIN25QXlKJtf1vd26ERk09MyG/v/tw.\', 1, \'2025-10-07 13:04:13\')', 0)
 2 SYSTEMPATH\Database\BaseConnection.php(734): CodeIgniter\Database\MySQLi\Connection->execute('INSERT INTO `usuarios` (`usuario`, `email`, `password`, `idrol`, `fecha_registro`) VALUES (\'xiomara mondino\', \'xiomimondino@gmail.com\', \'$2y$10$Oaq.ZHo8QJ9RHlQnAkuDaewIN25QXlKJtf1vd26ERk09MyG/v/tw.\', 1, \'2025-10-07 13:04:13\')')
 3 SYSTEMPATH\Database\BaseConnection.php(648): CodeIgniter\Database\BaseConnection->simpleQuery('INSERT INTO `usuarios` (`usuario`, `email`, `password`, `idrol`, `fecha_registro`) VALUES (\'xiomara mondino\', \'xiomimondino@gmail.com\', \'$2y$10$Oaq.ZHo8QJ9RHlQnAkuDaewIN25QXlKJtf1vd26ERk09MyG/v/tw.\', 1, \'2025-10-07 13:04:13\')')
 4 SYSTEMPATH\Database\BaseBuilder.php(2340): CodeIgniter\Database\BaseConnection->query('INSERT INTO `usuarios` (`usuario`, `email`, `password`, `idrol`, `fecha_registro`) VALUES (:usuario:, :email:, :password:, :idrol:, :fecha_registro:)', [...], false)
 5 SYSTEMPATH\Model.php(394): CodeIgniter\Database\BaseBuilder->insert()
 6 SYSTEMPATH\BaseModel.php(840): CodeIgniter\Model->doInsert([...])
 7 SYSTEMPATH\Model.php(802): CodeIgniter\BaseModel->insert([...], true)
 8 APPPATH\Controllers\Auth.php(249): CodeIgniter\Model->insert([...])
 9 SYSTEMPATH\CodeIgniter.php(933): App\Controllers\Auth->guardarRegistro()
10 SYSTEMPATH\CodeIgniter.php(509): CodeIgniter\CodeIgniter->runController(Object(App\Controllers\Auth))
11 SYSTEMPATH\CodeIgniter.php(355): CodeIgniter\CodeIgniter->handleRequest(null, Object(Config\Cache), false)
12 SYSTEMPATH\Boot.php(325): CodeIgniter\CodeIgniter->run()
13 SYSTEMPATH\Boot.php(67): CodeIgniter\Boot::runCodeIgniter(Object(CodeIgniter\CodeIgniter))
14 FCPATH\index.php(57): CodeIgniter\Boot::bootWeb(Object(Config\Paths))
ERROR - 2025-10-07 13:04:36 --> mysqli_sql_exception: Unknown column 'idrol' in 'field list' in C:\xampp\htdocs\juanxiomaram2024\tesina2025\system\Database\MySQLi\Connection.php:312
Stack trace:
#0 C:\xampp\htdocs\juanxiomaram2024\tesina2025\system\Database\MySQLi\Connection.php(312): mysqli->query('INSERT INTO `us...', 0)
#1 C:\xampp\htdocs\juanxiomaram2024\tesina2025\system\Database\BaseConnection.php(734): CodeIgniter\Database\MySQLi\Connection->execute('INSERT INTO `us...')
#2 C:\xampp\htdocs\juanxiomaram2024\tesina2025\system\Database\BaseConnection.php(648): CodeIgniter\Database\BaseConnection->simpleQuery('INSERT INTO `us...')
#3 C:\xampp\htdocs\juanxiomaram2024\tesina2025\system\Database\BaseBuilder.php(2340): CodeIgniter\Database\BaseConnection->query('INSERT INTO `us...', Array, false)
#4 C:\xampp\htdocs\juanxiomaram2024\tesina2025\system\Model.php(394): CodeIgniter\Database\BaseBuilder->insert()
#5 C:\xampp\htdocs\juanxiomaram2024\tesina2025\system\BaseModel.php(840): CodeIgniter\Model->doInsert(Array)
#6 C:\xampp\htdocs\juanxiomaram2024\tesina2025\system\Model.php(802): CodeIgniter\BaseModel->insert(Array, true)
#7 C:\xampp\htdocs\juanxiomaram2024\tesina2025\app\Controllers\Auth.php(249): CodeIgniter\Model->insert(Array)
#8 C:\xampp\htdocs\juanxiomaram2024\tesina2025\system\CodeIgniter.php(933): App\Controllers\Auth->guardarRegistro()
#9 C:\xampp\htdocs\juanxiomaram2024\tesina2025\system\CodeIgniter.php(509): CodeIgniter\CodeIgniter->runController(Object(App\Controllers\Auth))
#10 C:\xampp\htdocs\juanxiomaram2024\tesina2025\system\CodeIgniter.php(355): CodeIgniter\CodeIgniter->handleRequest(NULL, Object(Config\Cache), false)
#11 C:\xampp\htdocs\juanxiomaram2024\tesina2025\system\Boot.php(325): CodeIgniter\CodeIgniter->run()
#12 C:\xampp\htdocs\juanxiomaram2024\tesina2025\system\Boot.php(67): CodeIgniter\Boot::runCodeIgniter(Object(CodeIgniter\CodeIgniter))
#13 C:\xampp\htdocs\juanxiomaram2024\tesina2025\public\index.php(57): CodeIgniter\Boot::bootWeb(Object(Config\Paths))
#14 {main}
CRITICAL - 2025-10-07 13:04:36 --> CodeIgniter\Database\Exceptions\DatabaseException: Unknown column 'idrol' in 'field list'
[Method: POST, Route: registro]
in SYSTEMPATH\Database\BaseConnection.php on line 688.
 1 SYSTEMPATH\Database\BaseBuilder.php(2340): CodeIgniter\Database\BaseConnection->query('INSERT INTO `usuarios` (`usuario`, `email`, `password`, `idrol`, `fecha_registro`) VALUES (:usuario:, :email:, :password:, :idrol:, :fecha_registro:)', [...], false)
 2 SYSTEMPATH\Model.php(394): CodeIgniter\Database\BaseBuilder->insert()
 3 SYSTEMPATH\BaseModel.php(840): CodeIgniter\Model->doInsert([...])
 4 SYSTEMPATH\Model.php(802): CodeIgniter\BaseModel->insert([...], true)
 5 APPPATH\Controllers\Auth.php(249): CodeIgniter\Model->insert([...])
 6 SYSTEMPATH\CodeIgniter.php(933): App\Controllers\Auth->guardarRegistro()
 7 SYSTEMPATH\CodeIgniter.php(509): CodeIgniter\CodeIgniter->runController(Object(App\Controllers\Auth))
 8 SYSTEMPATH\CodeIgniter.php(355): CodeIgniter\CodeIgniter->handleRequest(null, Object(Config\Cache), false)
 9 SYSTEMPATH\Boot.php(325): CodeIgniter\CodeIgniter->run()
10 SYSTEMPATH\Boot.php(67): CodeIgniter\Boot::runCodeIgniter(Object(CodeIgniter\CodeIgniter))
11 FCPATH\index.php(57): CodeIgniter\Boot::bootWeb(Object(Config\Paths))
CRITICAL - 2025-10-07 13:04:36 --> [Caused by] CodeIgniter\Database\Exceptions\DatabaseException: Unknown column 'idrol' in 'field list'
in SYSTEMPATH\Database\MySQLi\Connection.php on line 317.
 1 SYSTEMPATH\Database\BaseConnection.php(734): CodeIgniter\Database\MySQLi\Connection->execute('INSERT INTO `usuarios` (`usuario`, `email`, `password`, `idrol`, `fecha_registro`) VALUES (\'xiomara mondino\', \'xiomimondino@gmail.com\', \'$2y$10$TZ7I.1zSeqFKwjZv50Ohh.39p1jlqHRDIKn5M8AwzyEnkySS3lT.q\', 1, \'2025-10-07 13:04:36\')')
 2 SYSTEMPATH\Database\BaseConnection.php(648): CodeIgniter\Database\BaseConnection->simpleQuery('INSERT INTO `usuarios` (`usuario`, `email`, `password`, `idrol`, `fecha_registro`) VALUES (\'xiomara mondino\', \'xiomimondino@gmail.com\', \'$2y$10$TZ7I.1zSeqFKwjZv50Ohh.39p1jlqHRDIKn5M8AwzyEnkySS3lT.q\', 1, \'2025-10-07 13:04:36\')')
 3 SYSTEMPATH\Database\BaseBuilder.php(2340): CodeIgniter\Database\BaseConnection->query('INSERT INTO `usuarios` (`usuario`, `email`, `password`, `idrol`, `fecha_registro`) VALUES (:usuario:, :email:, :password:, :idrol:, :fecha_registro:)', [...], false)
 4 SYSTEMPATH\Model.php(394): CodeIgniter\Database\BaseBuilder->insert()
 5 SYSTEMPATH\BaseModel.php(840): CodeIgniter\Model->doInsert([...])
 6 SYSTEMPATH\Model.php(802): CodeIgniter\BaseModel->insert([...], true)
 7 APPPATH\Controllers\Auth.php(249): CodeIgniter\Model->insert([...])
 8 SYSTEMPATH\CodeIgniter.php(933): App\Controllers\Auth->guardarRegistro()
 9 SYSTEMPATH\CodeIgniter.php(509): CodeIgniter\CodeIgniter->runController(Object(App\Controllers\Auth))
10 SYSTEMPATH\CodeIgniter.php(355): CodeIgniter\CodeIgniter->handleRequest(null, Object(Config\Cache), false)
11 SYSTEMPATH\Boot.php(325): CodeIgniter\CodeIgniter->run()
12 SYSTEMPATH\Boot.php(67): CodeIgniter\Boot::runCodeIgniter(Object(CodeIgniter\CodeIgniter))
13 FCPATH\index.php(57): CodeIgniter\Boot::bootWeb(Object(Config\Paths))
CRITICAL - 2025-10-07 13:04:36 --> [Caused by] mysqli_sql_exception: Unknown column 'idrol' in 'field list'
in SYSTEMPATH\Database\MySQLi\Connection.php on line 312.
 1 SYSTEMPATH\Database\MySQLi\Connection.php(312): mysqli->query('INSERT INTO `usuarios` (`usuario`, `email`, `password`, `idrol`, `fecha_registro`) VALUES (\'xiomara mondino\', \'xiomimondino@gmail.com\', \'$2y$10$TZ7I.1zSeqFKwjZv50Ohh.39p1jlqHRDIKn5M8AwzyEnkySS3lT.q\', 1, \'2025-10-07 13:04:36\')', 0)
 2 SYSTEMPATH\Database\BaseConnection.php(734): CodeIgniter\Database\MySQLi\Connection->execute('INSERT INTO `usuarios` (`usuario`, `email`, `password`, `idrol`, `fecha_registro`) VALUES (\'xiomara mondino\', \'xiomimondino@gmail.com\', \'$2y$10$TZ7I.1zSeqFKwjZv50Ohh.39p1jlqHRDIKn5M8AwzyEnkySS3lT.q\', 1, \'2025-10-07 13:04:36\')')
 3 SYSTEMPATH\Database\BaseConnection.php(648): CodeIgniter\Database\BaseConnection->simpleQuery('INSERT INTO `usuarios` (`usuario`, `email`, `password`, `idrol`, `fecha_registro`) VALUES (\'xiomara mondino\', \'xiomimondino@gmail.com\', \'$2y$10$TZ7I.1zSeqFKwjZv50Ohh.39p1jlqHRDIKn5M8AwzyEnkySS3lT.q\', 1, \'2025-10-07 13:04:36\')')
 4 SYSTEMPATH\Database\BaseBuilder.php(2340): CodeIgniter\Database\BaseConnection->query('INSERT INTO `usuarios` (`usuario`, `email`, `password`, `idrol`, `fecha_registro`) VALUES (:usuario:, :email:, :password:, :idrol:, :fecha_registro:)', [...], false)
 5 SYSTEMPATH\Model.php(394): CodeIgniter\Database\BaseBuilder->insert()
 6 SYSTEMPATH\BaseModel.php(840): CodeIgniter\Model->doInsert([...])
 7 SYSTEMPATH\Model.php(802): CodeIgniter\BaseModel->insert([...], true)
 8 APPPATH\Controllers\Auth.php(249): CodeIgniter\Model->insert([...])
 9 SYSTEMPATH\CodeIgniter.php(933): App\Controllers\Auth->guardarRegistro()
10 SYSTEMPATH\CodeIgniter.php(509): CodeIgniter\CodeIgniter->runController(Object(App\Controllers\Auth))
11 SYSTEMPATH\CodeIgniter.php(355): CodeIgniter\CodeIgniter->handleRequest(null, Object(Config\Cache), false)
12 SYSTEMPATH\Boot.php(325): CodeIgniter\CodeIgniter->run()
13 SYSTEMPATH\Boot.php(67): CodeIgniter\Boot::runCodeIgniter(Object(CodeIgniter\CodeIgniter))
14 FCPATH\index.php(57): CodeIgniter\Boot::bootWeb(Object(Config\Paths))
CRITICAL - 2025-10-07 13:22:04 --> ErrorException: Undefined variable $total_comprados
[Method: GET, Route: registrar_dispositivo]
in APPPATH\Views\registrar_dispositivo.php on line 148.
 1 APPPATH\Views\registrar_dispositivo.php(148): CodeIgniter\Debug\Exceptions->errorHandler(2, 'Undefined variable $total_comprados', 'C:\\xampp\\htdocs\\juanxiomaram2024\\tesina2025\\app\\Views\\registrar_dispositivo.php', 148)
 2 SYSTEMPATH\View\View.php(234): include('C:\\xampp\\htdocs\\juanxiomaram2024\\tesina2025\\app\\Views\\registrar_dispositivo.php')
 3 SYSTEMPATH\View\View.php(237): CodeIgniter\View\View->CodeIgniter\View\{closure}()
 4 SYSTEMPATH\Common.php(1169): CodeIgniter\View\View->render('registrar_dispositivo', [], true)
 5 APPPATH\Controllers\AdminController.php(576): view('registrar_dispositivo', [...])
 6 SYSTEMPATH\CodeIgniter.php(933): App\Controllers\AdminController->registrar_dispositivo()
 7 SYSTEMPATH\CodeIgniter.php(509): CodeIgniter\CodeIgniter->runController(Object(App\Controllers\AdminController))
 8 SYSTEMPATH\CodeIgniter.php(355): CodeIgniter\CodeIgniter->handleRequest(null, Object(Config\Cache), false)
 9 SYSTEMPATH\Boot.php(325): CodeIgniter\CodeIgniter->run()
10 SYSTEMPATH\Boot.php(67): CodeIgniter\Boot::runCodeIgniter(Object(CodeIgniter\CodeIgniter))
11 FCPATH\index.php(57): CodeIgniter\Boot::bootWeb(Object(Config\Paths))
CRITICAL - 2025-10-07 13:26:07 --> ErrorException: Undefined variable $total_comprados
[Method: GET, Route: registrar_dispositivo]
in APPPATH\Views\registrar_dispositivo.php on line 148.
 1 APPPATH\Views\registrar_dispositivo.php(148): CodeIgniter\Debug\Exceptions->errorHandler(2, 'Undefined variable $total_comprados', 'C:\\xampp\\htdocs\\juanxiomaram2024\\tesina2025\\app\\Views\\registrar_dispositivo.php', 148)
 2 SYSTEMPATH\View\View.php(234): include('C:\\xampp\\htdocs\\juanxiomaram2024\\tesina2025\\app\\Views\\registrar_dispositivo.php')
 3 SYSTEMPATH\View\View.php(237): CodeIgniter\View\View->CodeIgniter\View\{closure}()
 4 SYSTEMPATH\Common.php(1169): CodeIgniter\View\View->render('registrar_dispositivo', [], true)
 5 APPPATH\Controllers\AdminController.php(576): view('registrar_dispositivo', [...])
 6 SYSTEMPATH\CodeIgniter.php(933): App\Controllers\AdminController->registrar_dispositivo()
 7 SYSTEMPATH\CodeIgniter.php(509): CodeIgniter\CodeIgniter->runController(Object(App\Controllers\AdminController))
 8 SYSTEMPATH\CodeIgniter.php(355): CodeIgniter\CodeIgniter->handleRequest(null, Object(Config\Cache), false)
 9 SYSTEMPATH\Boot.php(325): CodeIgniter\CodeIgniter->run()
10 SYSTEMPATH\Boot.php(67): CodeIgniter\Boot::runCodeIgniter(Object(CodeIgniter\CodeIgniter))
11 FCPATH\index.php(57): CodeIgniter\Boot::bootWeb(Object(Config\Paths))
CRITICAL - 2025-10-07 13:26:08 --> ErrorException: Undefined variable $total_comprados
[Method: GET, Route: registrar_dispositivo]
in APPPATH\Views\registrar_dispositivo.php on line 148.
 1 APPPATH\Views\registrar_dispositivo.php(148): CodeIgniter\Debug\Exceptions->errorHandler(2, 'Undefined variable $total_comprados', 'C:\\xampp\\htdocs\\juanxiomaram2024\\tesina2025\\app\\Views\\registrar_dispositivo.php', 148)
 2 SYSTEMPATH\View\View.php(234): include('C:\\xampp\\htdocs\\juanxiomaram2024\\tesina2025\\app\\Views\\registrar_dispositivo.php')
 3 SYSTEMPATH\View\View.php(237): CodeIgniter\View\View->CodeIgniter\View\{closure}()
 4 SYSTEMPATH\Common.php(1169): CodeIgniter\View\View->render('registrar_dispositivo', [], true)
 5 APPPATH\Controllers\AdminController.php(576): view('registrar_dispositivo', [...])
 6 SYSTEMPATH\CodeIgniter.php(933): App\Controllers\AdminController->registrar_dispositivo()
 7 SYSTEMPATH\CodeIgniter.php(509): CodeIgniter\CodeIgniter->runController(Object(App\Controllers\AdminController))
 8 SYSTEMPATH\CodeIgniter.php(355): CodeIgniter\CodeIgniter->handleRequest(null, Object(Config\Cache), false)
 9 SYSTEMPATH\Boot.php(325): CodeIgniter\CodeIgniter->run()
10 SYSTEMPATH\Boot.php(67): CodeIgniter\Boot::runCodeIgniter(Object(CodeIgniter\CodeIgniter))
11 FCPATH\index.php(57): CodeIgniter\Boot::bootWeb(Object(Config\Paths))
CRITICAL - 2025-10-07 13:26:09 --> ErrorException: Undefined variable $total_comprados
[Method: GET, Route: registrar_dispositivo]
in APPPATH\Views\registrar_dispositivo.php on line 148.
 1 APPPATH\Views\registrar_dispositivo.php(148): CodeIgniter\Debug\Exceptions->errorHandler(2, 'Undefined variable $total_comprados', 'C:\\xampp\\htdocs\\juanxiomaram2024\\tesina2025\\app\\Views\\registrar_dispositivo.php', 148)
 2 SYSTEMPATH\View\View.php(234): include('C:\\xampp\\htdocs\\juanxiomaram2024\\tesina2025\\app\\Views\\registrar_dispositivo.php')
 3 SYSTEMPATH\View\View.php(237): CodeIgniter\View\View->CodeIgniter\View\{closure}()
 4 SYSTEMPATH\Common.php(1169): CodeIgniter\View\View->render('registrar_dispositivo', [], true)
 5 APPPATH\Controllers\AdminController.php(576): view('registrar_dispositivo', [...])
 6 SYSTEMPATH\CodeIgniter.php(933): App\Controllers\AdminController->registrar_dispositivo()
 7 SYSTEMPATH\CodeIgniter.php(509): CodeIgniter\CodeIgniter->runController(Object(App\Controllers\AdminController))
 8 SYSTEMPATH\CodeIgniter.php(355): CodeIgniter\CodeIgniter->handleRequest(null, Object(Config\Cache), false)
 9 SYSTEMPATH\Boot.php(325): CodeIgniter\CodeIgniter->run()
10 SYSTEMPATH\Boot.php(67): CodeIgniter\Boot::runCodeIgniter(Object(CodeIgniter\CodeIgniter))
11 FCPATH\index.php(57): CodeIgniter\Boot::bootWeb(Object(Config\Paths))
CRITICAL - 2025-10-07 13:26:10 --> ErrorException: Undefined variable $total_comprados
[Method: GET, Route: registrar_dispositivo]
in APPPATH\Views\registrar_dispositivo.php on line 148.
 1 APPPATH\Views\registrar_dispositivo.php(148): CodeIgniter\Debug\Exceptions->errorHandler(2, 'Undefined variable $total_comprados', 'C:\\xampp\\htdocs\\juanxiomaram2024\\tesina2025\\app\\Views\\registrar_dispositivo.php', 148)
 2 SYSTEMPATH\View\View.php(234): include('C:\\xampp\\htdocs\\juanxiomaram2024\\tesina2025\\app\\Views\\registrar_dispositivo.php')
 3 SYSTEMPATH\View\View.php(237): CodeIgniter\View\View->CodeIgniter\View\{closure}()
 4 SYSTEMPATH\Common.php(1169): CodeIgniter\View\View->render('registrar_dispositivo', [], true)
 5 APPPATH\Controllers\AdminController.php(576): view('registrar_dispositivo', [...])
 6 SYSTEMPATH\CodeIgniter.php(933): App\Controllers\AdminController->registrar_dispositivo()
 7 SYSTEMPATH\CodeIgniter.php(509): CodeIgniter\CodeIgniter->runController(Object(App\Controllers\AdminController))
 8 SYSTEMPATH\CodeIgniter.php(355): CodeIgniter\CodeIgniter->handleRequest(null, Object(Config\Cache), false)
 9 SYSTEMPATH\Boot.php(325): CodeIgniter\CodeIgniter->run()
10 SYSTEMPATH\Boot.php(67): CodeIgniter\Boot::runCodeIgniter(Object(CodeIgniter\CodeIgniter))
11 FCPATH\index.php(57): CodeIgniter\Boot::bootWeb(Object(Config\Paths))
CRITICAL - 2025-10-07 13:26:10 --> ErrorException: Undefined variable $total_comprados
[Method: GET, Route: registrar_dispositivo]
in APPPATH\Views\registrar_dispositivo.php on line 148.
 1 APPPATH\Views\registrar_dispositivo.php(148): CodeIgniter\Debug\Exceptions->errorHandler(2, 'Undefined variable $total_comprados', 'C:\\xampp\\htdocs\\juanxiomaram2024\\tesina2025\\app\\Views\\registrar_dispositivo.php', 148)
 2 SYSTEMPATH\View\View.php(234): include('C:\\xampp\\htdocs\\juanxiomaram2024\\tesina2025\\app\\Views\\registrar_dispositivo.php')
 3 SYSTEMPATH\View\View.php(237): CodeIgniter\View\View->CodeIgniter\View\{closure}()
 4 SYSTEMPATH\Common.php(1169): CodeIgniter\View\View->render('registrar_dispositivo', [], true)
 5 APPPATH\Controllers\AdminController.php(576): view('registrar_dispositivo', [...])
 6 SYSTEMPATH\CodeIgniter.php(933): App\Controllers\AdminController->registrar_dispositivo()
 7 SYSTEMPATH\CodeIgniter.php(509): CodeIgniter\CodeIgniter->runController(Object(App\Controllers\AdminController))
 8 SYSTEMPATH\CodeIgniter.php(355): CodeIgniter\CodeIgniter->handleRequest(null, Object(Config\Cache), false)
 9 SYSTEMPATH\Boot.php(325): CodeIgniter\CodeIgniter->run()
10 SYSTEMPATH\Boot.php(67): CodeIgniter\Boot::runCodeIgniter(Object(CodeIgniter\CodeIgniter))
11 FCPATH\index.php(57): CodeIgniter\Boot::bootWeb(Object(Config\Paths))
CRITICAL - 2025-10-07 13:26:13 --> ErrorException: Undefined variable $total_comprados
[Method: GET, Route: registrar_dispositivo]
in APPPATH\Views\registrar_dispositivo.php on line 148.
 1 APPPATH\Views\registrar_dispositivo.php(148): CodeIgniter\Debug\Exceptions->errorHandler(2, 'Undefined variable $total_comprados', 'C:\\xampp\\htdocs\\juanxiomaram2024\\tesina2025\\app\\Views\\registrar_dispositivo.php', 148)
 2 SYSTEMPATH\View\View.php(234): include('C:\\xampp\\htdocs\\juanxiomaram2024\\tesina2025\\app\\Views\\registrar_dispositivo.php')
 3 SYSTEMPATH\View\View.php(237): CodeIgniter\View\View->CodeIgniter\View\{closure}()
 4 SYSTEMPATH\Common.php(1169): CodeIgniter\View\View->render('registrar_dispositivo', [], true)
 5 APPPATH\Controllers\AdminController.php(576): view('registrar_dispositivo', [...])
 6 SYSTEMPATH\CodeIgniter.php(933): App\Controllers\AdminController->registrar_dispositivo()
 7 SYSTEMPATH\CodeIgniter.php(509): CodeIgniter\CodeIgniter->runController(Object(App\Controllers\AdminController))
 8 SYSTEMPATH\CodeIgniter.php(355): CodeIgniter\CodeIgniter->handleRequest(null, Object(Config\Cache), false)
 9 SYSTEMPATH\Boot.php(325): CodeIgniter\CodeIgniter->run()
10 SYSTEMPATH\Boot.php(67): CodeIgniter\Boot::runCodeIgniter(Object(CodeIgniter\CodeIgniter))
11 FCPATH\index.php(57): CodeIgniter\Boot::bootWeb(Object(Config\Paths))
CRITICAL - 2025-10-07 13:26:43 --> ErrorException: Undefined variable $total_comprados
[Method: GET, Route: registrar_dispositivo]
in APPPATH\Views\registrar_dispositivo.php on line 148.
 1 APPPATH\Views\registrar_dispositivo.php(148): CodeIgniter\Debug\Exceptions->errorHandler(2, 'Undefined variable $total_comprados', 'C:\\xampp\\htdocs\\juanxiomaram2024\\tesina2025\\app\\Views\\registrar_dispositivo.php', 148)
 2 SYSTEMPATH\View\View.php(234): include('C:\\xampp\\htdocs\\juanxiomaram2024\\tesina2025\\app\\Views\\registrar_dispositivo.php')
 3 SYSTEMPATH\View\View.php(237): CodeIgniter\View\View->CodeIgniter\View\{closure}()
 4 SYSTEMPATH\Common.php(1169): CodeIgniter\View\View->render('registrar_dispositivo', [], true)
 5 APPPATH\Controllers\AdminController.php(576): view('registrar_dispositivo', [...])
 6 SYSTEMPATH\CodeIgniter.php(933): App\Controllers\AdminController->registrar_dispositivo()
 7 SYSTEMPATH\CodeIgniter.php(509): CodeIgniter\CodeIgniter->runController(Object(App\Controllers\AdminController))
 8 SYSTEMPATH\CodeIgniter.php(355): CodeIgniter\CodeIgniter->handleRequest(null, Object(Config\Cache), false)
 9 SYSTEMPATH\Boot.php(325): CodeIgniter\CodeIgniter->run()
10 SYSTEMPATH\Boot.php(67): CodeIgniter\Boot::runCodeIgniter(Object(CodeIgniter\CodeIgniter))
11 FCPATH\index.php(57): CodeIgniter\Boot::bootWeb(Object(Config\Paths))
CRITICAL - 2025-10-07 13:28:12 --> ErrorException: Undefined variable $total_comprados
[Method: GET, Route: registrar_dispositivo]
in APPPATH\Views\registrar_dispositivo.php on line 148.
 1 APPPATH\Views\registrar_dispositivo.php(148): CodeIgniter\Debug\Exceptions->errorHandler(2, 'Undefined variable $total_comprados', 'C:\\xampp\\htdocs\\juanxiomaram2024\\tesina2025\\app\\Views\\registrar_dispositivo.php', 148)
 2 SYSTEMPATH\View\View.php(234): include('C:\\xampp\\htdocs\\juanxiomaram2024\\tesina2025\\app\\Views\\registrar_dispositivo.php')
 3 SYSTEMPATH\View\View.php(237): CodeIgniter\View\View->CodeIgniter\View\{closure}()
 4 SYSTEMPATH\Common.php(1169): CodeIgniter\View\View->render('registrar_dispositivo', [], true)
 5 APPPATH\Controllers\AdminController.php(573): view('registrar_dispositivo', [...])
 6 SYSTEMPATH\CodeIgniter.php(933): App\Controllers\AdminController->registrar_dispositivo()
 7 SYSTEMPATH\CodeIgniter.php(509): CodeIgniter\CodeIgniter->runController(Object(App\Controllers\AdminController))
 8 SYSTEMPATH\CodeIgniter.php(355): CodeIgniter\CodeIgniter->handleRequest(null, Object(Config\Cache), false)
 9 SYSTEMPATH\Boot.php(325): CodeIgniter\CodeIgniter->run()
10 SYSTEMPATH\Boot.php(67): CodeIgniter\Boot::runCodeIgniter(Object(CodeIgniter\CodeIgniter))
11 FCPATH\index.php(57): CodeIgniter\Boot::bootWeb(Object(Config\Paths))
CRITICAL - 2025-10-07 13:28:13 --> ErrorException: Undefined variable $total_comprados
[Method: GET, Route: registrar_dispositivo]
in APPPATH\Views\registrar_dispositivo.php on line 148.
 1 APPPATH\Views\registrar_dispositivo.php(148): CodeIgniter\Debug\Exceptions->errorHandler(2, 'Undefined variable $total_comprados', 'C:\\xampp\\htdocs\\juanxiomaram2024\\tesina2025\\app\\Views\\registrar_dispositivo.php', 148)
 2 SYSTEMPATH\View\View.php(234): include('C:\\xampp\\htdocs\\juanxiomaram2024\\tesina2025\\app\\Views\\registrar_dispositivo.php')
 3 SYSTEMPATH\View\View.php(237): CodeIgniter\View\View->CodeIgniter\View\{closure}()
 4 SYSTEMPATH\Common.php(1169): CodeIgniter\View\View->render('registrar_dispositivo', [], true)
 5 APPPATH\Controllers\AdminController.php(573): view('registrar_dispositivo', [...])
 6 SYSTEMPATH\CodeIgniter.php(933): App\Controllers\AdminController->registrar_dispositivo()
 7 SYSTEMPATH\CodeIgniter.php(509): CodeIgniter\CodeIgniter->runController(Object(App\Controllers\AdminController))
 8 SYSTEMPATH\CodeIgniter.php(355): CodeIgniter\CodeIgniter->handleRequest(null, Object(Config\Cache), false)
 9 SYSTEMPATH\Boot.php(325): CodeIgniter\CodeIgniter->run()
10 SYSTEMPATH\Boot.php(67): CodeIgniter\Boot::runCodeIgniter(Object(CodeIgniter\CodeIgniter))
11 FCPATH\index.php(57): CodeIgniter\Boot::bootWeb(Object(Config\Paths))
CRITICAL - 2025-10-07 13:28:13 --> ErrorException: Undefined variable $total_comprados
[Method: GET, Route: registrar_dispositivo]
in APPPATH\Views\registrar_dispositivo.php on line 148.
 1 APPPATH\Views\registrar_dispositivo.php(148): CodeIgniter\Debug\Exceptions->errorHandler(2, 'Undefined variable $total_comprados', 'C:\\xampp\\htdocs\\juanxiomaram2024\\tesina2025\\app\\Views\\registrar_dispositivo.php', 148)
 2 SYSTEMPATH\View\View.php(234): include('C:\\xampp\\htdocs\\juanxiomaram2024\\tesina2025\\app\\Views\\registrar_dispositivo.php')
 3 SYSTEMPATH\View\View.php(237): CodeIgniter\View\View->CodeIgniter\View\{closure}()
 4 SYSTEMPATH\Common.php(1169): CodeIgniter\View\View->render('registrar_dispositivo', [], true)
 5 APPPATH\Controllers\AdminController.php(573): view('registrar_dispositivo', [...])
 6 SYSTEMPATH\CodeIgniter.php(933): App\Controllers\AdminController->registrar_dispositivo()
 7 SYSTEMPATH\CodeIgniter.php(509): CodeIgniter\CodeIgniter->runController(Object(App\Controllers\AdminController))
 8 SYSTEMPATH\CodeIgniter.php(355): CodeIgniter\CodeIgniter->handleRequest(null, Object(Config\Cache), false)
 9 SYSTEMPATH\Boot.php(325): CodeIgniter\CodeIgniter->run()
10 SYSTEMPATH\Boot.php(67): CodeIgniter\Boot::runCodeIgniter(Object(CodeIgniter\CodeIgniter))
11 FCPATH\index.php(57): CodeIgniter\Boot::bootWeb(Object(Config\Paths))
CRITICAL - 2025-10-07 13:28:13 --> ErrorException: Undefined variable $total_comprados
[Method: GET, Route: registrar_dispositivo]
in APPPATH\Views\registrar_dispositivo.php on line 148.
 1 APPPATH\Views\registrar_dispositivo.php(148): CodeIgniter\Debug\Exceptions->errorHandler(2, 'Undefined variable $total_comprados', 'C:\\xampp\\htdocs\\juanxiomaram2024\\tesina2025\\app\\Views\\registrar_dispositivo.php', 148)
 2 SYSTEMPATH\View\View.php(234): include('C:\\xampp\\htdocs\\juanxiomaram2024\\tesina2025\\app\\Views\\registrar_dispositivo.php')
 3 SYSTEMPATH\View\View.php(237): CodeIgniter\View\View->CodeIgniter\View\{closure}()
 4 SYSTEMPATH\Common.php(1169): CodeIgniter\View\View->render('registrar_dispositivo', [], true)
 5 APPPATH\Controllers\AdminController.php(573): view('registrar_dispositivo', [...])
 6 SYSTEMPATH\CodeIgniter.php(933): App\Controllers\AdminController->registrar_dispositivo()
 7 SYSTEMPATH\CodeIgniter.php(509): CodeIgniter\CodeIgniter->runController(Object(App\Controllers\AdminController))
 8 SYSTEMPATH\CodeIgniter.php(355): CodeIgniter\CodeIgniter->handleRequest(null, Object(Config\Cache), false)
 9 SYSTEMPATH\Boot.php(325): CodeIgniter\CodeIgniter->run()
10 SYSTEMPATH\Boot.php(67): CodeIgniter\Boot::runCodeIgniter(Object(CodeIgniter\CodeIgniter))
11 FCPATH\index.php(57): CodeIgniter\Boot::bootWeb(Object(Config\Paths))
CRITICAL - 2025-10-07 13:28:14 --> ErrorException: Undefined variable $total_comprados
[Method: GET, Route: registrar_dispositivo]
in APPPATH\Views\registrar_dispositivo.php on line 148.
 1 APPPATH\Views\registrar_dispositivo.php(148): CodeIgniter\Debug\Exceptions->errorHandler(2, 'Undefined variable $total_comprados', 'C:\\xampp\\htdocs\\juanxiomaram2024\\tesina2025\\app\\Views\\registrar_dispositivo.php', 148)
 2 SYSTEMPATH\View\View.php(234): include('C:\\xampp\\htdocs\\juanxiomaram2024\\tesina2025\\app\\Views\\registrar_dispositivo.php')
 3 SYSTEMPATH\View\View.php(237): CodeIgniter\View\View->CodeIgniter\View\{closure}()
 4 SYSTEMPATH\Common.php(1169): CodeIgniter\View\View->render('registrar_dispositivo', [], true)
 5 APPPATH\Controllers\AdminController.php(573): view('registrar_dispositivo', [...])
 6 SYSTEMPATH\CodeIgniter.php(933): App\Controllers\AdminController->registrar_dispositivo()
 7 SYSTEMPATH\CodeIgniter.php(509): CodeIgniter\CodeIgniter->runController(Object(App\Controllers\AdminController))
 8 SYSTEMPATH\CodeIgniter.php(355): CodeIgniter\CodeIgniter->handleRequest(null, Object(Config\Cache), false)
 9 SYSTEMPATH\Boot.php(325): CodeIgniter\CodeIgniter->run()
10 SYSTEMPATH\Boot.php(67): CodeIgniter\Boot::runCodeIgniter(Object(CodeIgniter\CodeIgniter))
11 FCPATH\index.php(57): CodeIgniter\Boot::bootWeb(Object(Config\Paths))
CRITICAL - 2025-10-07 13:28:14 --> ErrorException: Undefined variable $total_comprados
[Method: GET, Route: registrar_dispositivo]
in APPPATH\Views\registrar_dispositivo.php on line 148.
 1 APPPATH\Views\registrar_dispositivo.php(148): CodeIgniter\Debug\Exceptions->errorHandler(2, 'Undefined variable $total_comprados', 'C:\\xampp\\htdocs\\juanxiomaram2024\\tesina2025\\app\\Views\\registrar_dispositivo.php', 148)
 2 SYSTEMPATH\View\View.php(234): include('C:\\xampp\\htdocs\\juanxiomaram2024\\tesina2025\\app\\Views\\registrar_dispositivo.php')
 3 SYSTEMPATH\View\View.php(237): CodeIgniter\View\View->CodeIgniter\View\{closure}()
 4 SYSTEMPATH\Common.php(1169): CodeIgniter\View\View->render('registrar_dispositivo', [], true)
 5 APPPATH\Controllers\AdminController.php(573): view('registrar_dispositivo', [...])
 6 SYSTEMPATH\CodeIgniter.php(933): App\Controllers\AdminController->registrar_dispositivo()
 7 SYSTEMPATH\CodeIgniter.php(509): CodeIgniter\CodeIgniter->runController(Object(App\Controllers\AdminController))
 8 SYSTEMPATH\CodeIgniter.php(355): CodeIgniter\CodeIgniter->handleRequest(null, Object(Config\Cache), false)
 9 SYSTEMPATH\Boot.php(325): CodeIgniter\CodeIgniter->run()
10 SYSTEMPATH\Boot.php(67): CodeIgniter\Boot::runCodeIgniter(Object(CodeIgniter\CodeIgniter))
11 FCPATH\index.php(57): CodeIgniter\Boot::bootWeb(Object(Config\Paths))
CRITICAL - 2025-10-07 13:28:15 --> ErrorException: Undefined variable $total_comprados
[Method: GET, Route: registrar_dispositivo]
in APPPATH\Views\registrar_dispositivo.php on line 148.
 1 APPPATH\Views\registrar_dispositivo.php(148): CodeIgniter\Debug\Exceptions->errorHandler(2, 'Undefined variable $total_comprados', 'C:\\xampp\\htdocs\\juanxiomaram2024\\tesina2025\\app\\Views\\registrar_dispositivo.php', 148)
 2 SYSTEMPATH\View\View.php(234): include('C:\\xampp\\htdocs\\juanxiomaram2024\\tesina2025\\app\\Views\\registrar_dispositivo.php')
 3 SYSTEMPATH\View\View.php(237): CodeIgniter\View\View->CodeIgniter\View\{closure}()
 4 SYSTEMPATH\Common.php(1169): CodeIgniter\View\View->render('registrar_dispositivo', [], true)
 5 APPPATH\Controllers\AdminController.php(573): view('registrar_dispositivo', [...])
 6 SYSTEMPATH\CodeIgniter.php(933): App\Controllers\AdminController->registrar_dispositivo()
 7 SYSTEMPATH\CodeIgniter.php(509): CodeIgniter\CodeIgniter->runController(Object(App\Controllers\AdminController))
 8 SYSTEMPATH\CodeIgniter.php(355): CodeIgniter\CodeIgniter->handleRequest(null, Object(Config\Cache), false)
 9 SYSTEMPATH\Boot.php(325): CodeIgniter\CodeIgniter->run()
10 SYSTEMPATH\Boot.php(67): CodeIgniter\Boot::runCodeIgniter(Object(CodeIgniter\CodeIgniter))
11 FCPATH\index.php(57): CodeIgniter\Boot::bootWeb(Object(Config\Paths))
CRITICAL - 2025-10-07 13:28:42 --> ErrorException: Undefined variable $total_comprados
[Method: GET, Route: registrar_dispositivo]
in APPPATH\Views\registrar_dispositivo.php on line 148.
 1 APPPATH\Views\registrar_dispositivo.php(148): CodeIgniter\Debug\Exceptions->errorHandler(2, 'Undefined variable $total_comprados', 'C:\\xampp\\htdocs\\juanxiomaram2024\\tesina2025\\app\\Views\\registrar_dispositivo.php', 148)
 2 SYSTEMPATH\View\View.php(234): include('C:\\xampp\\htdocs\\juanxiomaram2024\\tesina2025\\app\\Views\\registrar_dispositivo.php')
 3 SYSTEMPATH\View\View.php(237): CodeIgniter\View\View->CodeIgniter\View\{closure}()
 4 SYSTEMPATH\Common.php(1169): CodeIgniter\View\View->render('registrar_dispositivo', [], true)
 5 APPPATH\Controllers\AdminController.php(573): view('registrar_dispositivo', [...])
 6 SYSTEMPATH\CodeIgniter.php(933): App\Controllers\AdminController->registrar_dispositivo()
 7 SYSTEMPATH\CodeIgniter.php(509): CodeIgniter\CodeIgniter->runController(Object(App\Controllers\AdminController))
 8 SYSTEMPATH\CodeIgniter.php(355): CodeIgniter\CodeIgniter->handleRequest(null, Object(Config\Cache), false)
 9 SYSTEMPATH\Boot.php(325): CodeIgniter\CodeIgniter->run()
10 SYSTEMPATH\Boot.php(67): CodeIgniter\Boot::runCodeIgniter(Object(CodeIgniter\CodeIgniter))
11 FCPATH\index.php(57): CodeIgniter\Boot::bootWeb(Object(Config\Paths))
CRITICAL - 2025-10-07 13:33:23 --> Error: Undefined constant "registrados"
[Method: GET, Route: registrar_dispositivo]
in APPPATH\Views\registrar_dispositivo.php on line 148.
 1 SYSTEMPATH\View\View.php(234): include()
 2 SYSTEMPATH\View\View.php(237): CodeIgniter\View\View->CodeIgniter\View\{closure}()
 3 SYSTEMPATH\Common.php(1169): CodeIgniter\View\View->render('registrar_dispositivo', [], true)
 4 APPPATH\Controllers\AdminController.php(573): view('registrar_dispositivo', [...])
 5 SYSTEMPATH\CodeIgniter.php(933): App\Controllers\AdminController->registrar_dispositivo()
 6 SYSTEMPATH\CodeIgniter.php(509): CodeIgniter\CodeIgniter->runController(Object(App\Controllers\AdminController))
 7 SYSTEMPATH\CodeIgniter.php(355): CodeIgniter\CodeIgniter->handleRequest(null, Object(Config\Cache), false)
 8 SYSTEMPATH\Boot.php(325): CodeIgniter\CodeIgniter->run()
 9 SYSTEMPATH\Boot.php(67): CodeIgniter\Boot::runCodeIgniter(Object(CodeIgniter\CodeIgniter))
10 FCPATH\index.php(57): CodeIgniter\Boot::bootWeb(Object(Config\Paths))
