CRITICAL - 2025-08-11 16:04:24 --> Error: Cannot use object of type stdClass as array
[Method: GET, Route: admin/horarios]
in APPPATH\Views\horarios_admin.php on line 161.
 1 SYSTEMPATH\View\View.php(234): include()
 2 SYSTEMPATH\View\View.php(237): CodeIgniter\View\View->CodeIgniter\View\{closure}()
 3 SYSTEMPATH\Common.php(1169): CodeIgniter\View\View->render('horarios_admin', [], true)
 4 APPPATH\Controllers\Horarios.php(244): view('horarios_admin', [...])
 5 SYSTEMPATH\CodeIgniter.php(933): App\Controllers\Horarios->horariosAdmin()
 6 SYSTEMPATH\CodeIgniter.php(509): CodeIgniter\CodeIgniter->runController(Object(App\Controllers\Horarios))
 7 SYSTEMPATH\CodeIgniter.php(355): CodeIgniter\CodeIgniter->handleRequest(null, Object(Config\Cache), false)
 8 SYSTEMPATH\Boot.php(325): CodeIgniter\CodeIgniter->run()
 9 SYSTEMPATH\Boot.php(67): CodeIgniter\Boot::runCodeIgniter(Object(CodeIgniter\CodeIgniter))
10 FCPATH\index.php(57): CodeIgniter\Boot::bootWeb(Object(Config\Paths))
CRITICAL - 2025-08-11 16:04:25 --> Error: Cannot use object of type stdClass as array
[Method: GET, Route: admin/horarios]
in APPPATH\Views\horarios_admin.php on line 161.
 1 SYSTEMPATH\View\View.php(234): include()
 2 SYSTEMPATH\View\View.php(237): CodeIgniter\View\View->CodeIgniter\View\{closure}()
 3 SYSTEMPATH\Common.php(1169): CodeIgniter\View\View->render('horarios_admin', [], true)
 4 APPPATH\Controllers\Horarios.php(244): view('horarios_admin', [...])
 5 SYSTEMPATH\CodeIgniter.php(933): App\Controllers\Horarios->horariosAdmin()
 6 SYSTEMPATH\CodeIgniter.php(509): CodeIgniter\CodeIgniter->runController(Object(App\Controllers\Horarios))
 7 SYSTEMPATH\CodeIgniter.php(355): CodeIgniter\CodeIgniter->handleRequest(null, Object(Config\Cache), false)
 8 SYSTEMPATH\Boot.php(325): CodeIgniter\CodeIgniter->run()
 9 SYSTEMPATH\Boot.php(67): CodeIgniter\Boot::runCodeIgniter(Object(CodeIgniter\CodeIgniter))
10 FCPATH\index.php(57): CodeIgniter\Boot::bootWeb(Object(Config\Paths))
ERROR - 2025-08-11 16:13:40 --> Error al tocar timbre en IP 10.81.11.248: 28 : Connection timed out after 2009 milliseconds
